<?xml version="1.0" encoding="UTF-8"?>
<robot generator="Robot 6.1.1 (Python 3.11.4 on win32)" generated="20240304 12:29:45.061" rpa="false" schemaversion="4">
<suite id="s1" name="Rf Project" source="c:\Users\royha\OneDrive - Hämeen ammattikorkeakoulu\Software Robotics and Automation\SoftwareRoboticsProject\Project files - UiPath Studio, Robot Framework\RobotFramework\rf_project.robot">
<test id="s1-t1" name="Read CSV file to list" line="47">
<kw name="Get File" library="OperatingSystem">
<var>${outputHeader}</var>
<arg>${PATH}InvoiceHeaderData.csv</arg>
<doc>Returns the contents of a specified file.</doc>
<msg timestamp="20240304 12:29:45.132" level="INFO" html="true">Getting file '&lt;a href="file://C:\Users\royha\OneDrive - Hämeen ammattikorkeakoulu\Software Robotics and Automation\SoftwareRoboticsProject\Project files - UiPath Studio, Robot Framework\RobotFramework\InvoiceHeaderData.csv"&gt;C:\Users\royha\OneDrive - Hämeen ammattikorkeakoulu\Software Robotics and Automation\SoftwareRoboticsProject\Project files - UiPath Studio, Robot Framework\RobotFramework\InvoiceHeaderData.csv&lt;/a&gt;'.</msg>
<msg timestamp="20240304 12:29:45.145" level="INFO">${outputHeader} = ﻿InvoiceNumber;CompanyName;ReferenceNumber;InvoiceDate;DueDate;CompanyCode;BankAccoundNumber;AmountExclVAT;VATAmount;TotalAmount
143143;Service Provider Oy;1431432;15.12.2022;07.04.2021;1234567-8;FI12...</msg>
<status status="PASS" starttime="20240304 12:29:45.132" endtime="20240304 12:29:45.145"/>
</kw>
<kw name="Get File" library="OperatingSystem">
<var>${outputRows}</var>
<arg>${PATH}InvoiceRowData.csv</arg>
<doc>Returns the contents of a specified file.</doc>
<msg timestamp="20240304 12:29:45.146" level="INFO" html="true">Getting file '&lt;a href="file://C:\Users\royha\OneDrive - Hämeen ammattikorkeakoulu\Software Robotics and Automation\SoftwareRoboticsProject\Project files - UiPath Studio, Robot Framework\RobotFramework\InvoiceRowData.csv"&gt;C:\Users\royha\OneDrive - Hämeen ammattikorkeakoulu\Software Robotics and Automation\SoftwareRoboticsProject\Project files - UiPath Studio, Robot Framework\RobotFramework\InvoiceRowData.csv&lt;/a&gt;'.</msg>
<msg timestamp="20240304 12:29:45.156" level="INFO">${outputRows} = ﻿Description;Quantity;Unit;UnitPrice;VATPercent;VAT;Total;InvoiceNumber;RowNumber
Installation Services;5;h;60;24;72;372;143143;1
Replacement Products;10;kpl;105;24;252;1302;143143;2
Keyboard Logitech...</msg>
<status status="PASS" starttime="20240304 12:29:45.146" endtime="20240304 12:29:45.156"/>
</kw>
<kw name="Log" library="BuiltIn">
<arg>${outputHeader}</arg>
<doc>Logs the given message with the given level.</doc>
<msg timestamp="20240304 12:29:45.157" level="INFO">﻿InvoiceNumber;CompanyName;ReferenceNumber;InvoiceDate;DueDate;CompanyCode;BankAccoundNumber;AmountExclVAT;VATAmount;TotalAmount
143143;Service Provider Oy;1431432;15.12.2022;07.04.2021;1234567-8;FI12 3456 7890 1234 56;1350;324;1674
1543235;Component Oy;15432359;01.10.2022;15.10.2022;1234567-9;FI05 1234 5600 7891 01;465;111.6;576.6
153143;Service Provider Oy;1531439;15.12.2022;01.04.2021;1234567-8;FI12 3456 7890 1234 56;2700;648;3348
</msg>
<status status="PASS" starttime="20240304 12:29:45.157" endtime="20240304 12:29:45.157"/>
</kw>
<kw name="Log" library="BuiltIn">
<arg>${outputRows}</arg>
<doc>Logs the given message with the given level.</doc>
<msg timestamp="20240304 12:29:45.158" level="INFO">﻿Description;Quantity;Unit;UnitPrice;VATPercent;VAT;Total;InvoiceNumber;RowNumber
Installation Services;5;h;60;24;72;372;143143;1
Replacement Products;10;kpl;105;24;252;1302;143143;2
Keyboard Logitech;10;kpl;40;24;96;496;1543235;1
Brother printer;1;kpl;65;24;15.6;80.6;1543235;2
Installation Services;5;h;60;24;72;372;153143;1
Replacement Products;10;kpl;105;24;252;1302;153143;2
Cleaning Services;5;h;60;24;72;372;153143;3
Cleaning Wipes;10;kpl;105;24;252;1302;153143;4
</msg>
<status status="PASS" starttime="20240304 12:29:45.158" endtime="20240304 12:29:45.158"/>
</kw>
<kw name="Split String" library="String">
<var>@{headers}</var>
<arg>${outputHeader}</arg>
<arg>\n</arg>
<doc>Splits the ``string`` using ``separator`` as a delimiter string.</doc>
<msg timestamp="20240304 12:29:45.159" level="INFO">@{headers} = [ ﻿InvoiceNumber;CompanyName;ReferenceNumber;InvoiceDate;DueDate;CompanyCode;BankAccoundNumber;AmountExclVAT;VATAmount;TotalAmount | 143143;Service Provider Oy;1431432;15.12.2022;07.04.2021;1234567-8;...</msg>
<status status="PASS" starttime="20240304 12:29:45.158" endtime="20240304 12:29:45.159"/>
</kw>
<kw name="Split String" library="String">
<var>@{rows}</var>
<arg>${outputRows}</arg>
<arg>\n</arg>
<doc>Splits the ``string`` using ``separator`` as a delimiter string.</doc>
<msg timestamp="20240304 12:29:45.159" level="INFO">@{rows} = [ ﻿Description;Quantity;Unit;UnitPrice;VATPercent;VAT;Total;InvoiceNumber;RowNumber | Installation Services;5;h;60;24;72;372;143143;1 | Replacement Products;10;kpl;105;24;252;1302;143143;2 | Keyboard ...</msg>
<status status="PASS" starttime="20240304 12:29:45.159" endtime="20240304 12:29:45.159"/>
</kw>
<kw name="Get Length" library="BuiltIn">
<var>${length}</var>
<arg>${headers}</arg>
<doc>Returns and logs the length of the given item as an integer.</doc>
<msg timestamp="20240304 12:29:45.160" level="INFO">Length is 5</msg>
<msg timestamp="20240304 12:29:45.160" level="INFO">${length} = 5</msg>
<status status="PASS" starttime="20240304 12:29:45.160" endtime="20240304 12:29:45.160"/>
</kw>
<kw name="Evaluate" library="BuiltIn">
<var>${length}</var>
<arg>${length}-1</arg>
<doc>Evaluates the given expression in Python and returns the result.</doc>
<msg timestamp="20240304 12:29:45.161" level="INFO">${length} = 4</msg>
<status status="PASS" starttime="20240304 12:29:45.160" endtime="20240304 12:29:45.161"/>
</kw>
<kw name="Convert To Integer" library="BuiltIn">
<var>${index}</var>
<arg>0</arg>
<doc>Converts the given item to an integer number.</doc>
<msg timestamp="20240304 12:29:45.162" level="INFO">${index} = 0</msg>
<status status="PASS" starttime="20240304 12:29:45.161" endtime="20240304 12:29:45.162"/>
</kw>
<kw name="Remove From List" library="Collections">
<arg>${headers}</arg>
<arg>${length}</arg>
<doc>Removes and returns the value specified with an ``index`` from ``list``.</doc>
<status status="PASS" starttime="20240304 12:29:45.162" endtime="20240304 12:29:45.162"/>
</kw>
<kw name="Remove From List" library="Collections">
<arg>${headers}</arg>
<arg>${index}</arg>
<doc>Removes and returns the value specified with an ``index`` from ``list``.</doc>
<status status="PASS" starttime="20240304 12:29:45.162" endtime="20240304 12:29:45.162"/>
</kw>
<kw name="Get Length" library="BuiltIn">
<var>${length}</var>
<arg>${rows}</arg>
<doc>Returns and logs the length of the given item as an integer.</doc>
<msg timestamp="20240304 12:29:45.164" level="INFO">Length is 10</msg>
<msg timestamp="20240304 12:29:45.164" level="INFO">${length} = 10</msg>
<status status="PASS" starttime="20240304 12:29:45.164" endtime="20240304 12:29:45.164"/>
</kw>
<kw name="Evaluate" library="BuiltIn">
<var>${length}</var>
<arg>${length}-1</arg>
<doc>Evaluates the given expression in Python and returns the result.</doc>
<msg timestamp="20240304 12:29:45.165" level="INFO">${length} = 9</msg>
<status status="PASS" starttime="20240304 12:29:45.164" endtime="20240304 12:29:45.165"/>
</kw>
<kw name="Remove From List" library="Collections">
<arg>${rows}</arg>
<arg>${length}</arg>
<doc>Removes and returns the value specified with an ``index`` from ``list``.</doc>
<status status="PASS" starttime="20240304 12:29:45.165" endtime="20240304 12:29:45.165"/>
</kw>
<kw name="Remove From List" library="Collections">
<arg>${rows}</arg>
<arg>${index}</arg>
<doc>Removes and returns the value specified with an ``index`` from ``list``.</doc>
<status status="PASS" starttime="20240304 12:29:45.166" endtime="20240304 12:29:45.166"/>
</kw>
<kw name="Set Global Variable" library="BuiltIn">
<arg>${headers}</arg>
<doc>Makes a variable available globally in all tests and suites.</doc>
<msg timestamp="20240304 12:29:45.167" level="INFO">${headers} = ['143143;Service Provider Oy;1431432;15.12.2022;07.04.2021;1234567-8;FI12 3456 7890 1234 56;1350;324;1674', '1543235;Component Oy;15432359;01.10.2022;15.10.2022;1234567-9;FI05 1234 5600 7891 01;465;11...</msg>
<status status="PASS" starttime="20240304 12:29:45.166" endtime="20240304 12:29:45.167"/>
</kw>
<kw name="Set Global Variable" library="BuiltIn">
<arg>${rows}</arg>
<doc>Makes a variable available globally in all tests and suites.</doc>
<msg timestamp="20240304 12:29:45.168" level="INFO">${rows} = ['Installation Services;5;h;60;24;72;372;143143;1', 'Replacement Products;10;kpl;105;24;252;1302;143143;2', 'Keyboard Logitech;10;kpl;40;24;96;496;1543235;1', 'Brother printer;1;kpl;65;24;15.6;80.6;15...</msg>
<status status="PASS" starttime="20240304 12:29:45.167" endtime="20240304 12:29:45.168"/>
</kw>
<status status="PASS" starttime="20240304 12:29:45.131" endtime="20240304 12:29:45.168"/>
</test>
<test id="s1-t2" name="Loop all invoicerows" line="166">
<for flavor="IN">
<var>${element}</var>
<value>@{rows}</value>
<iter>
<var name="${element}">Installation Services;5;h;60;24;72;372;143143;1</var>
<kw name="Log" library="BuiltIn">
<arg>${element}</arg>
<doc>Logs the given message with the given level.</doc>
<msg timestamp="20240304 12:29:45.170" level="INFO">Installation Services;5;h;60;24;72;372;143143;1</msg>
<status status="PASS" starttime="20240304 12:29:45.170" endtime="20240304 12:29:45.171"/>
</kw>
<kw name="Split String" library="String">
<var>@{items}</var>
<arg>${element}</arg>
<arg>;</arg>
<doc>Splits the ``string`` using ``separator`` as a delimiter string.</doc>
<msg timestamp="20240304 12:29:45.171" level="INFO">@{items} = [ Installation Services | 5 | h | 60 | 24 | 72 | 372 | 143143 | 1 ]</msg>
<status status="PASS" starttime="20240304 12:29:45.171" endtime="20240304 12:29:45.172"/>
</kw>
<kw name="Set Variable" library="BuiltIn">
<var>${rowInvoiceNumber}</var>
<arg>${items}[7]</arg>
<doc>Returns the given values which can then be assigned to a variables.</doc>
<msg timestamp="20240304 12:29:45.172" level="INFO">${rowInvoiceNumber} = 143143</msg>
<status status="PASS" starttime="20240304 12:29:45.172" endtime="20240304 12:29:45.172"/>
</kw>
<kw name="Log" library="BuiltIn">
<arg>${rowInvoiceNumber}</arg>
<doc>Logs the given message with the given level.</doc>
<msg timestamp="20240304 12:29:45.173" level="INFO">143143</msg>
<status status="PASS" starttime="20240304 12:29:45.172" endtime="20240304 12:29:45.173"/>
</kw>
<kw name="Log" library="BuiltIn">
<arg>${InvoiceNumber}</arg>
<doc>Logs the given message with the given level.</doc>
<msg timestamp="20240304 12:29:45.173" level="INFO">empty</msg>
<status status="PASS" starttime="20240304 12:29:45.173" endtime="20240304 12:29:45.173"/>
</kw>
<if>
<branch type="IF" condition="'${rowInvoiceNumber}' == '${InvoiceNumber}'">
<kw name="Log" library="BuiltIn">
<arg>Add rows to the invoice</arg>
<doc>Logs the given message with the given level.</doc>
<status status="NOT RUN" starttime="20240304 12:29:45.174" endtime="20240304 12:29:45.174"/>
</kw>
<kw name="Add Row Data to list">
<arg>${items}</arg>
<status status="NOT RUN" starttime="20240304 12:29:45.174" endtime="20240304 12:29:45.174"/>
</kw>
<status status="NOT RUN" starttime="20240304 12:29:45.173" endtime="20240304 12:29:45.174"/>
</branch>
<branch type="ELSE">
<kw name="Log" library="BuiltIn">
<arg>Need to check if database list already has rows</arg>
<doc>Logs the given message with the given level.</doc>
<msg timestamp="20240304 12:29:45.174" level="INFO">Need to check if database list already has rows</msg>
<status status="PASS" starttime="20240304 12:29:45.174" endtime="20240304 12:29:45.175"/>
</kw>
<kw name="Get Length" library="BuiltIn">
<var>${length}</var>
<arg>${ListToDB}</arg>
<doc>Returns and logs the length of the given item as an integer.</doc>
<msg timestamp="20240304 12:29:45.175" level="INFO">Length is 0</msg>
<msg timestamp="20240304 12:29:45.175" level="INFO">${length} = 0</msg>
<status status="PASS" starttime="20240304 12:29:45.175" endtime="20240304 12:29:45.176"/>
</kw>
<if>
<branch type="IF" condition="${length} == ${0}">
<kw name="Log" library="BuiltIn">
<arg>First invoice case</arg>
<doc>Logs the given message with the given level.</doc>
<msg timestamp="20240304 12:29:45.176" level="INFO">First invoice case</msg>
<status status="PASS" starttime="20240304 12:29:45.176" endtime="20240304 12:29:45.176"/>
</kw>
<kw name="Set Variable" library="BuiltIn">
<var>${InvoiceNumber}</var>
<arg>${rowInvoiceNumber}</arg>
<doc>Returns the given values which can then be assigned to a variables.</doc>
<msg timestamp="20240304 12:29:45.178" level="INFO">${InvoiceNumber} = 143143</msg>
<status status="PASS" starttime="20240304 12:29:45.178" endtime="20240304 12:29:45.178"/>
</kw>
<kw name="Set Global Variable" library="BuiltIn">
<arg>${InvoiceNumber}</arg>
<doc>Makes a variable available globally in all tests and suites.</doc>
<msg timestamp="20240304 12:29:45.178" level="INFO">${InvoiceNumber} = 143143</msg>
<status status="PASS" starttime="20240304 12:29:45.178" endtime="20240304 12:29:45.179"/>
</kw>
<kw name="Add Row Data to list">
<arg>${items}</arg>
<kw name="Create List" library="BuiltIn">
<var>@{AddInvoiceRowData}</var>
<doc>Returns a list containing given items.</doc>
<msg timestamp="20240304 12:29:45.179" level="INFO">@{AddInvoiceRowData} = [ ]</msg>
<status status="PASS" starttime="20240304 12:29:45.179" endtime="20240304 12:29:45.179"/>
</kw>
<kw name="Append To List" library="Collections">
<arg>${AddInvoiceRowData}</arg>
<arg>${InvoiceNumber}</arg>
<doc>Adds ``values`` to the end of ``list``.</doc>
<status status="PASS" starttime="20240304 12:29:45.179" endtime="20240304 12:29:45.179"/>
</kw>
<kw name="Append To List" library="Collections">
<arg>${AddInvoiceRowData}</arg>
<arg>${items}[8]</arg>
<doc>Adds ``values`` to the end of ``list``.</doc>
<status status="PASS" starttime="20240304 12:29:45.180" endtime="20240304 12:29:45.180"/>
</kw>
<kw name="Append To List" library="Collections">
<arg>${AddInvoiceRowData}</arg>
<arg>${items}[0]</arg>
<doc>Adds ``values`` to the end of ``list``.</doc>
<status status="PASS" starttime="20240304 12:29:45.180" endtime="20240304 12:29:45.180"/>
</kw>
<kw name="Append To List" library="Collections">
<arg>${AddInvoiceRowData}</arg>
<arg>${items}[1]</arg>
<doc>Adds ``values`` to the end of ``list``.</doc>
<status status="PASS" starttime="20240304 12:29:45.180" endtime="20240304 12:29:45.181"/>
</kw>
<kw name="Append To List" library="Collections">
<arg>${AddInvoiceRowData}</arg>
<arg>${items}[2]</arg>
<doc>Adds ``values`` to the end of ``list``.</doc>
<status status="PASS" starttime="20240304 12:29:45.181" endtime="20240304 12:29:45.181"/>
</kw>
<kw name="Append To List" library="Collections">
<arg>${AddInvoiceRowData}</arg>
<arg>${items}[3]</arg>
<doc>Adds ``values`` to the end of ``list``.</doc>
<status status="PASS" starttime="20240304 12:29:45.181" endtime="20240304 12:29:45.182"/>
</kw>
<kw name="Append To List" library="Collections">
<arg>${AddInvoiceRowData}</arg>
<arg>${items}[4]</arg>
<doc>Adds ``values`` to the end of ``list``.</doc>
<status status="PASS" starttime="20240304 12:29:45.182" endtime="20240304 12:29:45.182"/>
</kw>
<kw name="Append To List" library="Collections">
<arg>${AddInvoiceRowData}</arg>
<arg>${items}[5]</arg>
<doc>Adds ``values`` to the end of ``list``.</doc>
<status status="PASS" starttime="20240304 12:29:45.182" endtime="20240304 12:29:45.183"/>
</kw>
<kw name="Append To List" library="Collections">
<arg>${AddInvoiceRowData}</arg>
<arg>${items}[6]</arg>
<doc>Adds ``values`` to the end of ``list``.</doc>
<status status="PASS" starttime="20240304 12:29:45.183" endtime="20240304 12:29:45.183"/>
</kw>
<kw name="Append To List" library="Collections">
<arg>${ListToDB}</arg>
<arg>${AddInvoiceRowData}</arg>
<doc>Adds ``values`` to the end of ``list``.</doc>
<status status="PASS" starttime="20240304 12:29:45.183" endtime="20240304 12:29:45.184"/>
</kw>
<status status="PASS" starttime="20240304 12:29:45.179" endtime="20240304 12:29:45.184"/>
</kw>
<status status="PASS" starttime="20240304 12:29:45.176" endtime="20240304 12:29:45.184"/>
</branch>
<branch type="ELSE">
<kw name="Log" library="BuiltIn">
<arg>Invoice changes, need to also process header data</arg>
<doc>Logs the given message with the given level.</doc>
<status status="NOT RUN" starttime="20240304 12:29:45.184" endtime="20240304 12:29:45.184"/>
</kw>
<for flavor="IN">
<var>${headerElement}</var>
<value>@{headers}</value>
<iter>
<var name="${headerElement}"/>
<kw name="Split String" library="String">
<var>${headerItems}</var>
<arg>${headerElement}</arg>
<arg>;</arg>
<doc>Splits the ``string`` using ``separator`` as a delimiter string.</doc>
<status status="NOT RUN" starttime="20240304 12:29:45.185" endtime="20240304 12:29:45.185"/>
</kw>
<if>
<branch type="IF" condition="'${headerItems}[0]' == '${InvoiceNumber}'">
<kw name="Log" library="BuiltIn">
<arg>Invoice found</arg>
<doc>Logs the given message with the given level.</doc>
<status status="NOT RUN" starttime="20240304 12:29:45.185" endtime="20240304 12:29:45.185"/>
</kw>
<kw name="Add Invoice Header to DB">
<arg>${headerItems}</arg>
<arg>${ListToDB}</arg>
<status status="NOT RUN" starttime="20240304 12:29:45.186" endtime="20240304 12:29:45.186"/>
</kw>
<for flavor="IN">
<var>${rowElement}</var>
<value>@{ListToDB}</value>
<iter>
<var name="${rowElement}"/>
<kw name="Add Invoice Row To DB">
<arg>${rowElement}</arg>
<status status="NOT RUN" starttime="20240304 12:29:45.186" endtime="20240304 12:29:45.186"/>
</kw>
<status status="NOT RUN" starttime="20240304 12:29:45.186" endtime="20240304 12:29:45.186"/>
</iter>
<status status="NOT RUN" starttime="20240304 12:29:45.186" endtime="20240304 12:29:45.186"/>
</for>
<status status="NOT RUN" starttime="20240304 12:29:45.185" endtime="20240304 12:29:45.188"/>
</branch>
<status status="NOT RUN" starttime="20240304 12:29:45.185" endtime="20240304 12:29:45.188"/>
</if>
<status status="NOT RUN" starttime="20240304 12:29:45.185" endtime="20240304 12:29:45.188"/>
</iter>
<status status="NOT RUN" starttime="20240304 12:29:45.184" endtime="20240304 12:29:45.188"/>
</for>
<kw name="Create List" library="BuiltIn">
<var>@{ListToDB}</var>
<doc>Returns a list containing given items.</doc>
<status status="NOT RUN" starttime="20240304 12:29:45.188" endtime="20240304 12:29:45.188"/>
</kw>
<kw name="Set Global Variable" library="BuiltIn">
<arg>${ListToDB}</arg>
<doc>Makes a variable available globally in all tests and suites.</doc>
<status status="NOT RUN" starttime="20240304 12:29:45.188" endtime="20240304 12:29:45.188"/>
</kw>
<kw name="Set Variable" library="BuiltIn">
<var>${InvoiceNumber}</var>
<arg>${rowInvoiceNumber}</arg>
<doc>Returns the given values which can then be assigned to a variables.</doc>
<status status="NOT RUN" starttime="20240304 12:29:45.189" endtime="20240304 12:29:45.189"/>
</kw>
<kw name="Set Global Variable" library="BuiltIn">
<arg>${InvoiceNumber}</arg>
<doc>Makes a variable available globally in all tests and suites.</doc>
<status status="NOT RUN" starttime="20240304 12:29:45.189" endtime="20240304 12:29:45.189"/>
</kw>
<kw name="Add Row Data to list">
<arg>${items}</arg>
<status status="NOT RUN" starttime="20240304 12:29:45.189" endtime="20240304 12:29:45.189"/>
</kw>
<status status="NOT RUN" starttime="20240304 12:29:45.184" endtime="20240304 12:29:45.189"/>
</branch>
<status status="PASS" starttime="20240304 12:29:45.176" endtime="20240304 12:29:45.189"/>
</if>
<status status="PASS" starttime="20240304 12:29:45.174" endtime="20240304 12:29:45.189"/>
</branch>
<status status="PASS" starttime="20240304 12:29:45.173" endtime="20240304 12:29:45.190"/>
</if>
<status status="PASS" starttime="20240304 12:29:45.170" endtime="20240304 12:29:45.190"/>
</iter>
<iter>
<var name="${element}">Replacement Products;10;kpl;105;24;252;1302;143143;2</var>
<kw name="Log" library="BuiltIn">
<arg>${element}</arg>
<doc>Logs the given message with the given level.</doc>
<msg timestamp="20240304 12:29:45.190" level="INFO">Replacement Products;10;kpl;105;24;252;1302;143143;2</msg>
<status status="PASS" starttime="20240304 12:29:45.190" endtime="20240304 12:29:45.190"/>
</kw>
<kw name="Split String" library="String">
<var>@{items}</var>
<arg>${element}</arg>
<arg>;</arg>
<doc>Splits the ``string`` using ``separator`` as a delimiter string.</doc>
<msg timestamp="20240304 12:29:45.191" level="INFO">@{items} = [ Replacement Products | 10 | kpl | 105 | 24 | 252 | 1302 | 143143 | 2 ]</msg>
<status status="PASS" starttime="20240304 12:29:45.191" endtime="20240304 12:29:45.191"/>
</kw>
<kw name="Set Variable" library="BuiltIn">
<var>${rowInvoiceNumber}</var>
<arg>${items}[7]</arg>
<doc>Returns the given values which can then be assigned to a variables.</doc>
<msg timestamp="20240304 12:29:45.192" level="INFO">${rowInvoiceNumber} = 143143</msg>
<status status="PASS" starttime="20240304 12:29:45.191" endtime="20240304 12:29:45.192"/>
</kw>
<kw name="Log" library="BuiltIn">
<arg>${rowInvoiceNumber}</arg>
<doc>Logs the given message with the given level.</doc>
<msg timestamp="20240304 12:29:45.192" level="INFO">143143</msg>
<status status="PASS" starttime="20240304 12:29:45.192" endtime="20240304 12:29:45.192"/>
</kw>
<kw name="Log" library="BuiltIn">
<arg>${InvoiceNumber}</arg>
<doc>Logs the given message with the given level.</doc>
<msg timestamp="20240304 12:29:45.192" level="INFO">143143</msg>
<status status="PASS" starttime="20240304 12:29:45.192" endtime="20240304 12:29:45.192"/>
</kw>
<if>
<branch type="IF" condition="'${rowInvoiceNumber}' == '${InvoiceNumber}'">
<kw name="Log" library="BuiltIn">
<arg>Add rows to the invoice</arg>
<doc>Logs the given message with the given level.</doc>
<msg timestamp="20240304 12:29:45.193" level="INFO">Add rows to the invoice</msg>
<status status="PASS" starttime="20240304 12:29:45.193" endtime="20240304 12:29:45.193"/>
</kw>
<kw name="Add Row Data to list">
<arg>${items}</arg>
<kw name="Create List" library="BuiltIn">
<var>@{AddInvoiceRowData}</var>
<doc>Returns a list containing given items.</doc>
<msg timestamp="20240304 12:29:45.193" level="INFO">@{AddInvoiceRowData} = [ ]</msg>
<status status="PASS" starttime="20240304 12:29:45.193" endtime="20240304 12:29:45.193"/>
</kw>
<kw name="Append To List" library="Collections">
<arg>${AddInvoiceRowData}</arg>
<arg>${InvoiceNumber}</arg>
<doc>Adds ``values`` to the end of ``list``.</doc>
<status status="PASS" starttime="20240304 12:29:45.194" endtime="20240304 12:29:45.194"/>
</kw>
<kw name="Append To List" library="Collections">
<arg>${AddInvoiceRowData}</arg>
<arg>${items}[8]</arg>
<doc>Adds ``values`` to the end of ``list``.</doc>
<status status="PASS" starttime="20240304 12:29:45.194" endtime="20240304 12:29:45.194"/>
</kw>
<kw name="Append To List" library="Collections">
<arg>${AddInvoiceRowData}</arg>
<arg>${items}[0]</arg>
<doc>Adds ``values`` to the end of ``list``.</doc>
<status status="PASS" starttime="20240304 12:29:45.194" endtime="20240304 12:29:45.194"/>
</kw>
<kw name="Append To List" library="Collections">
<arg>${AddInvoiceRowData}</arg>
<arg>${items}[1]</arg>
<doc>Adds ``values`` to the end of ``list``.</doc>
<status status="PASS" starttime="20240304 12:29:45.194" endtime="20240304 12:29:45.195"/>
</kw>
<kw name="Append To List" library="Collections">
<arg>${AddInvoiceRowData}</arg>
<arg>${items}[2]</arg>
<doc>Adds ``values`` to the end of ``list``.</doc>
<status status="PASS" starttime="20240304 12:29:45.195" endtime="20240304 12:29:45.195"/>
</kw>
<kw name="Append To List" library="Collections">
<arg>${AddInvoiceRowData}</arg>
<arg>${items}[3]</arg>
<doc>Adds ``values`` to the end of ``list``.</doc>
<status status="PASS" starttime="20240304 12:29:45.195" endtime="20240304 12:29:45.195"/>
</kw>
<kw name="Append To List" library="Collections">
<arg>${AddInvoiceRowData}</arg>
<arg>${items}[4]</arg>
<doc>Adds ``values`` to the end of ``list``.</doc>
<status status="PASS" starttime="20240304 12:29:45.195" endtime="20240304 12:29:45.196"/>
</kw>
<kw name="Append To List" library="Collections">
<arg>${AddInvoiceRowData}</arg>
<arg>${items}[5]</arg>
<doc>Adds ``values`` to the end of ``list``.</doc>
<status status="PASS" starttime="20240304 12:29:45.196" endtime="20240304 12:29:45.196"/>
</kw>
<kw name="Append To List" library="Collections">
<arg>${AddInvoiceRowData}</arg>
<arg>${items}[6]</arg>
<doc>Adds ``values`` to the end of ``list``.</doc>
<status status="PASS" starttime="20240304 12:29:45.196" endtime="20240304 12:29:45.196"/>
</kw>
<kw name="Append To List" library="Collections">
<arg>${ListToDB}</arg>
<arg>${AddInvoiceRowData}</arg>
<doc>Adds ``values`` to the end of ``list``.</doc>
<status status="PASS" starttime="20240304 12:29:45.196" endtime="20240304 12:29:45.197"/>
</kw>
<status status="PASS" starttime="20240304 12:29:45.193" endtime="20240304 12:29:45.197"/>
</kw>
<status status="PASS" starttime="20240304 12:29:45.192" endtime="20240304 12:29:45.197"/>
</branch>
<branch type="ELSE">
<kw name="Log" library="BuiltIn">
<arg>Need to check if database list already has rows</arg>
<doc>Logs the given message with the given level.</doc>
<status status="NOT RUN" starttime="20240304 12:29:45.197" endtime="20240304 12:29:45.197"/>
</kw>
<kw name="Get Length" library="BuiltIn">
<var>${length}</var>
<arg>${ListToDB}</arg>
<doc>Returns and logs the length of the given item as an integer.</doc>
<status status="NOT RUN" starttime="20240304 12:29:45.197" endtime="20240304 12:29:45.197"/>
</kw>
<if>
<branch type="IF" condition="${length} == ${0}">
<kw name="Log" library="BuiltIn">
<arg>First invoice case</arg>
<doc>Logs the given message with the given level.</doc>
<status status="NOT RUN" starttime="20240304 12:29:45.197" endtime="20240304 12:29:45.197"/>
</kw>
<kw name="Set Variable" library="BuiltIn">
<var>${InvoiceNumber}</var>
<arg>${rowInvoiceNumber}</arg>
<doc>Returns the given values which can then be assigned to a variables.</doc>
<status status="NOT RUN" starttime="20240304 12:29:45.197" endtime="20240304 12:29:45.198"/>
</kw>
<kw name="Set Global Variable" library="BuiltIn">
<arg>${InvoiceNumber}</arg>
<doc>Makes a variable available globally in all tests and suites.</doc>
<status status="NOT RUN" starttime="20240304 12:29:45.198" endtime="20240304 12:29:45.198"/>
</kw>
<kw name="Add Row Data to list">
<arg>${items}</arg>
<status status="NOT RUN" starttime="20240304 12:29:45.198" endtime="20240304 12:29:45.198"/>
</kw>
<status status="NOT RUN" starttime="20240304 12:29:45.197" endtime="20240304 12:29:45.198"/>
</branch>
<branch type="ELSE">
<kw name="Log" library="BuiltIn">
<arg>Invoice changes, need to also process header data</arg>
<doc>Logs the given message with the given level.</doc>
<status status="NOT RUN" starttime="20240304 12:29:45.198" endtime="20240304 12:29:45.198"/>
</kw>
<for flavor="IN">
<var>${headerElement}</var>
<value>@{headers}</value>
<iter>
<var name="${headerElement}"/>
<kw name="Split String" library="String">
<var>${headerItems}</var>
<arg>${headerElement}</arg>
<arg>;</arg>
<doc>Splits the ``string`` using ``separator`` as a delimiter string.</doc>
<status status="NOT RUN" starttime="20240304 12:29:45.200" endtime="20240304 12:29:45.200"/>
</kw>
<if>
<branch type="IF" condition="'${headerItems}[0]' == '${InvoiceNumber}'">
<kw name="Log" library="BuiltIn">
<arg>Invoice found</arg>
<doc>Logs the given message with the given level.</doc>
<status status="NOT RUN" starttime="20240304 12:29:45.200" endtime="20240304 12:29:45.200"/>
</kw>
<kw name="Add Invoice Header to DB">
<arg>${headerItems}</arg>
<arg>${ListToDB}</arg>
<status status="NOT RUN" starttime="20240304 12:29:45.200" endtime="20240304 12:29:45.200"/>
</kw>
<for flavor="IN">
<var>${rowElement}</var>
<value>@{ListToDB}</value>
<iter>
<var name="${rowElement}"/>
<kw name="Add Invoice Row To DB">
<arg>${rowElement}</arg>
<status status="NOT RUN" starttime="20240304 12:29:45.201" endtime="20240304 12:29:45.201"/>
</kw>
<status status="NOT RUN" starttime="20240304 12:29:45.201" endtime="20240304 12:29:45.201"/>
</iter>
<status status="NOT RUN" starttime="20240304 12:29:45.200" endtime="20240304 12:29:45.201"/>
</for>
<status status="NOT RUN" starttime="20240304 12:29:45.200" endtime="20240304 12:29:45.201"/>
</branch>
<status status="NOT RUN" starttime="20240304 12:29:45.200" endtime="20240304 12:29:45.201"/>
</if>
<status status="NOT RUN" starttime="20240304 12:29:45.200" endtime="20240304 12:29:45.201"/>
</iter>
<status status="NOT RUN" starttime="20240304 12:29:45.200" endtime="20240304 12:29:45.201"/>
</for>
<kw name="Create List" library="BuiltIn">
<var>@{ListToDB}</var>
<doc>Returns a list containing given items.</doc>
<status status="NOT RUN" starttime="20240304 12:29:45.201" endtime="20240304 12:29:45.201"/>
</kw>
<kw name="Set Global Variable" library="BuiltIn">
<arg>${ListToDB}</arg>
<doc>Makes a variable available globally in all tests and suites.</doc>
<status status="NOT RUN" starttime="20240304 12:29:45.201" endtime="20240304 12:29:45.202"/>
</kw>
<kw name="Set Variable" library="BuiltIn">
<var>${InvoiceNumber}</var>
<arg>${rowInvoiceNumber}</arg>
<doc>Returns the given values which can then be assigned to a variables.</doc>
<status status="NOT RUN" starttime="20240304 12:29:45.202" endtime="20240304 12:29:45.202"/>
</kw>
<kw name="Set Global Variable" library="BuiltIn">
<arg>${InvoiceNumber}</arg>
<doc>Makes a variable available globally in all tests and suites.</doc>
<status status="NOT RUN" starttime="20240304 12:29:45.202" endtime="20240304 12:29:45.202"/>
</kw>
<kw name="Add Row Data to list">
<arg>${items}</arg>
<status status="NOT RUN" starttime="20240304 12:29:45.202" endtime="20240304 12:29:45.202"/>
</kw>
<status status="NOT RUN" starttime="20240304 12:29:45.198" endtime="20240304 12:29:45.202"/>
</branch>
<status status="NOT RUN" starttime="20240304 12:29:45.197" endtime="20240304 12:29:45.202"/>
</if>
<status status="NOT RUN" starttime="20240304 12:29:45.197" endtime="20240304 12:29:45.202"/>
</branch>
<status status="PASS" starttime="20240304 12:29:45.192" endtime="20240304 12:29:45.202"/>
</if>
<status status="PASS" starttime="20240304 12:29:45.190" endtime="20240304 12:29:45.202"/>
</iter>
<iter>
<var name="${element}">Keyboard Logitech;10;kpl;40;24;96;496;1543235;1</var>
<kw name="Log" library="BuiltIn">
<arg>${element}</arg>
<doc>Logs the given message with the given level.</doc>
<msg timestamp="20240304 12:29:45.203" level="INFO">Keyboard Logitech;10;kpl;40;24;96;496;1543235;1</msg>
<status status="PASS" starttime="20240304 12:29:45.203" endtime="20240304 12:29:45.203"/>
</kw>
<kw name="Split String" library="String">
<var>@{items}</var>
<arg>${element}</arg>
<arg>;</arg>
<doc>Splits the ``string`` using ``separator`` as a delimiter string.</doc>
<msg timestamp="20240304 12:29:45.203" level="INFO">@{items} = [ Keyboard Logitech | 10 | kpl | 40 | 24 | 96 | 496 | 1543235 | 1 ]</msg>
<status status="PASS" starttime="20240304 12:29:45.203" endtime="20240304 12:29:45.204"/>
</kw>
<kw name="Set Variable" library="BuiltIn">
<var>${rowInvoiceNumber}</var>
<arg>${items}[7]</arg>
<doc>Returns the given values which can then be assigned to a variables.</doc>
<msg timestamp="20240304 12:29:45.204" level="INFO">${rowInvoiceNumber} = 1543235</msg>
<status status="PASS" starttime="20240304 12:29:45.204" endtime="20240304 12:29:45.204"/>
</kw>
<kw name="Log" library="BuiltIn">
<arg>${rowInvoiceNumber}</arg>
<doc>Logs the given message with the given level.</doc>
<msg timestamp="20240304 12:29:45.204" level="INFO">1543235</msg>
<status status="PASS" starttime="20240304 12:29:45.204" endtime="20240304 12:29:45.204"/>
</kw>
<kw name="Log" library="BuiltIn">
<arg>${InvoiceNumber}</arg>
<doc>Logs the given message with the given level.</doc>
<msg timestamp="20240304 12:29:45.205" level="INFO">143143</msg>
<status status="PASS" starttime="20240304 12:29:45.204" endtime="20240304 12:29:45.205"/>
</kw>
<if>
<branch type="IF" condition="'${rowInvoiceNumber}' == '${InvoiceNumber}'">
<kw name="Log" library="BuiltIn">
<arg>Add rows to the invoice</arg>
<doc>Logs the given message with the given level.</doc>
<status status="NOT RUN" starttime="20240304 12:29:45.205" endtime="20240304 12:29:45.205"/>
</kw>
<kw name="Add Row Data to list">
<arg>${items}</arg>
<status status="NOT RUN" starttime="20240304 12:29:45.205" endtime="20240304 12:29:45.205"/>
</kw>
<status status="NOT RUN" starttime="20240304 12:29:45.205" endtime="20240304 12:29:45.205"/>
</branch>
<branch type="ELSE">
<kw name="Log" library="BuiltIn">
<arg>Need to check if database list already has rows</arg>
<doc>Logs the given message with the given level.</doc>
<msg timestamp="20240304 12:29:45.206" level="INFO">Need to check if database list already has rows</msg>
<status status="PASS" starttime="20240304 12:29:45.206" endtime="20240304 12:29:45.206"/>
</kw>
<kw name="Get Length" library="BuiltIn">
<var>${length}</var>
<arg>${ListToDB}</arg>
<doc>Returns and logs the length of the given item as an integer.</doc>
<msg timestamp="20240304 12:29:45.206" level="INFO">Length is 2</msg>
<msg timestamp="20240304 12:29:45.206" level="INFO">${length} = 2</msg>
<status status="PASS" starttime="20240304 12:29:45.206" endtime="20240304 12:29:45.206"/>
</kw>
<if>
<branch type="IF" condition="${length} == ${0}">
<kw name="Log" library="BuiltIn">
<arg>First invoice case</arg>
<doc>Logs the given message with the given level.</doc>
<status status="NOT RUN" starttime="20240304 12:29:45.207" endtime="20240304 12:29:45.207"/>
</kw>
<kw name="Set Variable" library="BuiltIn">
<var>${InvoiceNumber}</var>
<arg>${rowInvoiceNumber}</arg>
<doc>Returns the given values which can then be assigned to a variables.</doc>
<status status="NOT RUN" starttime="20240304 12:29:45.207" endtime="20240304 12:29:45.207"/>
</kw>
<kw name="Set Global Variable" library="BuiltIn">
<arg>${InvoiceNumber}</arg>
<doc>Makes a variable available globally in all tests and suites.</doc>
<status status="NOT RUN" starttime="20240304 12:29:45.207" endtime="20240304 12:29:45.207"/>
</kw>
<kw name="Add Row Data to list">
<arg>${items}</arg>
<status status="NOT RUN" starttime="20240304 12:29:45.207" endtime="20240304 12:29:45.208"/>
</kw>
<status status="NOT RUN" starttime="20240304 12:29:45.206" endtime="20240304 12:29:45.208"/>
</branch>
<branch type="ELSE">
<kw name="Log" library="BuiltIn">
<arg>Invoice changes, need to also process header data</arg>
<doc>Logs the given message with the given level.</doc>
<msg timestamp="20240304 12:29:45.208" level="INFO">Invoice changes, need to also process header data</msg>
<status status="PASS" starttime="20240304 12:29:45.208" endtime="20240304 12:29:45.209"/>
</kw>
<for flavor="IN">
<var>${headerElement}</var>
<value>@{headers}</value>
<iter>
<var name="${headerElement}">143143;Service Provider Oy;1431432;15.12.2022;07.04.2021;1234567-8;FI12 3456 7890 1234 56;1350;324;1674</var>
<kw name="Split String" library="String">
<var>${headerItems}</var>
<arg>${headerElement}</arg>
<arg>;</arg>
<doc>Splits the ``string`` using ``separator`` as a delimiter string.</doc>
<msg timestamp="20240304 12:29:45.209" level="INFO">${headerItems} = ['143143', 'Service Provider Oy', '1431432', '15.12.2022', '07.04.2021', '1234567-8', 'FI12 3456 7890 1234 56', '1350', '324', '1674']</msg>
<status status="PASS" starttime="20240304 12:29:45.209" endtime="20240304 12:29:45.209"/>
</kw>
<if>
<branch type="IF" condition="'${headerItems}[0]' == '${InvoiceNumber}'">
<kw name="Log" library="BuiltIn">
<arg>Invoice found</arg>
<doc>Logs the given message with the given level.</doc>
<msg timestamp="20240304 12:29:45.210" level="INFO">Invoice found</msg>
<status status="PASS" starttime="20240304 12:29:45.210" endtime="20240304 12:29:45.210"/>
</kw>
<kw name="Add Invoice Header to DB">
<arg>${headerItems}</arg>
<arg>${ListToDB}</arg>
<kw name="Make Connection">
<arg>${dbname}</arg>
<kw name="Connect To Database" library="DatabaseLibrary">
<arg>pymysql</arg>
<arg>${dbtoconnect}</arg>
<arg>${dbuser}</arg>
<arg>${dbpass}</arg>
<arg>${dbhost}</arg>
<arg>${dbport}</arg>
<doc>Loads the DB API 2.0 module given `dbapiModuleName` then uses it to
connect to the database using `dbName`, `dbUsername`, and `dbPassword`.</doc>
<msg timestamp="20240304 12:29:45.500" level="INFO">Connecting using : pymysql.connect(db=rpa, user=robotuser, passwd=***, host=localhost, port=3306, charset=None) </msg>
<status status="PASS" starttime="20240304 12:29:45.211" endtime="20240304 12:29:45.510"/>
</kw>
<status status="PASS" starttime="20240304 12:29:45.210" endtime="20240304 12:29:45.511"/>
</kw>
<kw name="Convert Date" library="DateTime">
<var>${invoiceDate}</var>
<arg>${items}[3]</arg>
<arg>date_format=%d.%m.%Y</arg>
<arg>result_format=%Y-%m-%d</arg>
<doc>Converts between supported `date formats`.</doc>
<msg timestamp="20240304 12:29:45.515" level="INFO">${invoiceDate} = 2022-12-15</msg>
<status status="PASS" starttime="20240304 12:29:45.511" endtime="20240304 12:29:45.515"/>
</kw>
<kw name="Convert Date" library="DateTime">
<var>${dueDate}</var>
<arg>${items}[4]</arg>
<arg>date_format=%d.%m.%Y</arg>
<arg>result_format=%Y-%m-%d</arg>
<doc>Converts between supported `date formats`.</doc>
<msg timestamp="20240304 12:29:45.516" level="INFO">${dueDate} = 2021-04-07</msg>
<status status="PASS" starttime="20240304 12:29:45.515" endtime="20240304 12:29:45.516"/>
</kw>
<kw name="Set Variable" library="BuiltIn">
<var>${InvoiceStatus}</var>
<arg>0</arg>
<doc>Returns the given values which can then be assigned to a variables.</doc>
<msg timestamp="20240304 12:29:45.516" level="INFO">${InvoiceStatus} = 0</msg>
<status status="PASS" starttime="20240304 12:29:45.516" endtime="20240304 12:29:45.516"/>
</kw>
<kw name="Set Variable" library="BuiltIn">
<var>${InvoiceComment}</var>
<arg>All OK</arg>
<doc>Returns the given values which can then be assigned to a variables.</doc>
<msg timestamp="20240304 12:29:45.517" level="INFO">${InvoiceComment} = All OK</msg>
<status status="PASS" starttime="20240304 12:29:45.516" endtime="20240304 12:29:45.517"/>
</kw>
<kw name="Is Reference Correct" library="validation">
<var>${refStatus}</var>
<arg>${items}[2]</arg>
<msg timestamp="20240304 12:29:45.517" level="INFO">${refStatus} = True</msg>
<status status="PASS" starttime="20240304 12:29:45.517" endtime="20240304 12:29:45.517"/>
</kw>
<if>
<branch type="IF" condition="not ${refStatus}">
<kw name="Set Variable" library="BuiltIn">
<var>${InvoiceStatus}</var>
<arg>1</arg>
<doc>Returns the given values which can then be assigned to a variables.</doc>
<status status="NOT RUN" starttime="20240304 12:29:45.517" endtime="20240304 12:29:45.518"/>
</kw>
<kw name="Set Variable" library="BuiltIn">
<var>${InvoiceComment}</var>
<arg>Reference number error</arg>
<doc>Returns the given values which can then be assigned to a variables.</doc>
<status status="NOT RUN" starttime="20240304 12:29:45.518" endtime="20240304 12:29:45.518"/>
</kw>
<status status="NOT RUN" starttime="20240304 12:29:45.517" endtime="20240304 12:29:45.518"/>
</branch>
<status status="PASS" starttime="20240304 12:29:45.517" endtime="20240304 12:29:45.518"/>
</if>
<kw name="Check IBAN">
<var>${ibanStatus}</var>
<arg>${items}[6]</arg>
<kw name="Remove String" library="String">
<var>${iban}</var>
<arg>${iban}</arg>
<arg>${SPACE}</arg>
<doc>Removes all ``removables`` from the given ``string``.</doc>
<msg timestamp="20240304 12:29:45.519" level="INFO">${iban} = FI1234567890123456</msg>
<status status="PASS" starttime="20240304 12:29:45.518" endtime="20240304 12:29:45.519"/>
</kw>
<kw name="Set Variable" library="BuiltIn">
<var>${status}</var>
<arg>${False}</arg>
<doc>Returns the given values which can then be assigned to a variables.</doc>
<msg timestamp="20240304 12:29:45.519" level="INFO">${status} = False</msg>
<status status="PASS" starttime="20240304 12:29:45.519" endtime="20240304 12:29:45.519"/>
</kw>
<kw name="Get Length" library="BuiltIn">
<var>${length}</var>
<arg>${iban}</arg>
<doc>Returns and logs the length of the given item as an integer.</doc>
<msg timestamp="20240304 12:29:45.519" level="INFO">Length is 18</msg>
<msg timestamp="20240304 12:29:45.520" level="INFO">${length} = 18</msg>
<status status="PASS" starttime="20240304 12:29:45.519" endtime="20240304 12:29:45.520"/>
</kw>
<if>
<branch type="IF" condition="${length} == 18">
<kw name="Set Variable" library="BuiltIn">
<var>${status}</var>
<arg>${True}</arg>
<doc>Returns the given values which can then be assigned to a variables.</doc>
<msg timestamp="20240304 12:29:45.520" level="INFO">${status} = True</msg>
<status status="PASS" starttime="20240304 12:29:45.520" endtime="20240304 12:29:45.520"/>
</kw>
<status status="PASS" starttime="20240304 12:29:45.520" endtime="20240304 12:29:45.520"/>
</branch>
<status status="PASS" starttime="20240304 12:29:45.520" endtime="20240304 12:29:45.520"/>
</if>
<msg timestamp="20240304 12:29:45.521" level="INFO">${ibanStatus} = True</msg>
<status status="PASS" starttime="20240304 12:29:45.518" endtime="20240304 12:29:45.521"/>
</kw>
<if>
<branch type="IF" condition="not ${ibanStatus}">
<kw name="Set Variable" library="BuiltIn">
<var>${InvoiceStatus}</var>
<arg>2</arg>
<doc>Returns the given values which can then be assigned to a variables.</doc>
<status status="NOT RUN" starttime="20240304 12:29:45.521" endtime="20240304 12:29:45.521"/>
</kw>
<kw name="Set Variable" library="BuiltIn">
<var>${InvoiceComment}</var>
<arg>IBAN number error</arg>
<doc>Returns the given values which can then be assigned to a variables.</doc>
<status status="NOT RUN" starttime="20240304 12:29:45.521" endtime="20240304 12:29:45.521"/>
</kw>
<status status="NOT RUN" starttime="20240304 12:29:45.521" endtime="20240304 12:29:45.521"/>
</branch>
<status status="PASS" starttime="20240304 12:29:45.521" endtime="20240304 12:29:45.521"/>
</if>
<kw name="Check Amounts From Invoice">
<var>${sumStatus}</var>
<arg>${items}[9]</arg>
<arg>${rows}</arg>
<kw name="Set Variable" library="BuiltIn">
<var>${status}</var>
<arg>${False}</arg>
<doc>Returns the given values which can then be assigned to a variables.</doc>
<msg timestamp="20240304 12:29:45.522" level="INFO">${status} = False</msg>
<status status="PASS" starttime="20240304 12:29:45.522" endtime="20240304 12:29:45.522"/>
</kw>
<kw name="Evaluate" library="BuiltIn">
<var>${totalAmountFromRows}</var>
<arg>0</arg>
<doc>Evaluates the given expression in Python and returns the result.</doc>
<msg timestamp="20240304 12:29:45.522" level="INFO">${totalAmountFromRows} = 0</msg>
<status status="PASS" starttime="20240304 12:29:45.522" endtime="20240304 12:29:45.522"/>
</kw>
<for flavor="IN">
<var>${element}</var>
<value>@{invoiceRows}</value>
<iter>
<var name="${element}">['143143', '1', 'Installation Services', '5', 'h', '60', '24', '72', '372']</var>
<kw name="Evaluate" library="BuiltIn">
<var>${totalAmountFromRows}</var>
<arg>${totalAmountFromRows}+${element}[8]</arg>
<doc>Evaluates the given expression in Python and returns the result.</doc>
<msg timestamp="20240304 12:29:45.523" level="INFO">${totalAmountFromRows} = 372</msg>
<status status="PASS" starttime="20240304 12:29:45.523" endtime="20240304 12:29:45.523"/>
</kw>
<status status="PASS" starttime="20240304 12:29:45.523" endtime="20240304 12:29:45.523"/>
</iter>
<iter>
<var name="${element}">['143143', '2', 'Replacement Products', '10', 'kpl', '105', '24', '252', '1302']</var>
<kw name="Evaluate" library="BuiltIn">
<var>${totalAmountFromRows}</var>
<arg>${totalAmountFromRows}+${element}[8]</arg>
<doc>Evaluates the given expression in Python and returns the result.</doc>
<msg timestamp="20240304 12:29:45.523" level="INFO">${totalAmountFromRows} = 1674</msg>
<status status="PASS" starttime="20240304 12:29:45.523" endtime="20240304 12:29:45.523"/>
</kw>
<status status="PASS" starttime="20240304 12:29:45.523" endtime="20240304 12:29:45.523"/>
</iter>
<status status="PASS" starttime="20240304 12:29:45.522" endtime="20240304 12:29:45.523"/>
</for>
<kw name="Convert To Number" library="BuiltIn">
<var>${diff}</var>
<arg>0.01</arg>
<doc>Converts the given item to a floating point number.</doc>
<msg timestamp="20240304 12:29:45.524" level="INFO">${diff} = 0.01</msg>
<status status="PASS" starttime="20240304 12:29:45.524" endtime="20240304 12:29:45.524"/>
</kw>
<kw name="Convert To Number" library="BuiltIn">
<var>${totalSumFromHeader}</var>
<arg>${totalSumFromHeader}</arg>
<doc>Converts the given item to a floating point number.</doc>
<msg timestamp="20240304 12:29:45.524" level="INFO">${totalSumFromHeader} = 1674.0</msg>
<status status="PASS" starttime="20240304 12:29:45.524" endtime="20240304 12:29:45.524"/>
</kw>
<kw name="Convert To Number" library="BuiltIn">
<var>${totalAmountFromRows}</var>
<arg>${totalAmountFromRows}</arg>
<doc>Converts the given item to a floating point number.</doc>
<msg timestamp="20240304 12:29:45.524" level="INFO">${totalAmountFromRows} = 1674.0</msg>
<status status="PASS" starttime="20240304 12:29:45.524" endtime="20240304 12:29:45.524"/>
</kw>
<kw name="Is Equal" library="validation">
<var>${status}</var>
<arg>${totalSumFromHeader}</arg>
<arg>${totalAmountFromRows}</arg>
<arg>${diff}</arg>
<msg timestamp="20240304 12:29:45.526" level="INFO">${status} = True</msg>
<status status="PASS" starttime="20240304 12:29:45.524" endtime="20240304 12:29:45.526"/>
</kw>
<msg timestamp="20240304 12:29:45.526" level="INFO">${sumStatus} = True</msg>
<status status="PASS" starttime="20240304 12:29:45.521" endtime="20240304 12:29:45.526"/>
</kw>
<if>
<branch type="IF" condition="not ${sumStatus}">
<kw name="Set Variable" library="BuiltIn">
<var>${InvoiceStatus}</var>
<arg>3</arg>
<doc>Returns the given values which can then be assigned to a variables.</doc>
<status status="NOT RUN" starttime="20240304 12:29:45.526" endtime="20240304 12:29:45.526"/>
</kw>
<kw name="Set Variable" library="BuiltIn">
<var>${InvoiceComment}</var>
<arg>Amount difference</arg>
<doc>Returns the given values which can then be assigned to a variables.</doc>
<status status="NOT RUN" starttime="20240304 12:29:45.526" endtime="20240304 12:29:45.526"/>
</kw>
<status status="NOT RUN" starttime="20240304 12:29:45.526" endtime="20240304 12:29:45.526"/>
</branch>
<status status="PASS" starttime="20240304 12:29:45.526" endtime="20240304 12:29:45.527"/>
</if>
<kw name="Set Variable" library="BuiltIn">
<var>${foreignKeyChecks0}</var>
<arg>SET FOREIGN_KEY_CHECKS=0;</arg>
<doc>Returns the given values which can then be assigned to a variables.</doc>
<msg timestamp="20240304 12:29:45.527" level="INFO">${foreignKeyChecks0} = SET FOREIGN_KEY_CHECKS=0;</msg>
<status status="PASS" starttime="20240304 12:29:45.527" endtime="20240304 12:29:45.527"/>
</kw>
<kw name="Set Variable" library="BuiltIn">
<var>${insertStmt}</var>
<arg>insert into invoiceheader (invoicenumber, companyname, companycode, referencenumber, invoicedate, duedate, bankaccountnumber, amountexclvat, vat, totalamount, invoicestatus_id, comments) values ('${items}[0]', '${items}[1]', '${items}[5]', '${items}[2]', '${invoiceDate}', '${dueDate}', '${items}[6]', '${items}[7]', '${items}[8]', '${items}[9]', '${InvoiceStatus}', '${InvoiceComment}');</arg>
<doc>Returns the given values which can then be assigned to a variables.</doc>
<msg timestamp="20240304 12:29:45.527" level="INFO">${insertStmt} = insert into invoiceheader (invoicenumber, companyname, companycode, referencenumber, invoicedate, duedate, bankaccountnumber, amountexclvat, vat, totalamount, invoicestatus_id, comments) values ('1431...</msg>
<status status="PASS" starttime="20240304 12:29:45.527" endtime="20240304 12:29:45.527"/>
</kw>
<kw name="Execute Sql String" library="DatabaseLibrary">
<arg>${foreignKeyChecks0}</arg>
<doc>Executes the sqlString as SQL commands. Useful to pass arguments to your sql. Set optional input `sansTran` to
True to run command without an explicit transaction commit or rollback.</doc>
<msg timestamp="20240304 12:29:45.528" level="INFO">Executing : Execute SQL String  |  SET FOREIGN_KEY_CHECKS=0; </msg>
<status status="PASS" starttime="20240304 12:29:45.527" endtime="20240304 12:29:45.528"/>
</kw>
<kw name="Execute Sql String" library="DatabaseLibrary">
<arg>${insertStmt}</arg>
<doc>Executes the sqlString as SQL commands. Useful to pass arguments to your sql. Set optional input `sansTran` to
True to run command without an explicit transaction commit or rollback.</doc>
<msg timestamp="20240304 12:29:45.529" level="INFO">Executing : Execute SQL String  |  insert into invoiceheader (invoicenumber, companyname, companycode, referencenumber, invoicedate, duedate, bankaccountnumber, amountexclvat, vat, totalamount, invoicestatus_id, comments) values ('143143', 'Service Provider Oy', '1234567-8', '1431432', '2022-12-15', '2021-04-07', 'FI12 3456 7890 1234 56', '1350', '324', '1674', '0', 'All OK'); </msg>
<status status="PASS" starttime="20240304 12:29:45.528" endtime="20240304 12:29:45.535"/>
</kw>
<status status="PASS" starttime="20240304 12:29:45.210" endtime="20240304 12:29:45.535"/>
</kw>
<for flavor="IN">
<var>${rowElement}</var>
<value>@{ListToDB}</value>
<iter>
<var name="${rowElement}">['143143', '1', 'Installation Services', '5', 'h', '60', '24', '72', '372']</var>
<kw name="Add Invoice Row To DB">
<arg>${rowElement}</arg>
<kw name="Make Connection">
<arg>${dbname}</arg>
<kw name="Connect To Database" library="DatabaseLibrary">
<arg>pymysql</arg>
<arg>${dbtoconnect}</arg>
<arg>${dbuser}</arg>
<arg>${dbpass}</arg>
<arg>${dbhost}</arg>
<arg>${dbport}</arg>
<doc>Loads the DB API 2.0 module given `dbapiModuleName` then uses it to
connect to the database using `dbName`, `dbUsername`, and `dbPassword`.</doc>
<msg timestamp="20240304 12:29:45.538" level="INFO">Connecting using : pymysql.connect(db=rpa, user=robotuser, passwd=***, host=localhost, port=3306, charset=None) </msg>
<status status="PASS" starttime="20240304 12:29:45.537" endtime="20240304 12:29:45.542"/>
</kw>
<status status="PASS" starttime="20240304 12:29:45.537" endtime="20240304 12:29:45.543"/>
</kw>
<kw name="Set Variable" library="BuiltIn">
<var>${insertStmt}</var>
<arg>insert into invoicerow (invoicenumber, rownumber, description, quantity, unit, unitprice, vatpercent, vat, total) values ('${items}[0]', '${items}[1]', '${items}[2]', '${items}[3]', '${items}[4]', '${items}[5]', '${items}[6]', '${items}[7]', '${items}[8]');</arg>
<doc>Returns the given values which can then be assigned to a variables.</doc>
<msg timestamp="20240304 12:29:45.544" level="INFO">${insertStmt} = insert into invoicerow (invoicenumber, rownumber, description, quantity, unit, unitprice, vatpercent, vat, total) values ('143143', '1', 'Installation Services', '5', 'h', '60', '24', '72', '372');</msg>
<status status="PASS" starttime="20240304 12:29:45.543" endtime="20240304 12:29:45.544"/>
</kw>
<kw name="Execute Sql String" library="DatabaseLibrary">
<arg>${insertStmt}</arg>
<doc>Executes the sqlString as SQL commands. Useful to pass arguments to your sql. Set optional input `sansTran` to
True to run command without an explicit transaction commit or rollback.</doc>
<msg timestamp="20240304 12:29:45.545" level="INFO">Executing : Execute SQL String  |  insert into invoicerow (invoicenumber, rownumber, description, quantity, unit, unitprice, vatpercent, vat, total) values ('143143', '1', 'Installation Services', '5', 'h', '60', '24', '72', '372'); </msg>
<status status="PASS" starttime="20240304 12:29:45.544" endtime="20240304 12:29:45.548"/>
</kw>
<status status="PASS" starttime="20240304 12:29:45.536" endtime="20240304 12:29:45.549"/>
</kw>
<status status="PASS" starttime="20240304 12:29:45.536" endtime="20240304 12:29:45.549"/>
</iter>
<iter>
<var name="${rowElement}">['143143', '2', 'Replacement Products', '10', 'kpl', '105', '24', '252', '1302']</var>
<kw name="Add Invoice Row To DB">
<arg>${rowElement}</arg>
<kw name="Make Connection">
<arg>${dbname}</arg>
<kw name="Connect To Database" library="DatabaseLibrary">
<arg>pymysql</arg>
<arg>${dbtoconnect}</arg>
<arg>${dbuser}</arg>
<arg>${dbpass}</arg>
<arg>${dbhost}</arg>
<arg>${dbport}</arg>
<doc>Loads the DB API 2.0 module given `dbapiModuleName` then uses it to
connect to the database using `dbName`, `dbUsername`, and `dbPassword`.</doc>
<msg timestamp="20240304 12:29:45.551" level="INFO">Connecting using : pymysql.connect(db=rpa, user=robotuser, passwd=***, host=localhost, port=3306, charset=None) </msg>
<status status="PASS" starttime="20240304 12:29:45.551" endtime="20240304 12:29:45.554"/>
</kw>
<status status="PASS" starttime="20240304 12:29:45.550" endtime="20240304 12:29:45.555"/>
</kw>
<kw name="Set Variable" library="BuiltIn">
<var>${insertStmt}</var>
<arg>insert into invoicerow (invoicenumber, rownumber, description, quantity, unit, unitprice, vatpercent, vat, total) values ('${items}[0]', '${items}[1]', '${items}[2]', '${items}[3]', '${items}[4]', '${items}[5]', '${items}[6]', '${items}[7]', '${items}[8]');</arg>
<doc>Returns the given values which can then be assigned to a variables.</doc>
<msg timestamp="20240304 12:29:45.556" level="INFO">${insertStmt} = insert into invoicerow (invoicenumber, rownumber, description, quantity, unit, unitprice, vatpercent, vat, total) values ('143143', '2', 'Replacement Products', '10', 'kpl', '105', '24', '252', '1302'...</msg>
<status status="PASS" starttime="20240304 12:29:45.555" endtime="20240304 12:29:45.556"/>
</kw>
<kw name="Execute Sql String" library="DatabaseLibrary">
<arg>${insertStmt}</arg>
<doc>Executes the sqlString as SQL commands. Useful to pass arguments to your sql. Set optional input `sansTran` to
True to run command without an explicit transaction commit or rollback.</doc>
<msg timestamp="20240304 12:29:45.556" level="INFO">Executing : Execute SQL String  |  insert into invoicerow (invoicenumber, rownumber, description, quantity, unit, unitprice, vatpercent, vat, total) values ('143143', '2', 'Replacement Products', '10', 'kpl', '105', '24', '252', '1302'); </msg>
<status status="PASS" starttime="20240304 12:29:45.556" endtime="20240304 12:29:45.559"/>
</kw>
<status status="PASS" starttime="20240304 12:29:45.550" endtime="20240304 12:29:45.559"/>
</kw>
<status status="PASS" starttime="20240304 12:29:45.549" endtime="20240304 12:29:45.559"/>
</iter>
<status status="PASS" starttime="20240304 12:29:45.536" endtime="20240304 12:29:45.559"/>
</for>
<status status="PASS" starttime="20240304 12:29:45.209" endtime="20240304 12:29:45.561"/>
</branch>
<status status="PASS" starttime="20240304 12:29:45.209" endtime="20240304 12:29:45.561"/>
</if>
<status status="PASS" starttime="20240304 12:29:45.209" endtime="20240304 12:29:45.561"/>
</iter>
<iter>
<var name="${headerElement}">1543235;Component Oy;15432359;01.10.2022;15.10.2022;1234567-9;FI05 1234 5600 7891 01;465;111.6;576.6</var>
<kw name="Split String" library="String">
<var>${headerItems}</var>
<arg>${headerElement}</arg>
<arg>;</arg>
<doc>Splits the ``string`` using ``separator`` as a delimiter string.</doc>
<msg timestamp="20240304 12:29:45.561" level="INFO">${headerItems} = ['1543235', 'Component Oy', '15432359', '01.10.2022', '15.10.2022', '1234567-9', 'FI05 1234 5600 7891 01', '465', '111.6', '576.6']</msg>
<status status="PASS" starttime="20240304 12:29:45.561" endtime="20240304 12:29:45.561"/>
</kw>
<if>
<branch type="IF" condition="'${headerItems}[0]' == '${InvoiceNumber}'">
<kw name="Log" library="BuiltIn">
<arg>Invoice found</arg>
<doc>Logs the given message with the given level.</doc>
<status status="NOT RUN" starttime="20240304 12:29:45.562" endtime="20240304 12:29:45.562"/>
</kw>
<kw name="Add Invoice Header to DB">
<arg>${headerItems}</arg>
<arg>${ListToDB}</arg>
<status status="NOT RUN" starttime="20240304 12:29:45.562" endtime="20240304 12:29:45.562"/>
</kw>
<for flavor="IN">
<var>${rowElement}</var>
<value>@{ListToDB}</value>
<iter>
<var name="${rowElement}"/>
<kw name="Add Invoice Row To DB">
<arg>${rowElement}</arg>
<status status="NOT RUN" starttime="20240304 12:29:45.563" endtime="20240304 12:29:45.563"/>
</kw>
<status status="NOT RUN" starttime="20240304 12:29:45.562" endtime="20240304 12:29:45.563"/>
</iter>
<status status="NOT RUN" starttime="20240304 12:29:45.562" endtime="20240304 12:29:45.563"/>
</for>
<status status="NOT RUN" starttime="20240304 12:29:45.561" endtime="20240304 12:29:45.563"/>
</branch>
<status status="PASS" starttime="20240304 12:29:45.561" endtime="20240304 12:29:45.563"/>
</if>
<status status="PASS" starttime="20240304 12:29:45.561" endtime="20240304 12:29:45.563"/>
</iter>
<iter>
<var name="${headerElement}">153143;Service Provider Oy;1531439;15.12.2022;01.04.2021;1234567-8;FI12 3456 7890 1234 56;2700;648;3348</var>
<kw name="Split String" library="String">
<var>${headerItems}</var>
<arg>${headerElement}</arg>
<arg>;</arg>
<doc>Splits the ``string`` using ``separator`` as a delimiter string.</doc>
<msg timestamp="20240304 12:29:45.564" level="INFO">${headerItems} = ['153143', 'Service Provider Oy', '1531439', '15.12.2022', '01.04.2021', '1234567-8', 'FI12 3456 7890 1234 56', '2700', '648', '3348']</msg>
<status status="PASS" starttime="20240304 12:29:45.564" endtime="20240304 12:29:45.564"/>
</kw>
<if>
<branch type="IF" condition="'${headerItems}[0]' == '${InvoiceNumber}'">
<kw name="Log" library="BuiltIn">
<arg>Invoice found</arg>
<doc>Logs the given message with the given level.</doc>
<status status="NOT RUN" starttime="20240304 12:29:45.564" endtime="20240304 12:29:45.564"/>
</kw>
<kw name="Add Invoice Header to DB">
<arg>${headerItems}</arg>
<arg>${ListToDB}</arg>
<status status="NOT RUN" starttime="20240304 12:29:45.565" endtime="20240304 12:29:45.565"/>
</kw>
<for flavor="IN">
<var>${rowElement}</var>
<value>@{ListToDB}</value>
<iter>
<var name="${rowElement}"/>
<kw name="Add Invoice Row To DB">
<arg>${rowElement}</arg>
<status status="NOT RUN" starttime="20240304 12:29:45.565" endtime="20240304 12:29:45.565"/>
</kw>
<status status="NOT RUN" starttime="20240304 12:29:45.565" endtime="20240304 12:29:45.565"/>
</iter>
<status status="NOT RUN" starttime="20240304 12:29:45.565" endtime="20240304 12:29:45.565"/>
</for>
<status status="NOT RUN" starttime="20240304 12:29:45.564" endtime="20240304 12:29:45.565"/>
</branch>
<status status="PASS" starttime="20240304 12:29:45.564" endtime="20240304 12:29:45.565"/>
</if>
<status status="PASS" starttime="20240304 12:29:45.563" endtime="20240304 12:29:45.565"/>
</iter>
<status status="PASS" starttime="20240304 12:29:45.209" endtime="20240304 12:29:45.565"/>
</for>
<kw name="Create List" library="BuiltIn">
<var>@{ListToDB}</var>
<doc>Returns a list containing given items.</doc>
<msg timestamp="20240304 12:29:45.566" level="INFO">@{ListToDB} = [ ]</msg>
<status status="PASS" starttime="20240304 12:29:45.566" endtime="20240304 12:29:45.566"/>
</kw>
<kw name="Set Global Variable" library="BuiltIn">
<arg>${ListToDB}</arg>
<doc>Makes a variable available globally in all tests and suites.</doc>
<msg timestamp="20240304 12:29:45.566" level="INFO">${ListToDB} = []</msg>
<status status="PASS" starttime="20240304 12:29:45.566" endtime="20240304 12:29:45.566"/>
</kw>
<kw name="Set Variable" library="BuiltIn">
<var>${InvoiceNumber}</var>
<arg>${rowInvoiceNumber}</arg>
<doc>Returns the given values which can then be assigned to a variables.</doc>
<msg timestamp="20240304 12:29:45.567" level="INFO">${InvoiceNumber} = 1543235</msg>
<status status="PASS" starttime="20240304 12:29:45.566" endtime="20240304 12:29:45.567"/>
</kw>
<kw name="Set Global Variable" library="BuiltIn">
<arg>${InvoiceNumber}</arg>
<doc>Makes a variable available globally in all tests and suites.</doc>
<msg timestamp="20240304 12:29:45.567" level="INFO">${InvoiceNumber} = 1543235</msg>
<status status="PASS" starttime="20240304 12:29:45.567" endtime="20240304 12:29:45.567"/>
</kw>
<kw name="Add Row Data to list">
<arg>${items}</arg>
<kw name="Create List" library="BuiltIn">
<var>@{AddInvoiceRowData}</var>
<doc>Returns a list containing given items.</doc>
<msg timestamp="20240304 12:29:45.568" level="INFO">@{AddInvoiceRowData} = [ ]</msg>
<status status="PASS" starttime="20240304 12:29:45.568" endtime="20240304 12:29:45.568"/>
</kw>
<kw name="Append To List" library="Collections">
<arg>${AddInvoiceRowData}</arg>
<arg>${InvoiceNumber}</arg>
<doc>Adds ``values`` to the end of ``list``.</doc>
<status status="PASS" starttime="20240304 12:29:45.568" endtime="20240304 12:29:45.568"/>
</kw>
<kw name="Append To List" library="Collections">
<arg>${AddInvoiceRowData}</arg>
<arg>${items}[8]</arg>
<doc>Adds ``values`` to the end of ``list``.</doc>
<status status="PASS" starttime="20240304 12:29:45.568" endtime="20240304 12:29:45.568"/>
</kw>
<kw name="Append To List" library="Collections">
<arg>${AddInvoiceRowData}</arg>
<arg>${items}[0]</arg>
<doc>Adds ``values`` to the end of ``list``.</doc>
<status status="PASS" starttime="20240304 12:29:45.568" endtime="20240304 12:29:45.569"/>
</kw>
<kw name="Append To List" library="Collections">
<arg>${AddInvoiceRowData}</arg>
<arg>${items}[1]</arg>
<doc>Adds ``values`` to the end of ``list``.</doc>
<status status="PASS" starttime="20240304 12:29:45.569" endtime="20240304 12:29:45.569"/>
</kw>
<kw name="Append To List" library="Collections">
<arg>${AddInvoiceRowData}</arg>
<arg>${items}[2]</arg>
<doc>Adds ``values`` to the end of ``list``.</doc>
<status status="PASS" starttime="20240304 12:29:45.569" endtime="20240304 12:29:45.569"/>
</kw>
<kw name="Append To List" library="Collections">
<arg>${AddInvoiceRowData}</arg>
<arg>${items}[3]</arg>
<doc>Adds ``values`` to the end of ``list``.</doc>
<status status="PASS" starttime="20240304 12:29:45.569" endtime="20240304 12:29:45.570"/>
</kw>
<kw name="Append To List" library="Collections">
<arg>${AddInvoiceRowData}</arg>
<arg>${items}[4]</arg>
<doc>Adds ``values`` to the end of ``list``.</doc>
<status status="PASS" starttime="20240304 12:29:45.570" endtime="20240304 12:29:45.570"/>
</kw>
<kw name="Append To List" library="Collections">
<arg>${AddInvoiceRowData}</arg>
<arg>${items}[5]</arg>
<doc>Adds ``values`` to the end of ``list``.</doc>
<status status="PASS" starttime="20240304 12:29:45.570" endtime="20240304 12:29:45.570"/>
</kw>
<kw name="Append To List" library="Collections">
<arg>${AddInvoiceRowData}</arg>
<arg>${items}[6]</arg>
<doc>Adds ``values`` to the end of ``list``.</doc>
<status status="PASS" starttime="20240304 12:29:45.570" endtime="20240304 12:29:45.570"/>
</kw>
<kw name="Append To List" library="Collections">
<arg>${ListToDB}</arg>
<arg>${AddInvoiceRowData}</arg>
<doc>Adds ``values`` to the end of ``list``.</doc>
<status status="PASS" starttime="20240304 12:29:45.570" endtime="20240304 12:29:45.571"/>
</kw>
<status status="PASS" starttime="20240304 12:29:45.567" endtime="20240304 12:29:45.571"/>
</kw>
<status status="PASS" starttime="20240304 12:29:45.208" endtime="20240304 12:29:45.571"/>
</branch>
<status status="PASS" starttime="20240304 12:29:45.206" endtime="20240304 12:29:45.571"/>
</if>
<status status="PASS" starttime="20240304 12:29:45.206" endtime="20240304 12:29:45.571"/>
</branch>
<status status="PASS" starttime="20240304 12:29:45.205" endtime="20240304 12:29:45.571"/>
</if>
<status status="PASS" starttime="20240304 12:29:45.203" endtime="20240304 12:29:45.571"/>
</iter>
<iter>
<var name="${element}">Brother printer;1;kpl;65;24;15.6;80.6;1543235;2</var>
<kw name="Log" library="BuiltIn">
<arg>${element}</arg>
<doc>Logs the given message with the given level.</doc>
<msg timestamp="20240304 12:29:45.571" level="INFO">Brother printer;1;kpl;65;24;15.6;80.6;1543235;2</msg>
<status status="PASS" starttime="20240304 12:29:45.571" endtime="20240304 12:29:45.571"/>
</kw>
<kw name="Split String" library="String">
<var>@{items}</var>
<arg>${element}</arg>
<arg>;</arg>
<doc>Splits the ``string`` using ``separator`` as a delimiter string.</doc>
<msg timestamp="20240304 12:29:45.572" level="INFO">@{items} = [ Brother printer | 1 | kpl | 65 | 24 | 15.6 | 80.6 | 1543235 | 2 ]</msg>
<status status="PASS" starttime="20240304 12:29:45.572" endtime="20240304 12:29:45.572"/>
</kw>
<kw name="Set Variable" library="BuiltIn">
<var>${rowInvoiceNumber}</var>
<arg>${items}[7]</arg>
<doc>Returns the given values which can then be assigned to a variables.</doc>
<msg timestamp="20240304 12:29:45.573" level="INFO">${rowInvoiceNumber} = 1543235</msg>
<status status="PASS" starttime="20240304 12:29:45.573" endtime="20240304 12:29:45.573"/>
</kw>
<kw name="Log" library="BuiltIn">
<arg>${rowInvoiceNumber}</arg>
<doc>Logs the given message with the given level.</doc>
<msg timestamp="20240304 12:29:45.573" level="INFO">1543235</msg>
<status status="PASS" starttime="20240304 12:29:45.573" endtime="20240304 12:29:45.573"/>
</kw>
<kw name="Log" library="BuiltIn">
<arg>${InvoiceNumber}</arg>
<doc>Logs the given message with the given level.</doc>
<msg timestamp="20240304 12:29:45.573" level="INFO">1543235</msg>
<status status="PASS" starttime="20240304 12:29:45.573" endtime="20240304 12:29:45.573"/>
</kw>
<if>
<branch type="IF" condition="'${rowInvoiceNumber}' == '${InvoiceNumber}'">
<kw name="Log" library="BuiltIn">
<arg>Add rows to the invoice</arg>
<doc>Logs the given message with the given level.</doc>
<msg timestamp="20240304 12:29:45.574" level="INFO">Add rows to the invoice</msg>
<status status="PASS" starttime="20240304 12:29:45.574" endtime="20240304 12:29:45.574"/>
</kw>
<kw name="Add Row Data to list">
<arg>${items}</arg>
<kw name="Create List" library="BuiltIn">
<var>@{AddInvoiceRowData}</var>
<doc>Returns a list containing given items.</doc>
<msg timestamp="20240304 12:29:45.575" level="INFO">@{AddInvoiceRowData} = [ ]</msg>
<status status="PASS" starttime="20240304 12:29:45.575" endtime="20240304 12:29:45.575"/>
</kw>
<kw name="Append To List" library="Collections">
<arg>${AddInvoiceRowData}</arg>
<arg>${InvoiceNumber}</arg>
<doc>Adds ``values`` to the end of ``list``.</doc>
<status status="PASS" starttime="20240304 12:29:45.575" endtime="20240304 12:29:45.575"/>
</kw>
<kw name="Append To List" library="Collections">
<arg>${AddInvoiceRowData}</arg>
<arg>${items}[8]</arg>
<doc>Adds ``values`` to the end of ``list``.</doc>
<status status="PASS" starttime="20240304 12:29:45.575" endtime="20240304 12:29:45.575"/>
</kw>
<kw name="Append To List" library="Collections">
<arg>${AddInvoiceRowData}</arg>
<arg>${items}[0]</arg>
<doc>Adds ``values`` to the end of ``list``.</doc>
<status status="PASS" starttime="20240304 12:29:45.576" endtime="20240304 12:29:45.576"/>
</kw>
<kw name="Append To List" library="Collections">
<arg>${AddInvoiceRowData}</arg>
<arg>${items}[1]</arg>
<doc>Adds ``values`` to the end of ``list``.</doc>
<status status="PASS" starttime="20240304 12:29:45.576" endtime="20240304 12:29:45.576"/>
</kw>
<kw name="Append To List" library="Collections">
<arg>${AddInvoiceRowData}</arg>
<arg>${items}[2]</arg>
<doc>Adds ``values`` to the end of ``list``.</doc>
<status status="PASS" starttime="20240304 12:29:45.576" endtime="20240304 12:29:45.577"/>
</kw>
<kw name="Append To List" library="Collections">
<arg>${AddInvoiceRowData}</arg>
<arg>${items}[3]</arg>
<doc>Adds ``values`` to the end of ``list``.</doc>
<status status="PASS" starttime="20240304 12:29:45.577" endtime="20240304 12:29:45.577"/>
</kw>
<kw name="Append To List" library="Collections">
<arg>${AddInvoiceRowData}</arg>
<arg>${items}[4]</arg>
<doc>Adds ``values`` to the end of ``list``.</doc>
<status status="PASS" starttime="20240304 12:29:45.577" endtime="20240304 12:29:45.577"/>
</kw>
<kw name="Append To List" library="Collections">
<arg>${AddInvoiceRowData}</arg>
<arg>${items}[5]</arg>
<doc>Adds ``values`` to the end of ``list``.</doc>
<status status="PASS" starttime="20240304 12:29:45.578" endtime="20240304 12:29:45.578"/>
</kw>
<kw name="Append To List" library="Collections">
<arg>${AddInvoiceRowData}</arg>
<arg>${items}[6]</arg>
<doc>Adds ``values`` to the end of ``list``.</doc>
<status status="PASS" starttime="20240304 12:29:45.578" endtime="20240304 12:29:45.579"/>
</kw>
<kw name="Append To List" library="Collections">
<arg>${ListToDB}</arg>
<arg>${AddInvoiceRowData}</arg>
<doc>Adds ``values`` to the end of ``list``.</doc>
<status status="PASS" starttime="20240304 12:29:45.579" endtime="20240304 12:29:45.579"/>
</kw>
<status status="PASS" starttime="20240304 12:29:45.574" endtime="20240304 12:29:45.579"/>
</kw>
<status status="PASS" starttime="20240304 12:29:45.574" endtime="20240304 12:29:45.579"/>
</branch>
<branch type="ELSE">
<kw name="Log" library="BuiltIn">
<arg>Need to check if database list already has rows</arg>
<doc>Logs the given message with the given level.</doc>
<status status="NOT RUN" starttime="20240304 12:29:45.579" endtime="20240304 12:29:45.579"/>
</kw>
<kw name="Get Length" library="BuiltIn">
<var>${length}</var>
<arg>${ListToDB}</arg>
<doc>Returns and logs the length of the given item as an integer.</doc>
<status status="NOT RUN" starttime="20240304 12:29:45.580" endtime="20240304 12:29:45.580"/>
</kw>
<if>
<branch type="IF" condition="${length} == ${0}">
<kw name="Log" library="BuiltIn">
<arg>First invoice case</arg>
<doc>Logs the given message with the given level.</doc>
<status status="NOT RUN" starttime="20240304 12:29:45.580" endtime="20240304 12:29:45.580"/>
</kw>
<kw name="Set Variable" library="BuiltIn">
<var>${InvoiceNumber}</var>
<arg>${rowInvoiceNumber}</arg>
<doc>Returns the given values which can then be assigned to a variables.</doc>
<status status="NOT RUN" starttime="20240304 12:29:45.580" endtime="20240304 12:29:45.580"/>
</kw>
<kw name="Set Global Variable" library="BuiltIn">
<arg>${InvoiceNumber}</arg>
<doc>Makes a variable available globally in all tests and suites.</doc>
<status status="NOT RUN" starttime="20240304 12:29:45.580" endtime="20240304 12:29:45.580"/>
</kw>
<kw name="Add Row Data to list">
<arg>${items}</arg>
<status status="NOT RUN" starttime="20240304 12:29:45.580" endtime="20240304 12:29:45.581"/>
</kw>
<status status="NOT RUN" starttime="20240304 12:29:45.580" endtime="20240304 12:29:45.581"/>
</branch>
<branch type="ELSE">
<kw name="Log" library="BuiltIn">
<arg>Invoice changes, need to also process header data</arg>
<doc>Logs the given message with the given level.</doc>
<status status="NOT RUN" starttime="20240304 12:29:45.581" endtime="20240304 12:29:45.581"/>
</kw>
<for flavor="IN">
<var>${headerElement}</var>
<value>@{headers}</value>
<iter>
<var name="${headerElement}"/>
<kw name="Split String" library="String">
<var>${headerItems}</var>
<arg>${headerElement}</arg>
<arg>;</arg>
<doc>Splits the ``string`` using ``separator`` as a delimiter string.</doc>
<status status="NOT RUN" starttime="20240304 12:29:45.581" endtime="20240304 12:29:45.581"/>
</kw>
<if>
<branch type="IF" condition="'${headerItems}[0]' == '${InvoiceNumber}'">
<kw name="Log" library="BuiltIn">
<arg>Invoice found</arg>
<doc>Logs the given message with the given level.</doc>
<status status="NOT RUN" starttime="20240304 12:29:45.582" endtime="20240304 12:29:45.582"/>
</kw>
<kw name="Add Invoice Header to DB">
<arg>${headerItems}</arg>
<arg>${ListToDB}</arg>
<status status="NOT RUN" starttime="20240304 12:29:45.582" endtime="20240304 12:29:45.582"/>
</kw>
<for flavor="IN">
<var>${rowElement}</var>
<value>@{ListToDB}</value>
<iter>
<var name="${rowElement}"/>
<kw name="Add Invoice Row To DB">
<arg>${rowElement}</arg>
<status status="NOT RUN" starttime="20240304 12:29:45.582" endtime="20240304 12:29:45.582"/>
</kw>
<status status="NOT RUN" starttime="20240304 12:29:45.582" endtime="20240304 12:29:45.582"/>
</iter>
<status status="NOT RUN" starttime="20240304 12:29:45.582" endtime="20240304 12:29:45.583"/>
</for>
<status status="NOT RUN" starttime="20240304 12:29:45.581" endtime="20240304 12:29:45.583"/>
</branch>
<status status="NOT RUN" starttime="20240304 12:29:45.581" endtime="20240304 12:29:45.583"/>
</if>
<status status="NOT RUN" starttime="20240304 12:29:45.581" endtime="20240304 12:29:45.583"/>
</iter>
<status status="NOT RUN" starttime="20240304 12:29:45.581" endtime="20240304 12:29:45.583"/>
</for>
<kw name="Create List" library="BuiltIn">
<var>@{ListToDB}</var>
<doc>Returns a list containing given items.</doc>
<status status="NOT RUN" starttime="20240304 12:29:45.583" endtime="20240304 12:29:45.583"/>
</kw>
<kw name="Set Global Variable" library="BuiltIn">
<arg>${ListToDB}</arg>
<doc>Makes a variable available globally in all tests and suites.</doc>
<status status="NOT RUN" starttime="20240304 12:29:45.584" endtime="20240304 12:29:45.584"/>
</kw>
<kw name="Set Variable" library="BuiltIn">
<var>${InvoiceNumber}</var>
<arg>${rowInvoiceNumber}</arg>
<doc>Returns the given values which can then be assigned to a variables.</doc>
<status status="NOT RUN" starttime="20240304 12:29:45.584" endtime="20240304 12:29:45.584"/>
</kw>
<kw name="Set Global Variable" library="BuiltIn">
<arg>${InvoiceNumber}</arg>
<doc>Makes a variable available globally in all tests and suites.</doc>
<status status="NOT RUN" starttime="20240304 12:29:45.584" endtime="20240304 12:29:45.584"/>
</kw>
<kw name="Add Row Data to list">
<arg>${items}</arg>
<status status="NOT RUN" starttime="20240304 12:29:45.584" endtime="20240304 12:29:45.584"/>
</kw>
<status status="NOT RUN" starttime="20240304 12:29:45.581" endtime="20240304 12:29:45.584"/>
</branch>
<status status="NOT RUN" starttime="20240304 12:29:45.580" endtime="20240304 12:29:45.584"/>
</if>
<status status="NOT RUN" starttime="20240304 12:29:45.579" endtime="20240304 12:29:45.585"/>
</branch>
<status status="PASS" starttime="20240304 12:29:45.574" endtime="20240304 12:29:45.585"/>
</if>
<status status="PASS" starttime="20240304 12:29:45.571" endtime="20240304 12:29:45.585"/>
</iter>
<iter>
<var name="${element}">Installation Services;5;h;60;24;72;372;153143;1</var>
<kw name="Log" library="BuiltIn">
<arg>${element}</arg>
<doc>Logs the given message with the given level.</doc>
<msg timestamp="20240304 12:29:45.585" level="INFO">Installation Services;5;h;60;24;72;372;153143;1</msg>
<status status="PASS" starttime="20240304 12:29:45.585" endtime="20240304 12:29:45.585"/>
</kw>
<kw name="Split String" library="String">
<var>@{items}</var>
<arg>${element}</arg>
<arg>;</arg>
<doc>Splits the ``string`` using ``separator`` as a delimiter string.</doc>
<msg timestamp="20240304 12:29:45.586" level="INFO">@{items} = [ Installation Services | 5 | h | 60 | 24 | 72 | 372 | 153143 | 1 ]</msg>
<status status="PASS" starttime="20240304 12:29:45.585" endtime="20240304 12:29:45.586"/>
</kw>
<kw name="Set Variable" library="BuiltIn">
<var>${rowInvoiceNumber}</var>
<arg>${items}[7]</arg>
<doc>Returns the given values which can then be assigned to a variables.</doc>
<msg timestamp="20240304 12:29:45.586" level="INFO">${rowInvoiceNumber} = 153143</msg>
<status status="PASS" starttime="20240304 12:29:45.586" endtime="20240304 12:29:45.586"/>
</kw>
<kw name="Log" library="BuiltIn">
<arg>${rowInvoiceNumber}</arg>
<doc>Logs the given message with the given level.</doc>
<msg timestamp="20240304 12:29:45.587" level="INFO">153143</msg>
<status status="PASS" starttime="20240304 12:29:45.586" endtime="20240304 12:29:45.587"/>
</kw>
<kw name="Log" library="BuiltIn">
<arg>${InvoiceNumber}</arg>
<doc>Logs the given message with the given level.</doc>
<msg timestamp="20240304 12:29:45.587" level="INFO">1543235</msg>
<status status="PASS" starttime="20240304 12:29:45.587" endtime="20240304 12:29:45.587"/>
</kw>
<if>
<branch type="IF" condition="'${rowInvoiceNumber}' == '${InvoiceNumber}'">
<kw name="Log" library="BuiltIn">
<arg>Add rows to the invoice</arg>
<doc>Logs the given message with the given level.</doc>
<status status="NOT RUN" starttime="20240304 12:29:45.587" endtime="20240304 12:29:45.587"/>
</kw>
<kw name="Add Row Data to list">
<arg>${items}</arg>
<status status="NOT RUN" starttime="20240304 12:29:45.588" endtime="20240304 12:29:45.588"/>
</kw>
<status status="NOT RUN" starttime="20240304 12:29:45.587" endtime="20240304 12:29:45.588"/>
</branch>
<branch type="ELSE">
<kw name="Log" library="BuiltIn">
<arg>Need to check if database list already has rows</arg>
<doc>Logs the given message with the given level.</doc>
<msg timestamp="20240304 12:29:45.588" level="INFO">Need to check if database list already has rows</msg>
<status status="PASS" starttime="20240304 12:29:45.588" endtime="20240304 12:29:45.588"/>
</kw>
<kw name="Get Length" library="BuiltIn">
<var>${length}</var>
<arg>${ListToDB}</arg>
<doc>Returns and logs the length of the given item as an integer.</doc>
<msg timestamp="20240304 12:29:45.588" level="INFO">Length is 2</msg>
<msg timestamp="20240304 12:29:45.588" level="INFO">${length} = 2</msg>
<status status="PASS" starttime="20240304 12:29:45.588" endtime="20240304 12:29:45.588"/>
</kw>
<if>
<branch type="IF" condition="${length} == ${0}">
<kw name="Log" library="BuiltIn">
<arg>First invoice case</arg>
<doc>Logs the given message with the given level.</doc>
<status status="NOT RUN" starttime="20240304 12:29:45.589" endtime="20240304 12:29:45.589"/>
</kw>
<kw name="Set Variable" library="BuiltIn">
<var>${InvoiceNumber}</var>
<arg>${rowInvoiceNumber}</arg>
<doc>Returns the given values which can then be assigned to a variables.</doc>
<status status="NOT RUN" starttime="20240304 12:29:45.589" endtime="20240304 12:29:45.589"/>
</kw>
<kw name="Set Global Variable" library="BuiltIn">
<arg>${InvoiceNumber}</arg>
<doc>Makes a variable available globally in all tests and suites.</doc>
<status status="NOT RUN" starttime="20240304 12:29:45.589" endtime="20240304 12:29:45.589"/>
</kw>
<kw name="Add Row Data to list">
<arg>${items}</arg>
<status status="NOT RUN" starttime="20240304 12:29:45.589" endtime="20240304 12:29:45.589"/>
</kw>
<status status="NOT RUN" starttime="20240304 12:29:45.588" endtime="20240304 12:29:45.589"/>
</branch>
<branch type="ELSE">
<kw name="Log" library="BuiltIn">
<arg>Invoice changes, need to also process header data</arg>
<doc>Logs the given message with the given level.</doc>
<msg timestamp="20240304 12:29:45.590" level="INFO">Invoice changes, need to also process header data</msg>
<status status="PASS" starttime="20240304 12:29:45.589" endtime="20240304 12:29:45.590"/>
</kw>
<for flavor="IN">
<var>${headerElement}</var>
<value>@{headers}</value>
<iter>
<var name="${headerElement}">143143;Service Provider Oy;1431432;15.12.2022;07.04.2021;1234567-8;FI12 3456 7890 1234 56;1350;324;1674</var>
<kw name="Split String" library="String">
<var>${headerItems}</var>
<arg>${headerElement}</arg>
<arg>;</arg>
<doc>Splits the ``string`` using ``separator`` as a delimiter string.</doc>
<msg timestamp="20240304 12:29:45.590" level="INFO">${headerItems} = ['143143', 'Service Provider Oy', '1431432', '15.12.2022', '07.04.2021', '1234567-8', 'FI12 3456 7890 1234 56', '1350', '324', '1674']</msg>
<status status="PASS" starttime="20240304 12:29:45.590" endtime="20240304 12:29:45.590"/>
</kw>
<if>
<branch type="IF" condition="'${headerItems}[0]' == '${InvoiceNumber}'">
<kw name="Log" library="BuiltIn">
<arg>Invoice found</arg>
<doc>Logs the given message with the given level.</doc>
<status status="NOT RUN" starttime="20240304 12:29:45.590" endtime="20240304 12:29:45.590"/>
</kw>
<kw name="Add Invoice Header to DB">
<arg>${headerItems}</arg>
<arg>${ListToDB}</arg>
<status status="NOT RUN" starttime="20240304 12:29:45.590" endtime="20240304 12:29:45.590"/>
</kw>
<for flavor="IN">
<var>${rowElement}</var>
<value>@{ListToDB}</value>
<iter>
<var name="${rowElement}"/>
<kw name="Add Invoice Row To DB">
<arg>${rowElement}</arg>
<status status="NOT RUN" starttime="20240304 12:29:45.593" endtime="20240304 12:29:45.593"/>
</kw>
<status status="NOT RUN" starttime="20240304 12:29:45.593" endtime="20240304 12:29:45.594"/>
</iter>
<status status="NOT RUN" starttime="20240304 12:29:45.593" endtime="20240304 12:29:45.594"/>
</for>
[...]
</branch>
<status status="PASS" starttime="20240304 12:29:45.739" endtime="20240304 12:29:45.739"/>
</if>
<kw name="Check Amounts From Invoice">
<var>${sumStatus}</var>
<arg>${items}[9]</arg>
<arg>${rows}</arg>
<kw name="Set Variable" library="BuiltIn">
<var>${status}</var>
<arg>${False}</arg>
<doc>Returns the given values which can then be assigned to a variables.</doc>
<msg timestamp="20240304 12:29:45.740" level="INFO">${status} = False</msg>
<status status="PASS" starttime="20240304 12:29:45.739" endtime="20240304 12:29:45.740"/>
</kw>
<kw name="Evaluate" library="BuiltIn">
<var>${totalAmountFromRows}</var>
<arg>0</arg>
<doc>Evaluates the given expression in Python and returns the result.</doc>
<msg timestamp="20240304 12:29:45.740" level="INFO">${totalAmountFromRows} = 0</msg>
<status status="PASS" starttime="20240304 12:29:45.740" endtime="20240304 12:29:45.740"/>
</kw>
<for flavor="IN">
<var>${element}</var>
<value>@{invoiceRows}</value>
<iter>
<var name="${element}">['153143', '1', 'Installation Services', '5', 'h', '60', '24', '72', '372']</var>
<kw name="Evaluate" library="BuiltIn">
<var>${totalAmountFromRows}</var>
<arg>${totalAmountFromRows}+${element}[8]</arg>
<doc>Evaluates the given expression in Python and returns the result.</doc>
<msg timestamp="20240304 12:29:45.741" level="INFO">${totalAmountFromRows} = 372</msg>
<status status="PASS" starttime="20240304 12:29:45.741" endtime="20240304 12:29:45.741"/>
</kw>
<status status="PASS" starttime="20240304 12:29:45.740" endtime="20240304 12:29:45.741"/>
</iter>
<iter>
<var name="${element}">['153143', '2', 'Replacement Products', '10', 'kpl', '105', '24', '252', '1302']</var>
<kw name="Evaluate" library="BuiltIn">
<var>${totalAmountFromRows}</var>
<arg>${totalAmountFromRows}+${element}[8]</arg>
<doc>Evaluates the given expression in Python and returns the result.</doc>
<msg timestamp="20240304 12:29:45.741" level="INFO">${totalAmountFromRows} = 1674</msg>
<status status="PASS" starttime="20240304 12:29:45.741" endtime="20240304 12:29:45.742"/>
</kw>
<status status="PASS" starttime="20240304 12:29:45.741" endtime="20240304 12:29:45.742"/>
</iter>
<iter>
<var name="${element}">['153143', '3', 'Cleaning Services', '5', 'h', '60', '24', '72', '372']</var>
<kw name="Evaluate" library="BuiltIn">
<var>${totalAmountFromRows}</var>
<arg>${totalAmountFromRows}+${element}[8]</arg>
<doc>Evaluates the given expression in Python and returns the result.</doc>
<msg timestamp="20240304 12:29:45.743" level="INFO">${totalAmountFromRows} = 2046</msg>
<status status="PASS" starttime="20240304 12:29:45.742" endtime="20240304 12:29:45.743"/>
</kw>
<status status="PASS" starttime="20240304 12:29:45.742" endtime="20240304 12:29:45.743"/>
</iter>
<iter>
<var name="${element}">['153143', '4', 'Cleaning Wipes', '10', 'kpl', '105', '24', '252', '1302']</var>
<kw name="Evaluate" library="BuiltIn">
<var>${totalAmountFromRows}</var>
<arg>${totalAmountFromRows}+${element}[8]</arg>
<doc>Evaluates the given expression in Python and returns the result.</doc>
<msg timestamp="20240304 12:29:45.744" level="INFO">${totalAmountFromRows} = 3348</msg>
<status status="PASS" starttime="20240304 12:29:45.743" endtime="20240304 12:29:45.744"/>
</kw>
<status status="PASS" starttime="20240304 12:29:45.743" endtime="20240304 12:29:45.744"/>
</iter>
<status status="PASS" starttime="20240304 12:29:45.740" endtime="20240304 12:29:45.744"/>
</for>
<kw name="Convert To Number" library="BuiltIn">
<var>${diff}</var>
<arg>0.01</arg>
<doc>Converts the given item to a floating point number.</doc>
<msg timestamp="20240304 12:29:45.745" level="INFO">${diff} = 0.01</msg>
<status status="PASS" starttime="20240304 12:29:45.744" endtime="20240304 12:29:45.745"/>
</kw>
<kw name="Convert To Number" library="BuiltIn">
<var>${totalSumFromHeader}</var>
<arg>${totalSumFromHeader}</arg>
<doc>Converts the given item to a floating point number.</doc>
<msg timestamp="20240304 12:29:45.745" level="INFO">${totalSumFromHeader} = 3348.0</msg>
<status status="PASS" starttime="20240304 12:29:45.745" endtime="20240304 12:29:45.745"/>
</kw>
<kw name="Convert To Number" library="BuiltIn">
<var>${totalAmountFromRows}</var>
<arg>${totalAmountFromRows}</arg>
<doc>Converts the given item to a floating point number.</doc>
<msg timestamp="20240304 12:29:45.745" level="INFO">${totalAmountFromRows} = 3348.0</msg>
<status status="PASS" starttime="20240304 12:29:45.745" endtime="20240304 12:29:45.745"/>
</kw>
<kw name="Is Equal" library="validation">
<var>${status}</var>
<arg>${totalSumFromHeader}</arg>
<arg>${totalAmountFromRows}</arg>
<arg>${diff}</arg>
<msg timestamp="20240304 12:29:45.746" level="INFO">${status} = True</msg>
<status status="PASS" starttime="20240304 12:29:45.746" endtime="20240304 12:29:45.746"/>
</kw>
<msg timestamp="20240304 12:29:45.746" level="INFO">${sumStatus} = True</msg>
<status status="PASS" starttime="20240304 12:29:45.739" endtime="20240304 12:29:45.746"/>
</kw>
<if>
<branch type="IF" condition="not ${sumStatus}">
<kw name="Set Variable" library="BuiltIn">
<var>${InvoiceStatus}</var>
<arg>3</arg>
<doc>Returns the given values which can then be assigned to a variables.</doc>
<status status="NOT RUN" starttime="20240304 12:29:45.748" endtime="20240304 12:29:45.748"/>
</kw>
<kw name="Set Variable" library="BuiltIn">
<var>${InvoiceComment}</var>
<arg>Amount difference</arg>
<doc>Returns the given values which can then be assigned to a variables.</doc>
<status status="NOT RUN" starttime="20240304 12:29:45.748" endtime="20240304 12:29:45.748"/>
</kw>
<status status="NOT RUN" starttime="20240304 12:29:45.746" endtime="20240304 12:29:45.748"/>
</branch>
<status status="PASS" starttime="20240304 12:29:45.746" endtime="20240304 12:29:45.748"/>
</if>
<kw name="Set Variable" library="BuiltIn">
<var>${foreignKeyChecks0}</var>
<arg>SET FOREIGN_KEY_CHECKS=0;</arg>
<doc>Returns the given values which can then be assigned to a variables.</doc>
<msg timestamp="20240304 12:29:45.748" level="INFO">${foreignKeyChecks0} = SET FOREIGN_KEY_CHECKS=0;</msg>
<status status="PASS" starttime="20240304 12:29:45.748" endtime="20240304 12:29:45.748"/>
</kw>
<kw name="Set Variable" library="BuiltIn">
<var>${insertStmt}</var>
<arg>insert into invoiceheader (invoicenumber, companyname, companycode, referencenumber, invoicedate, duedate, bankaccountnumber, amountexclvat, vat, totalamount, invoicestatus_id, comments) values ('${items}[0]', '${items}[1]', '${items}[5]', '${items}[2]', '${invoiceDate}', '${dueDate}', '${items}[6]', '${items}[7]', '${items}[8]', '${items}[9]', '${InvoiceStatus}', '${InvoiceComment}');</arg>
<doc>Returns the given values which can then be assigned to a variables.</doc>
<msg timestamp="20240304 12:29:45.749" level="INFO">${insertStmt} = insert into invoiceheader (invoicenumber, companyname, companycode, referencenumber, invoicedate, duedate, bankaccountnumber, amountexclvat, vat, totalamount, invoicestatus_id, comments) values ('1531...</msg>
<status status="PASS" starttime="20240304 12:29:45.749" endtime="20240304 12:29:45.749"/>
</kw>
<kw name="Execute Sql String" library="DatabaseLibrary">
<arg>${foreignKeyChecks0}</arg>
<doc>Executes the sqlString as SQL commands. Useful to pass arguments to your sql. Set optional input `sansTran` to
True to run command without an explicit transaction commit or rollback.</doc>
<msg timestamp="20240304 12:29:45.749" level="INFO">Executing : Execute SQL String  |  SET FOREIGN_KEY_CHECKS=0; </msg>
<status status="PASS" starttime="20240304 12:29:45.749" endtime="20240304 12:29:45.750"/>
</kw>
<kw name="Execute Sql String" library="DatabaseLibrary">
<arg>${insertStmt}</arg>
<doc>Executes the sqlString as SQL commands. Useful to pass arguments to your sql. Set optional input `sansTran` to
True to run command without an explicit transaction commit or rollback.</doc>
<msg timestamp="20240304 12:29:45.751" level="INFO">Executing : Execute SQL String  |  insert into invoiceheader (invoicenumber, companyname, companycode, referencenumber, invoicedate, duedate, bankaccountnumber, amountexclvat, vat, totalamount, invoicestatus_id, comments) values ('153143', 'Service Provider Oy', '1234567-8', '1531439', '2022-12-15', '2021-04-01', 'FI12 3456 7890 1234 56', '2700', '648', '3348', '0', 'All OK'); </msg>
<status status="PASS" starttime="20240304 12:29:45.751" endtime="20240304 12:29:45.754"/>
</kw>
<status status="PASS" starttime="20240304 12:29:45.728" endtime="20240304 12:29:45.754"/>
</kw>
<for flavor="IN">
<var>${rowElement}</var>
<value>@{ListToDB}</value>
<iter>
<var name="${rowElement}">['153143', '1', 'Installation Services', '5', 'h', '60', '24', '72', '372']</var>
<kw name="Add Invoice Row To DB">
<arg>${rowElement}</arg>
<kw name="Make Connection">
<arg>${dbname}</arg>
<kw name="Connect To Database" library="DatabaseLibrary">
<arg>pymysql</arg>
<arg>${dbtoconnect}</arg>
<arg>${dbuser}</arg>
<arg>${dbpass}</arg>
<arg>${dbhost}</arg>
<arg>${dbport}</arg>
<doc>Loads the DB API 2.0 module given `dbapiModuleName` then uses it to
connect to the database using `dbName`, `dbUsername`, and `dbPassword`.</doc>
<msg timestamp="20240304 12:29:45.757" level="INFO">Connecting using : pymysql.connect(db=rpa, user=robotuser, passwd=***, host=localhost, port=3306, charset=None) </msg>
<status status="PASS" starttime="20240304 12:29:45.756" endtime="20240304 12:29:45.779"/>
</kw>
<status status="PASS" starttime="20240304 12:29:45.756" endtime="20240304 12:29:45.780"/>
</kw>
<kw name="Set Variable" library="BuiltIn">
<var>${insertStmt}</var>
<arg>insert into invoicerow (invoicenumber, rownumber, description, quantity, unit, unitprice, vatpercent, vat, total) values ('${items}[0]', '${items}[1]', '${items}[2]', '${items}[3]', '${items}[4]', '${items}[5]', '${items}[6]', '${items}[7]', '${items}[8]');</arg>
<doc>Returns the given values which can then be assigned to a variables.</doc>
<msg timestamp="20240304 12:29:45.781" level="INFO">${insertStmt} = insert into invoicerow (invoicenumber, rownumber, description, quantity, unit, unitprice, vatpercent, vat, total) values ('153143', '1', 'Installation Services', '5', 'h', '60', '24', '72', '372');</msg>
<status status="PASS" starttime="20240304 12:29:45.780" endtime="20240304 12:29:45.781"/>
</kw>
<kw name="Execute Sql String" library="DatabaseLibrary">
<arg>${insertStmt}</arg>
<doc>Executes the sqlString as SQL commands. Useful to pass arguments to your sql. Set optional input `sansTran` to
True to run command without an explicit transaction commit or rollback.</doc>
<msg timestamp="20240304 12:29:45.782" level="INFO">Executing : Execute SQL String  |  insert into invoicerow (invoicenumber, rownumber, description, quantity, unit, unitprice, vatpercent, vat, total) values ('153143', '1', 'Installation Services', '5', 'h', '60', '24', '72', '372'); </msg>
<status status="PASS" starttime="20240304 12:29:45.782" endtime="20240304 12:29:45.785"/>
</kw>
<status status="PASS" starttime="20240304 12:29:45.755" endtime="20240304 12:29:45.785"/>
</kw>
<status status="PASS" starttime="20240304 12:29:45.755" endtime="20240304 12:29:45.786"/>
</iter>
<iter>
<var name="${rowElement}">['153143', '2', 'Replacement Products', '10', 'kpl', '105', '24', '252', '1302']</var>
<kw name="Add Invoice Row To DB">
<arg>${rowElement}</arg>
<kw name="Make Connection">
<arg>${dbname}</arg>
<kw name="Connect To Database" library="DatabaseLibrary">
<arg>pymysql</arg>
<arg>${dbtoconnect}</arg>
<arg>${dbuser}</arg>
<arg>${dbpass}</arg>
<arg>${dbhost}</arg>
<arg>${dbport}</arg>
<doc>Loads the DB API 2.0 module given `dbapiModuleName` then uses it to
connect to the database using `dbName`, `dbUsername`, and `dbPassword`.</doc>
<msg timestamp="20240304 12:29:45.788" level="INFO">Connecting using : pymysql.connect(db=rpa, user=robotuser, passwd=***, host=localhost, port=3306, charset=None) </msg>
<status status="PASS" starttime="20240304 12:29:45.787" endtime="20240304 12:29:45.791"/>
</kw>
<status status="PASS" starttime="20240304 12:29:45.787" endtime="20240304 12:29:45.791"/>
</kw>
<kw name="Set Variable" library="BuiltIn">
<var>${insertStmt}</var>
<arg>insert into invoicerow (invoicenumber, rownumber, description, quantity, unit, unitprice, vatpercent, vat, total) values ('${items}[0]', '${items}[1]', '${items}[2]', '${items}[3]', '${items}[4]', '${items}[5]', '${items}[6]', '${items}[7]', '${items}[8]');</arg>
<doc>Returns the given values which can then be assigned to a variables.</doc>
<msg timestamp="20240304 12:29:45.792" level="INFO">${insertStmt} = insert into invoicerow (invoicenumber, rownumber, description, quantity, unit, unitprice, vatpercent, vat, total) values ('153143', '2', 'Replacement Products', '10', 'kpl', '105', '24', '252', '1302'...</msg>
<status status="PASS" starttime="20240304 12:29:45.791" endtime="20240304 12:29:45.792"/>
</kw>
<kw name="Execute Sql String" library="DatabaseLibrary">
<arg>${insertStmt}</arg>
<doc>Executes the sqlString as SQL commands. Useful to pass arguments to your sql. Set optional input `sansTran` to
True to run command without an explicit transaction commit or rollback.</doc>
<msg timestamp="20240304 12:29:45.792" level="INFO">Executing : Execute SQL String  |  insert into invoicerow (invoicenumber, rownumber, description, quantity, unit, unitprice, vatpercent, vat, total) values ('153143', '2', 'Replacement Products', '10', 'kpl', '105', '24', '252', '1302'); </msg>
<status status="PASS" starttime="20240304 12:29:45.792" endtime="20240304 12:29:45.795"/>
</kw>
<status status="PASS" starttime="20240304 12:29:45.786" endtime="20240304 12:29:45.796"/>
</kw>
<status status="PASS" starttime="20240304 12:29:45.786" endtime="20240304 12:29:45.796"/>
</iter>
<iter>
<var name="${rowElement}">['153143', '3', 'Cleaning Services', '5', 'h', '60', '24', '72', '372']</var>
<kw name="Add Invoice Row To DB">
<arg>${rowElement}</arg>
<kw name="Make Connection">
<arg>${dbname}</arg>
<kw name="Connect To Database" library="DatabaseLibrary">
<arg>pymysql</arg>
<arg>${dbtoconnect}</arg>
<arg>${dbuser}</arg>
<arg>${dbpass}</arg>
<arg>${dbhost}</arg>
<arg>${dbport}</arg>
<doc>Loads the DB API 2.0 module given `dbapiModuleName` then uses it to
connect to the database using `dbName`, `dbUsername`, and `dbPassword`.</doc>
<msg timestamp="20240304 12:29:45.799" level="INFO">Connecting using : pymysql.connect(db=rpa, user=robotuser, passwd=***, host=localhost, port=3306, charset=None) </msg>
<status status="PASS" starttime="20240304 12:29:45.798" endtime="20240304 12:29:45.825"/>
</kw>
<status status="PASS" starttime="20240304 12:29:45.797" endtime="20240304 12:29:45.825"/>
</kw>
<kw name="Set Variable" library="BuiltIn">
<var>${insertStmt}</var>
<arg>insert into invoicerow (invoicenumber, rownumber, description, quantity, unit, unitprice, vatpercent, vat, total) values ('${items}[0]', '${items}[1]', '${items}[2]', '${items}[3]', '${items}[4]', '${items}[5]', '${items}[6]', '${items}[7]', '${items}[8]');</arg>
<doc>Returns the given values which can then be assigned to a variables.</doc>
<msg timestamp="20240304 12:29:45.826" level="INFO">${insertStmt} = insert into invoicerow (invoicenumber, rownumber, description, quantity, unit, unitprice, vatpercent, vat, total) values ('153143', '3', 'Cleaning Services', '5', 'h', '60', '24', '72', '372');</msg>
<status status="PASS" starttime="20240304 12:29:45.826" endtime="20240304 12:29:45.826"/>
</kw>
<kw name="Execute Sql String" library="DatabaseLibrary">
<arg>${insertStmt}</arg>
<doc>Executes the sqlString as SQL commands. Useful to pass arguments to your sql. Set optional input `sansTran` to
True to run command without an explicit transaction commit or rollback.</doc>
<msg timestamp="20240304 12:29:45.827" level="INFO">Executing : Execute SQL String  |  insert into invoicerow (invoicenumber, rownumber, description, quantity, unit, unitprice, vatpercent, vat, total) values ('153143', '3', 'Cleaning Services', '5', 'h', '60', '24', '72', '372'); </msg>
<status status="PASS" starttime="20240304 12:29:45.826" endtime="20240304 12:29:45.829"/>
</kw>
<status status="PASS" starttime="20240304 12:29:45.797" endtime="20240304 12:29:45.830"/>
</kw>
<status status="PASS" starttime="20240304 12:29:45.796" endtime="20240304 12:29:45.830"/>
</iter>
<iter>
<var name="${rowElement}">['153143', '4', 'Cleaning Wipes', '10', 'kpl', '105', '24', '252', '1302']</var>
<kw name="Add Invoice Row To DB">
<arg>${rowElement}</arg>
<kw name="Make Connection">
<arg>${dbname}</arg>
<kw name="Connect To Database" library="DatabaseLibrary">
<arg>pymysql</arg>
<arg>${dbtoconnect}</arg>
<arg>${dbuser}</arg>
<arg>${dbpass}</arg>
<arg>${dbhost}</arg>
<arg>${dbport}</arg>
<doc>Loads the DB API 2.0 module given `dbapiModuleName` then uses it to
connect to the database using `dbName`, `dbUsername`, and `dbPassword`.</doc>
<msg timestamp="20240304 12:29:45.832" level="INFO">Connecting using : pymysql.connect(db=rpa, user=robotuser, passwd=***, host=localhost, port=3306, charset=None) </msg>
<status status="PASS" starttime="20240304 12:29:45.832" endtime="20240304 12:29:45.856"/>
</kw>
<status status="PASS" starttime="20240304 12:29:45.831" endtime="20240304 12:29:45.856"/>
</kw>
<kw name="Set Variable" library="BuiltIn">
<var>${insertStmt}</var>
<arg>insert into invoicerow (invoicenumber, rownumber, description, quantity, unit, unitprice, vatpercent, vat, total) values ('${items}[0]', '${items}[1]', '${items}[2]', '${items}[3]', '${items}[4]', '${items}[5]', '${items}[6]', '${items}[7]', '${items}[8]');</arg>
<doc>Returns the given values which can then be assigned to a variables.</doc>
<msg timestamp="20240304 12:29:45.856" level="INFO">${insertStmt} = insert into invoicerow (invoicenumber, rownumber, description, quantity, unit, unitprice, vatpercent, vat, total) values ('153143', '4', 'Cleaning Wipes', '10', 'kpl', '105', '24', '252', '1302');</msg>
<status status="PASS" starttime="20240304 12:29:45.856" endtime="20240304 12:29:45.856"/>
</kw>
<kw name="Execute Sql String" library="DatabaseLibrary">
<arg>${insertStmt}</arg>
<doc>Executes the sqlString as SQL commands. Useful to pass arguments to your sql. Set optional input `sansTran` to
True to run command without an explicit transaction commit or rollback.</doc>
<msg timestamp="20240304 12:29:45.857" level="INFO">Executing : Execute SQL String  |  insert into invoicerow (invoicenumber, rownumber, description, quantity, unit, unitprice, vatpercent, vat, total) values ('153143', '4', 'Cleaning Wipes', '10', 'kpl', '105', '24', '252', '1302'); </msg>
<status status="PASS" starttime="20240304 12:29:45.857" endtime="20240304 12:29:45.859"/>
</kw>
<status status="PASS" starttime="20240304 12:29:45.831" endtime="20240304 12:29:45.860"/>
</kw>
<status status="PASS" starttime="20240304 12:29:45.831" endtime="20240304 12:29:45.860"/>
</iter>
<status status="PASS" starttime="20240304 12:29:45.754" endtime="20240304 12:29:45.860"/>
</for>
<status status="PASS" starttime="20240304 12:29:45.727" endtime="20240304 12:29:45.860"/>
</branch>
<status status="PASS" starttime="20240304 12:29:45.727" endtime="20240304 12:29:45.860"/>
</if>
<status status="PASS" starttime="20240304 12:29:45.726" endtime="20240304 12:29:45.860"/>
</iter>
<status status="PASS" starttime="20240304 12:29:45.703" endtime="20240304 12:29:45.860"/>
</for>
<status status="PASS" starttime="20240304 12:29:45.703" endtime="20240304 12:29:45.860"/>
</branch>
<status status="PASS" starttime="20240304 12:29:45.702" endtime="20240304 12:29:45.860"/>
</if>
<status status="PASS" starttime="20240304 12:29:45.169" endtime="20240304 12:29:45.861"/>
</test>
<status status="PASS" starttime="20240304 12:29:45.070" endtime="20240304 12:29:45.862"/>
</suite>
<statistics>
<total>
<stat pass="2" fail="0" skip="0">All Tests</stat>
</total>
<tag>
</tag>
<suite>
<stat pass="2" fail="0" skip="0" id="s1" name="Rf Project">Rf Project</stat>
</suite>
</statistics>
<errors>
</errors>
</robot>
