<?xml version="1.0" encoding="UTF-8"?>
<robot generator="Robot 6.1.1 (Python 3.11.4 on win32)" generated="20240229 15:58:00.026" rpa="false" schemaversion="4">
<suite id="s1" name="Rf Project" source="c:\Users\royha\OneDrive - Hämeen ammattikorkeakoulu\Software Robotics and Automation\SoftwareRoboticsProject\Project files - UiPath Studio, Robot Framework\RobotFramework\rf_project.robot">
<test id="s1-t1" name="Read CSV file to list" line="47">
<kw name="Get File" library="OperatingSystem">
<var>${outputHeader}</var>
<arg>${PATH}InvoiceHeaderData.csv</arg>
<doc>Returns the contents of a specified file.</doc>
<msg timestamp="20240229 15:58:00.074" level="INFO" html="true">Getting file '&lt;a href="file://C:\Users\royha\OneDrive - Hämeen ammattikorkeakoulu\Software Robotics and Automation\SoftwareRoboticsProject\Project files - UiPath Studio, Robot Framework\RobotFramework\InvoiceHeaderData.csv"&gt;C:\Users\royha\OneDrive - Hämeen ammattikorkeakoulu\Software Robotics and Automation\SoftwareRoboticsProject\Project files - UiPath Studio, Robot Framework\RobotFramework\InvoiceHeaderData.csv&lt;/a&gt;'.</msg>
<msg timestamp="20240229 15:58:00.076" level="INFO">${outputHeader} = ﻿InvoiceNumber;CompanyName;ReferenceNumber;InvoiceDate;DueDate;CompanyCode;BankAccoundNumber;AmountExclVAT;VATAmount;TotalAmount
143143;Service Provider Oy;1431432;15.12.2022;07.04.2021;1234567-8;FI12...</msg>
<status status="PASS" starttime="20240229 15:58:00.073" endtime="20240229 15:58:00.076"/>
</kw>
<kw name="Get File" library="OperatingSystem">
<var>${outputRows}</var>
<arg>${PATH}InvoiceRowData.csv</arg>
<doc>Returns the contents of a specified file.</doc>
<msg timestamp="20240229 15:58:00.077" level="INFO" html="true">Getting file '&lt;a href="file://C:\Users\royha\OneDrive - Hämeen ammattikorkeakoulu\Software Robotics and Automation\SoftwareRoboticsProject\Project files - UiPath Studio, Robot Framework\RobotFramework\InvoiceRowData.csv"&gt;C:\Users\royha\OneDrive - Hämeen ammattikorkeakoulu\Software Robotics and Automation\SoftwareRoboticsProject\Project files - UiPath Studio, Robot Framework\RobotFramework\InvoiceRowData.csv&lt;/a&gt;'.</msg>
<msg timestamp="20240229 15:58:00.077" level="INFO">${outputRows} = ﻿Description;Quantity;Unit;UnitPrice;VATPercent;VAT;Total;InvoiceNumber;RowNumber
Installation Services;5;h;60;24;72;372;143143;1
Replacement Products;10;kpl;105;24;252;1302;143143;2
Keyboard Logitech...</msg>
<status status="PASS" starttime="20240229 15:58:00.076" endtime="20240229 15:58:00.077"/>
</kw>
<kw name="Log" library="BuiltIn">
<arg>${outputHeader}</arg>
<doc>Logs the given message with the given level.</doc>
<msg timestamp="20240229 15:58:00.078" level="INFO">﻿InvoiceNumber;CompanyName;ReferenceNumber;InvoiceDate;DueDate;CompanyCode;BankAccoundNumber;AmountExclVAT;VATAmount;TotalAmount
143143;Service Provider Oy;1431432;15.12.2022;07.04.2021;1234567-8;FI12 3456 7890 1234 56;1350;324;1674
1543235;Component Oy;15432359;01.10.2022;15.10.2022;1234567-9;FI05 1234 5600 7891 01;465;111.6;576.6
153143;Service Provider Oy;1531439;15.12.2022;01.04.2021;1234567-8;FI12 3456 7890 1234 56;2700;648;3348
</msg>
<status status="PASS" starttime="20240229 15:58:00.078" endtime="20240229 15:58:00.078"/>
</kw>
<kw name="Log" library="BuiltIn">
<arg>${outputRows}</arg>
<doc>Logs the given message with the given level.</doc>
<msg timestamp="20240229 15:58:00.079" level="INFO">﻿Description;Quantity;Unit;UnitPrice;VATPercent;VAT;Total;InvoiceNumber;RowNumber
Installation Services;5;h;60;24;72;372;143143;1
Replacement Products;10;kpl;105;24;252;1302;143143;2
Keyboard Logitech;10;kpl;40;24;96;496;1543235;1
Brother printer;1;kpl;65;24;15.6;80.6;1543235;2
Installation Services;5;h;60;24;72;372;153143;1
Replacement Products;10;kpl;105;24;252;1302;153143;2
Cleaning Services;5;h;60;24;72;372;153143;3
Cleaning Wipes;10;kpl;105;24;252;1302;153143;4
</msg>
<status status="PASS" starttime="20240229 15:58:00.078" endtime="20240229 15:58:00.079"/>
</kw>
<kw name="Split String" library="String">
<var>@{headers}</var>
<arg>${outputHeader}</arg>
<arg>\n</arg>
<doc>Splits the ``string`` using ``separator`` as a delimiter string.</doc>
<msg timestamp="20240229 15:58:00.079" level="INFO">@{headers} = [ ﻿InvoiceNumber;CompanyName;ReferenceNumber;InvoiceDate;DueDate;CompanyCode;BankAccoundNumber;AmountExclVAT;VATAmount;TotalAmount | 143143;Service Provider Oy;1431432;15.12.2022;07.04.2021;1234567-8;...</msg>
<status status="PASS" starttime="20240229 15:58:00.079" endtime="20240229 15:58:00.079"/>
</kw>
<kw name="Split String" library="String">
<var>@{rows}</var>
<arg>${outputRows}</arg>
<arg>\n</arg>
<doc>Splits the ``string`` using ``separator`` as a delimiter string.</doc>
<msg timestamp="20240229 15:58:00.081" level="INFO">@{rows} = [ ﻿Description;Quantity;Unit;UnitPrice;VATPercent;VAT;Total;InvoiceNumber;RowNumber | Installation Services;5;h;60;24;72;372;143143;1 | Replacement Products;10;kpl;105;24;252;1302;143143;2 | Keyboard ...</msg>
<status status="PASS" starttime="20240229 15:58:00.079" endtime="20240229 15:58:00.081"/>
</kw>
<kw name="Get Length" library="BuiltIn">
<var>${length}</var>
<arg>${headers}</arg>
<doc>Returns and logs the length of the given item as an integer.</doc>
<msg timestamp="20240229 15:58:00.081" level="INFO">Length is 5</msg>
<msg timestamp="20240229 15:58:00.081" level="INFO">${length} = 5</msg>
<status status="PASS" starttime="20240229 15:58:00.081" endtime="20240229 15:58:00.081"/>
</kw>
<kw name="Evaluate" library="BuiltIn">
<var>${length}</var>
<arg>${length}-1</arg>
<doc>Evaluates the given expression in Python and returns the result.</doc>
<msg timestamp="20240229 15:58:00.082" level="INFO">${length} = 4</msg>
<status status="PASS" starttime="20240229 15:58:00.082" endtime="20240229 15:58:00.082"/>
</kw>
<kw name="Convert To Integer" library="BuiltIn">
<var>${index}</var>
<arg>0</arg>
<doc>Converts the given item to an integer number.</doc>
<msg timestamp="20240229 15:58:00.083" level="INFO">${index} = 0</msg>
<status status="PASS" starttime="20240229 15:58:00.082" endtime="20240229 15:58:00.083"/>
</kw>
<kw name="Remove From List" library="Collections">
<arg>${headers}</arg>
<arg>${length}</arg>
<doc>Removes and returns the value specified with an ``index`` from ``list``.</doc>
<status status="PASS" starttime="20240229 15:58:00.083" endtime="20240229 15:58:00.083"/>
</kw>
<kw name="Remove From List" library="Collections">
<arg>${headers}</arg>
<arg>${index}</arg>
<doc>Removes and returns the value specified with an ``index`` from ``list``.</doc>
<status status="PASS" starttime="20240229 15:58:00.083" endtime="20240229 15:58:00.083"/>
</kw>
<kw name="Get Length" library="BuiltIn">
<var>${length}</var>
<arg>${rows}</arg>
<doc>Returns and logs the length of the given item as an integer.</doc>
<msg timestamp="20240229 15:58:00.084" level="INFO">Length is 10</msg>
<msg timestamp="20240229 15:58:00.084" level="INFO">${length} = 10</msg>
<status status="PASS" starttime="20240229 15:58:00.084" endtime="20240229 15:58:00.084"/>
</kw>
<kw name="Evaluate" library="BuiltIn">
<var>${length}</var>
<arg>${length}-1</arg>
<doc>Evaluates the given expression in Python and returns the result.</doc>
<msg timestamp="20240229 15:58:00.084" level="INFO">${length} = 9</msg>
<status status="PASS" starttime="20240229 15:58:00.084" endtime="20240229 15:58:00.084"/>
</kw>
<kw name="Remove From List" library="Collections">
<arg>${rows}</arg>
<arg>${length}</arg>
<doc>Removes and returns the value specified with an ``index`` from ``list``.</doc>
<status status="PASS" starttime="20240229 15:58:00.084" endtime="20240229 15:58:00.086"/>
</kw>
<kw name="Remove From List" library="Collections">
<arg>${rows}</arg>
<arg>${index}</arg>
<doc>Removes and returns the value specified with an ``index`` from ``list``.</doc>
<status status="PASS" starttime="20240229 15:58:00.086" endtime="20240229 15:58:00.086"/>
</kw>
<kw name="Set Global Variable" library="BuiltIn">
<arg>${headers}</arg>
<doc>Makes a variable available globally in all tests and suites.</doc>
<msg timestamp="20240229 15:58:00.086" level="INFO">${headers} = ['143143;Service Provider Oy;1431432;15.12.2022;07.04.2021;1234567-8;FI12 3456 7890 1234 56;1350;324;1674', '1543235;Component Oy;15432359;01.10.2022;15.10.2022;1234567-9;FI05 1234 5600 7891 01;465;11...</msg>
<status status="PASS" starttime="20240229 15:58:00.086" endtime="20240229 15:58:00.086"/>
</kw>
<kw name="Set Global Variable" library="BuiltIn">
<arg>${rows}</arg>
<doc>Makes a variable available globally in all tests and suites.</doc>
<msg timestamp="20240229 15:58:00.086" level="INFO">${rows} = ['Installation Services;5;h;60;24;72;372;143143;1', 'Replacement Products;10;kpl;105;24;252;1302;143143;2', 'Keyboard Logitech;10;kpl;40;24;96;496;1543235;1', 'Brother printer;1;kpl;65;24;15.6;80.6;15...</msg>
<status status="PASS" starttime="20240229 15:58:00.086" endtime="20240229 15:58:00.087"/>
</kw>
<status status="PASS" starttime="20240229 15:58:00.073" endtime="20240229 15:58:00.087"/>
</test>
<test id="s1-t2" name="Loop all invoicerows" line="167">
<for flavor="IN">
<var>${element}</var>
<value>@{rows}</value>
<iter>
<var name="${element}">Installation Services;5;h;60;24;72;372;143143;1</var>
<kw name="Log" library="BuiltIn">
<arg>${element}</arg>
<doc>Logs the given message with the given level.</doc>
<msg timestamp="20240229 15:58:00.090" level="INFO">Installation Services;5;h;60;24;72;372;143143;1</msg>
<status status="PASS" starttime="20240229 15:58:00.090" endtime="20240229 15:58:00.090"/>
</kw>
<kw name="Split String" library="String">
<var>@{items}</var>
<arg>${element}</arg>
<arg>;</arg>
<doc>Splits the ``string`` using ``separator`` as a delimiter string.</doc>
<msg timestamp="20240229 15:58:00.091" level="INFO">@{items} = [ Installation Services | 5 | h | 60 | 24 | 72 | 372 | 143143 | 1 ]</msg>
<status status="PASS" starttime="20240229 15:58:00.090" endtime="20240229 15:58:00.091"/>
</kw>
<kw name="Set Variable" library="BuiltIn">
<var>${rowInvoiceNumber}</var>
<arg>${items}[7]</arg>
<doc>Returns the given values which can then be assigned to a variables.</doc>
<msg timestamp="20240229 15:58:00.091" level="INFO">${rowInvoiceNumber} = 143143</msg>
<status status="PASS" starttime="20240229 15:58:00.091" endtime="20240229 15:58:00.092"/>
</kw>
<kw name="Log" library="BuiltIn">
<arg>${rowInvoiceNumber}</arg>
<doc>Logs the given message with the given level.</doc>
<msg timestamp="20240229 15:58:00.092" level="INFO">143143</msg>
<status status="PASS" starttime="20240229 15:58:00.092" endtime="20240229 15:58:00.092"/>
</kw>
<kw name="Log" library="BuiltIn">
<arg>${InvoiceNumber}</arg>
<doc>Logs the given message with the given level.</doc>
<msg timestamp="20240229 15:58:00.092" level="INFO">empty</msg>
<status status="PASS" starttime="20240229 15:58:00.092" endtime="20240229 15:58:00.093"/>
</kw>
<if>
<branch type="IF" condition="'${rowInvoiceNumber}' == '${InvoiceNumber}'">
<kw name="Log" library="BuiltIn">
<arg>Add rows to the invoice</arg>
<doc>Logs the given message with the given level.</doc>
<status status="NOT RUN" starttime="20240229 15:58:00.093" endtime="20240229 15:58:00.093"/>
</kw>
<kw name="Add Row Data to list">
<arg>${items}</arg>
<status status="NOT RUN" starttime="20240229 15:58:00.093" endtime="20240229 15:58:00.093"/>
</kw>
<status status="NOT RUN" starttime="20240229 15:58:00.093" endtime="20240229 15:58:00.094"/>
</branch>
<branch type="ELSE">
<kw name="Log" library="BuiltIn">
<arg>Need to check if database list already has rows</arg>
<doc>Logs the given message with the given level.</doc>
<msg timestamp="20240229 15:58:00.094" level="INFO">Need to check if database list already has rows</msg>
<status status="PASS" starttime="20240229 15:58:00.094" endtime="20240229 15:58:00.094"/>
</kw>
<kw name="Get Length" library="BuiltIn">
<var>${length}</var>
<arg>${ListToDB}</arg>
<doc>Returns and logs the length of the given item as an integer.</doc>
<msg timestamp="20240229 15:58:00.095" level="INFO">Length is 0</msg>
<msg timestamp="20240229 15:58:00.095" level="INFO">${length} = 0</msg>
<status status="PASS" starttime="20240229 15:58:00.095" endtime="20240229 15:58:00.095"/>
</kw>
<if>
<branch type="IF" condition="${length} == ${0}">
<kw name="Log" library="BuiltIn">
<arg>First invoice case</arg>
<doc>Logs the given message with the given level.</doc>
<msg timestamp="20240229 15:58:00.096" level="INFO">First invoice case</msg>
<status status="PASS" starttime="20240229 15:58:00.096" endtime="20240229 15:58:00.096"/>
</kw>
<kw name="Set Variable" library="BuiltIn">
<var>${InvoiceNumber}</var>
<arg>${rowInvoiceNumber}</arg>
<doc>Returns the given values which can then be assigned to a variables.</doc>
<msg timestamp="20240229 15:58:00.096" level="INFO">${InvoiceNumber} = 143143</msg>
<status status="PASS" starttime="20240229 15:58:00.096" endtime="20240229 15:58:00.097"/>
</kw>
<kw name="Set Global Variable" library="BuiltIn">
<arg>${InvoiceNumber}</arg>
<doc>Makes a variable available globally in all tests and suites.</doc>
<msg timestamp="20240229 15:58:00.097" level="INFO">${InvoiceNumber} = 143143</msg>
<status status="PASS" starttime="20240229 15:58:00.097" endtime="20240229 15:58:00.097"/>
</kw>
<kw name="Add Row Data to list">
<arg>${items}</arg>
<kw name="Create List" library="BuiltIn">
<var>@{AddInvoiceRowData}</var>
<doc>Returns a list containing given items.</doc>
<msg timestamp="20240229 15:58:00.098" level="INFO">@{AddInvoiceRowData} = [ ]</msg>
<status status="PASS" starttime="20240229 15:58:00.098" endtime="20240229 15:58:00.098"/>
</kw>
<kw name="Append To List" library="Collections">
<arg>${AddInvoiceRowData}</arg>
<arg>${InvoiceNumber}</arg>
<doc>Adds ``values`` to the end of ``list``.</doc>
<status status="PASS" starttime="20240229 15:58:00.098" endtime="20240229 15:58:00.098"/>
</kw>
<kw name="Append To List" library="Collections">
<arg>${AddInvoiceRowData}</arg>
<arg>${items}[8]</arg>
<doc>Adds ``values`` to the end of ``list``.</doc>
<status status="PASS" starttime="20240229 15:58:00.098" endtime="20240229 15:58:00.099"/>
</kw>
<kw name="Append To List" library="Collections">
<arg>${AddInvoiceRowData}</arg>
<arg>${items}[0]</arg>
<doc>Adds ``values`` to the end of ``list``.</doc>
<status status="PASS" starttime="20240229 15:58:00.099" endtime="20240229 15:58:00.099"/>
</kw>
<kw name="Append To List" library="Collections">
<arg>${AddInvoiceRowData}</arg>
<arg>${items}[1]</arg>
<doc>Adds ``values`` to the end of ``list``.</doc>
<status status="PASS" starttime="20240229 15:58:00.099" endtime="20240229 15:58:00.099"/>
</kw>
<kw name="Append To List" library="Collections">
<arg>${AddInvoiceRowData}</arg>
<arg>${items}[2]</arg>
<doc>Adds ``values`` to the end of ``list``.</doc>
<status status="PASS" starttime="20240229 15:58:00.099" endtime="20240229 15:58:00.100"/>
</kw>
<kw name="Append To List" library="Collections">
<arg>${AddInvoiceRowData}</arg>
<arg>${items}[3]</arg>
<doc>Adds ``values`` to the end of ``list``.</doc>
<status status="PASS" starttime="20240229 15:58:00.100" endtime="20240229 15:58:00.100"/>
</kw>
<kw name="Append To List" library="Collections">
<arg>${AddInvoiceRowData}</arg>
<arg>${items}[4]</arg>
<doc>Adds ``values`` to the end of ``list``.</doc>
<status status="PASS" starttime="20240229 15:58:00.100" endtime="20240229 15:58:00.100"/>
</kw>
<kw name="Append To List" library="Collections">
<arg>${AddInvoiceRowData}</arg>
<arg>${items}[5]</arg>
<doc>Adds ``values`` to the end of ``list``.</doc>
<status status="PASS" starttime="20240229 15:58:00.101" endtime="20240229 15:58:00.101"/>
</kw>
<kw name="Append To List" library="Collections">
<arg>${AddInvoiceRowData}</arg>
<arg>${items}[6]</arg>
<doc>Adds ``values`` to the end of ``list``.</doc>
<status status="PASS" starttime="20240229 15:58:00.101" endtime="20240229 15:58:00.101"/>
</kw>
<kw name="Append To List" library="Collections">
<arg>${ListToDB}</arg>
<arg>${AddInvoiceRowData}</arg>
<doc>Adds ``values`` to the end of ``list``.</doc>
<status status="PASS" starttime="20240229 15:58:00.101" endtime="20240229 15:58:00.102"/>
</kw>
<status status="PASS" starttime="20240229 15:58:00.097" endtime="20240229 15:58:00.102"/>
</kw>
<status status="PASS" starttime="20240229 15:58:00.095" endtime="20240229 15:58:00.102"/>
</branch>
<branch type="ELSE">
<kw name="Log" library="BuiltIn">
<arg>Invoice changes, need to also process header data</arg>
<doc>Logs the given message with the given level.</doc>
<status status="NOT RUN" starttime="20240229 15:58:00.102" endtime="20240229 15:58:00.103"/>
</kw>
<for flavor="IN">
<var>${headerElement}</var>
<value>@{headers}</value>
<iter>
<var name="${headerElement}"/>
<kw name="Split String" library="String">
<var>${headerItems}</var>
<arg>${headerElement}</arg>
<arg>;</arg>
<doc>Splits the ``string`` using ``separator`` as a delimiter string.</doc>
<status status="NOT RUN" starttime="20240229 15:58:00.103" endtime="20240229 15:58:00.103"/>
</kw>
<if>
<branch type="IF" condition="'${headerItems}[0]' == '${InvoiceNumber}'">
<kw name="Log" library="BuiltIn">
<arg>Invoice found</arg>
<doc>Logs the given message with the given level.</doc>
<status status="NOT RUN" starttime="20240229 15:58:00.104" endtime="20240229 15:58:00.104"/>
</kw>
<kw name="Add Invoice Header to DB">
<arg>${headerItems}</arg>
<arg>${ListToDB}</arg>
<status status="NOT RUN" starttime="20240229 15:58:00.104" endtime="20240229 15:58:00.104"/>
</kw>
<for flavor="IN">
<var>${rowElement}</var>
<value>@{ListToDB}</value>
<iter>
<var name="${rowElement}"/>
<kw name="Add Invoice Row To DB">
<arg>${rowElement}</arg>
<status status="NOT RUN" starttime="20240229 15:58:00.104" endtime="20240229 15:58:00.104"/>
</kw>
<status status="NOT RUN" starttime="20240229 15:58:00.104" endtime="20240229 15:58:00.104"/>
</iter>
<status status="NOT RUN" starttime="20240229 15:58:00.104" endtime="20240229 15:58:00.104"/>
</for>
<status status="NOT RUN" starttime="20240229 15:58:00.103" endtime="20240229 15:58:00.105"/>
</branch>
<status status="NOT RUN" starttime="20240229 15:58:00.103" endtime="20240229 15:58:00.105"/>
</if>
<status status="NOT RUN" starttime="20240229 15:58:00.103" endtime="20240229 15:58:00.105"/>
</iter>
<status status="NOT RUN" starttime="20240229 15:58:00.103" endtime="20240229 15:58:00.105"/>
</for>
<kw name="Create List" library="BuiltIn">
<var>@{ListToDB}</var>
<doc>Returns a list containing given items.</doc>
<status status="NOT RUN" starttime="20240229 15:58:00.105" endtime="20240229 15:58:00.105"/>
</kw>
<kw name="Set Global Variable" library="BuiltIn">
<arg>${ListToDB}</arg>
<doc>Makes a variable available globally in all tests and suites.</doc>
<status status="NOT RUN" starttime="20240229 15:58:00.105" endtime="20240229 15:58:00.105"/>
</kw>
<kw name="Set Variable" library="BuiltIn">
<var>${InvoiceNumber}</var>
<arg>${rowInvoiceNumber}</arg>
<doc>Returns the given values which can then be assigned to a variables.</doc>
<status status="NOT RUN" starttime="20240229 15:58:00.106" endtime="20240229 15:58:00.106"/>
</kw>
<kw name="Set Global Variable" library="BuiltIn">
<arg>${InvoiceNumber}</arg>
<doc>Makes a variable available globally in all tests and suites.</doc>
<status status="NOT RUN" starttime="20240229 15:58:00.106" endtime="20240229 15:58:00.106"/>
</kw>
<kw name="Add Row Data to list">
<arg>${items}</arg>
<status status="NOT RUN" starttime="20240229 15:58:00.106" endtime="20240229 15:58:00.106"/>
</kw>
<status status="NOT RUN" starttime="20240229 15:58:00.102" endtime="20240229 15:58:00.106"/>
</branch>
<status status="PASS" starttime="20240229 15:58:00.095" endtime="20240229 15:58:00.106"/>
</if>
<status status="PASS" starttime="20240229 15:58:00.094" endtime="20240229 15:58:00.106"/>
</branch>
<status status="PASS" starttime="20240229 15:58:00.093" endtime="20240229 15:58:00.107"/>
</if>
<status status="PASS" starttime="20240229 15:58:00.089" endtime="20240229 15:58:00.107"/>
</iter>
<iter>
<var name="${element}">Replacement Products;10;kpl;105;24;252;1302;143143;2</var>
<kw name="Log" library="BuiltIn">
<arg>${element}</arg>
<doc>Logs the given message with the given level.</doc>
<msg timestamp="20240229 15:58:00.107" level="INFO">Replacement Products;10;kpl;105;24;252;1302;143143;2</msg>
<status status="PASS" starttime="20240229 15:58:00.107" endtime="20240229 15:58:00.108"/>
</kw>
<kw name="Split String" library="String">
<var>@{items}</var>
<arg>${element}</arg>
<arg>;</arg>
<doc>Splits the ``string`` using ``separator`` as a delimiter string.</doc>
<msg timestamp="20240229 15:58:00.108" level="INFO">@{items} = [ Replacement Products | 10 | kpl | 105 | 24 | 252 | 1302 | 143143 | 2 ]</msg>
<status status="PASS" starttime="20240229 15:58:00.108" endtime="20240229 15:58:00.108"/>
</kw>
<kw name="Set Variable" library="BuiltIn">
<var>${rowInvoiceNumber}</var>
<arg>${items}[7]</arg>
<doc>Returns the given values which can then be assigned to a variables.</doc>
<msg timestamp="20240229 15:58:00.109" level="INFO">${rowInvoiceNumber} = 143143</msg>
<status status="PASS" starttime="20240229 15:58:00.108" endtime="20240229 15:58:00.109"/>
</kw>
<kw name="Log" library="BuiltIn">
<arg>${rowInvoiceNumber}</arg>
<doc>Logs the given message with the given level.</doc>
<msg timestamp="20240229 15:58:00.109" level="INFO">143143</msg>
<status status="PASS" starttime="20240229 15:58:00.109" endtime="20240229 15:58:00.109"/>
</kw>
<kw name="Log" library="BuiltIn">
<arg>${InvoiceNumber}</arg>
<doc>Logs the given message with the given level.</doc>
<msg timestamp="20240229 15:58:00.110" level="INFO">143143</msg>
<status status="PASS" starttime="20240229 15:58:00.109" endtime="20240229 15:58:00.110"/>
</kw>
<if>
<branch type="IF" condition="'${rowInvoiceNumber}' == '${InvoiceNumber}'">
<kw name="Log" library="BuiltIn">
<arg>Add rows to the invoice</arg>
<doc>Logs the given message with the given level.</doc>
<msg timestamp="20240229 15:58:00.110" level="INFO">Add rows to the invoice</msg>
<status status="PASS" starttime="20240229 15:58:00.110" endtime="20240229 15:58:00.110"/>
</kw>
<kw name="Add Row Data to list">
<arg>${items}</arg>
<kw name="Create List" library="BuiltIn">
<var>@{AddInvoiceRowData}</var>
<doc>Returns a list containing given items.</doc>
<msg timestamp="20240229 15:58:00.111" level="INFO">@{AddInvoiceRowData} = [ ]</msg>
<status status="PASS" starttime="20240229 15:58:00.111" endtime="20240229 15:58:00.111"/>
</kw>
<kw name="Append To List" library="Collections">
<arg>${AddInvoiceRowData}</arg>
<arg>${InvoiceNumber}</arg>
<doc>Adds ``values`` to the end of ``list``.</doc>
<status status="PASS" starttime="20240229 15:58:00.111" endtime="20240229 15:58:00.112"/>
</kw>
<kw name="Append To List" library="Collections">
<arg>${AddInvoiceRowData}</arg>
<arg>${items}[8]</arg>
<doc>Adds ``values`` to the end of ``list``.</doc>
<status status="PASS" starttime="20240229 15:58:00.112" endtime="20240229 15:58:00.112"/>
</kw>
<kw name="Append To List" library="Collections">
<arg>${AddInvoiceRowData}</arg>
<arg>${items}[0]</arg>
<doc>Adds ``values`` to the end of ``list``.</doc>
<status status="PASS" starttime="20240229 15:58:00.112" endtime="20240229 15:58:00.112"/>
</kw>
<kw name="Append To List" library="Collections">
<arg>${AddInvoiceRowData}</arg>
<arg>${items}[1]</arg>
<doc>Adds ``values`` to the end of ``list``.</doc>
<status status="PASS" starttime="20240229 15:58:00.112" endtime="20240229 15:58:00.113"/>
</kw>
<kw name="Append To List" library="Collections">
<arg>${AddInvoiceRowData}</arg>
<arg>${items}[2]</arg>
<doc>Adds ``values`` to the end of ``list``.</doc>
<status status="PASS" starttime="20240229 15:58:00.113" endtime="20240229 15:58:00.113"/>
</kw>
<kw name="Append To List" library="Collections">
<arg>${AddInvoiceRowData}</arg>
<arg>${items}[3]</arg>
<doc>Adds ``values`` to the end of ``list``.</doc>
<status status="PASS" starttime="20240229 15:58:00.113" endtime="20240229 15:58:00.113"/>
</kw>
<kw name="Append To List" library="Collections">
<arg>${AddInvoiceRowData}</arg>
<arg>${items}[4]</arg>
<doc>Adds ``values`` to the end of ``list``.</doc>
<status status="PASS" starttime="20240229 15:58:00.114" endtime="20240229 15:58:00.114"/>
</kw>
<kw name="Append To List" library="Collections">
<arg>${AddInvoiceRowData}</arg>
<arg>${items}[5]</arg>
<doc>Adds ``values`` to the end of ``list``.</doc>
<status status="PASS" starttime="20240229 15:58:00.114" endtime="20240229 15:58:00.114"/>
</kw>
<kw name="Append To List" library="Collections">
<arg>${AddInvoiceRowData}</arg>
<arg>${items}[6]</arg>
<doc>Adds ``values`` to the end of ``list``.</doc>
<status status="PASS" starttime="20240229 15:58:00.115" endtime="20240229 15:58:00.115"/>
</kw>
<kw name="Append To List" library="Collections">
<arg>${ListToDB}</arg>
<arg>${AddInvoiceRowData}</arg>
<doc>Adds ``values`` to the end of ``list``.</doc>
<status status="PASS" starttime="20240229 15:58:00.115" endtime="20240229 15:58:00.115"/>
</kw>
<status status="PASS" starttime="20240229 15:58:00.111" endtime="20240229 15:58:00.115"/>
</kw>
<status status="PASS" starttime="20240229 15:58:00.110" endtime="20240229 15:58:00.115"/>
</branch>
<branch type="ELSE">
<kw name="Log" library="BuiltIn">
<arg>Need to check if database list already has rows</arg>
<doc>Logs the given message with the given level.</doc>
<status status="NOT RUN" starttime="20240229 15:58:00.115" endtime="20240229 15:58:00.116"/>
</kw>
<kw name="Get Length" library="BuiltIn">
<var>${length}</var>
<arg>${ListToDB}</arg>
<doc>Returns and logs the length of the given item as an integer.</doc>
<status status="NOT RUN" starttime="20240229 15:58:00.116" endtime="20240229 15:58:00.116"/>
</kw>
<if>
<branch type="IF" condition="${length} == ${0}">
<kw name="Log" library="BuiltIn">
<arg>First invoice case</arg>
<doc>Logs the given message with the given level.</doc>
<status status="NOT RUN" starttime="20240229 15:58:00.116" endtime="20240229 15:58:00.116"/>
</kw>
<kw name="Set Variable" library="BuiltIn">
<var>${InvoiceNumber}</var>
<arg>${rowInvoiceNumber}</arg>
<doc>Returns the given values which can then be assigned to a variables.</doc>
<status status="NOT RUN" starttime="20240229 15:58:00.116" endtime="20240229 15:58:00.116"/>
</kw>
<kw name="Set Global Variable" library="BuiltIn">
<arg>${InvoiceNumber}</arg>
<doc>Makes a variable available globally in all tests and suites.</doc>
<status status="NOT RUN" starttime="20240229 15:58:00.116" endtime="20240229 15:58:00.117"/>
</kw>
<kw name="Add Row Data to list">
<arg>${items}</arg>
<status status="NOT RUN" starttime="20240229 15:58:00.117" endtime="20240229 15:58:00.117"/>
</kw>
<status status="NOT RUN" starttime="20240229 15:58:00.116" endtime="20240229 15:58:00.117"/>
</branch>
<branch type="ELSE">
<kw name="Log" library="BuiltIn">
<arg>Invoice changes, need to also process header data</arg>
<doc>Logs the given message with the given level.</doc>
<status status="NOT RUN" starttime="20240229 15:58:00.117" endtime="20240229 15:58:00.117"/>
</kw>
<for flavor="IN">
<var>${headerElement}</var>
<value>@{headers}</value>
<iter>
<var name="${headerElement}"/>
<kw name="Split String" library="String">
<var>${headerItems}</var>
<arg>${headerElement}</arg>
<arg>;</arg>
<doc>Splits the ``string`` using ``separator`` as a delimiter string.</doc>
<status status="NOT RUN" starttime="20240229 15:58:00.117" endtime="20240229 15:58:00.118"/>
</kw>
<if>
<branch type="IF" condition="'${headerItems}[0]' == '${InvoiceNumber}'">
<kw name="Log" library="BuiltIn">
<arg>Invoice found</arg>
<doc>Logs the given message with the given level.</doc>
<status status="NOT RUN" starttime="20240229 15:58:00.118" endtime="20240229 15:58:00.118"/>
</kw>
<kw name="Add Invoice Header to DB">
<arg>${headerItems}</arg>
<arg>${ListToDB}</arg>
<status status="NOT RUN" starttime="20240229 15:58:00.118" endtime="20240229 15:58:00.118"/>
</kw>
<for flavor="IN">
<var>${rowElement}</var>
<value>@{ListToDB}</value>
<iter>
<var name="${rowElement}"/>
<kw name="Add Invoice Row To DB">
<arg>${rowElement}</arg>
<status status="NOT RUN" starttime="20240229 15:58:00.118" endtime="20240229 15:58:00.118"/>
</kw>
<status status="NOT RUN" starttime="20240229 15:58:00.118" endtime="20240229 15:58:00.118"/>
</iter>
<status status="NOT RUN" starttime="20240229 15:58:00.118" endtime="20240229 15:58:00.118"/>
</for>
<status status="NOT RUN" starttime="20240229 15:58:00.118" endtime="20240229 15:58:00.119"/>
</branch>
<status status="NOT RUN" starttime="20240229 15:58:00.118" endtime="20240229 15:58:00.119"/>
</if>
<status status="NOT RUN" starttime="20240229 15:58:00.117" endtime="20240229 15:58:00.119"/>
</iter>
<status status="NOT RUN" starttime="20240229 15:58:00.117" endtime="20240229 15:58:00.119"/>
</for>
<kw name="Create List" library="BuiltIn">
<var>@{ListToDB}</var>
<doc>Returns a list containing given items.</doc>
<status status="NOT RUN" starttime="20240229 15:58:00.119" endtime="20240229 15:58:00.119"/>
</kw>
<kw name="Set Global Variable" library="BuiltIn">
<arg>${ListToDB}</arg>
<doc>Makes a variable available globally in all tests and suites.</doc>
<status status="NOT RUN" starttime="20240229 15:58:00.119" endtime="20240229 15:58:00.119"/>
</kw>
<kw name="Set Variable" library="BuiltIn">
<var>${InvoiceNumber}</var>
<arg>${rowInvoiceNumber}</arg>
<doc>Returns the given values which can then be assigned to a variables.</doc>
<status status="NOT RUN" starttime="20240229 15:58:00.119" endtime="20240229 15:58:00.119"/>
</kw>
<kw name="Set Global Variable" library="BuiltIn">
<arg>${InvoiceNumber}</arg>
<doc>Makes a variable available globally in all tests and suites.</doc>
<status status="NOT RUN" starttime="20240229 15:58:00.119" endtime="20240229 15:58:00.119"/>
</kw>
<kw name="Add Row Data to list">
<arg>${items}</arg>
<status status="NOT RUN" starttime="20240229 15:58:00.119" endtime="20240229 15:58:00.119"/>
</kw>
<status status="NOT RUN" starttime="20240229 15:58:00.117" endtime="20240229 15:58:00.120"/>
</branch>
<status status="NOT RUN" starttime="20240229 15:58:00.116" endtime="20240229 15:58:00.120"/>
</if>
<status status="NOT RUN" starttime="20240229 15:58:00.115" endtime="20240229 15:58:00.120"/>
</branch>
<status status="PASS" starttime="20240229 15:58:00.110" endtime="20240229 15:58:00.120"/>
</if>
<status status="PASS" starttime="20240229 15:58:00.107" endtime="20240229 15:58:00.120"/>
</iter>
<iter>
<var name="${element}">Keyboard Logitech;10;kpl;40;24;96;496;1543235;1</var>
<kw name="Log" library="BuiltIn">
<arg>${element}</arg>
<doc>Logs the given message with the given level.</doc>
<msg timestamp="20240229 15:58:00.120" level="INFO">Keyboard Logitech;10;kpl;40;24;96;496;1543235;1</msg>
<status status="PASS" starttime="20240229 15:58:00.120" endtime="20240229 15:58:00.120"/>
</kw>
<kw name="Split String" library="String">
<var>@{items}</var>
<arg>${element}</arg>
<arg>;</arg>
<doc>Splits the ``string`` using ``separator`` as a delimiter string.</doc>
<msg timestamp="20240229 15:58:00.121" level="INFO">@{items} = [ Keyboard Logitech | 10 | kpl | 40 | 24 | 96 | 496 | 1543235 | 1 ]</msg>
<status status="PASS" starttime="20240229 15:58:00.120" endtime="20240229 15:58:00.121"/>
</kw>
<kw name="Set Variable" library="BuiltIn">
<var>${rowInvoiceNumber}</var>
<arg>${items}[7]</arg>
<doc>Returns the given values which can then be assigned to a variables.</doc>
<msg timestamp="20240229 15:58:00.121" level="INFO">${rowInvoiceNumber} = 1543235</msg>
<status status="PASS" starttime="20240229 15:58:00.121" endtime="20240229 15:58:00.121"/>
</kw>
<kw name="Log" library="BuiltIn">
<arg>${rowInvoiceNumber}</arg>
<doc>Logs the given message with the given level.</doc>
<msg timestamp="20240229 15:58:00.121" level="INFO">1543235</msg>
<status status="PASS" starttime="20240229 15:58:00.121" endtime="20240229 15:58:00.121"/>
</kw>
<kw name="Log" library="BuiltIn">
<arg>${InvoiceNumber}</arg>
<doc>Logs the given message with the given level.</doc>
<msg timestamp="20240229 15:58:00.122" level="INFO">143143</msg>
<status status="PASS" starttime="20240229 15:58:00.121" endtime="20240229 15:58:00.122"/>
</kw>
<if>
<branch type="IF" condition="'${rowInvoiceNumber}' == '${InvoiceNumber}'">
<kw name="Log" library="BuiltIn">
<arg>Add rows to the invoice</arg>
<doc>Logs the given message with the given level.</doc>
<status status="NOT RUN" starttime="20240229 15:58:00.122" endtime="20240229 15:58:00.122"/>
</kw>
<kw name="Add Row Data to list">
<arg>${items}</arg>
<status status="NOT RUN" starttime="20240229 15:58:00.122" endtime="20240229 15:58:00.122"/>
</kw>
<status status="NOT RUN" starttime="20240229 15:58:00.122" endtime="20240229 15:58:00.122"/>
</branch>
<branch type="ELSE">
<kw name="Log" library="BuiltIn">
<arg>Need to check if database list already has rows</arg>
<doc>Logs the given message with the given level.</doc>
<msg timestamp="20240229 15:58:00.123" level="INFO">Need to check if database list already has rows</msg>
<status status="PASS" starttime="20240229 15:58:00.122" endtime="20240229 15:58:00.123"/>
</kw>
<kw name="Get Length" library="BuiltIn">
<var>${length}</var>
<arg>${ListToDB}</arg>
<doc>Returns and logs the length of the given item as an integer.</doc>
<msg timestamp="20240229 15:58:00.123" level="INFO">Length is 2</msg>
<msg timestamp="20240229 15:58:00.123" level="INFO">${length} = 2</msg>
<status status="PASS" starttime="20240229 15:58:00.123" endtime="20240229 15:58:00.123"/>
</kw>
<if>
<branch type="IF" condition="${length} == ${0}">
<kw name="Log" library="BuiltIn">
<arg>First invoice case</arg>
<doc>Logs the given message with the given level.</doc>
<status status="NOT RUN" starttime="20240229 15:58:00.124" endtime="20240229 15:58:00.124"/>
</kw>
<kw name="Set Variable" library="BuiltIn">
<var>${InvoiceNumber}</var>
<arg>${rowInvoiceNumber}</arg>
<doc>Returns the given values which can then be assigned to a variables.</doc>
<status status="NOT RUN" starttime="20240229 15:58:00.124" endtime="20240229 15:58:00.124"/>
</kw>
<kw name="Set Global Variable" library="BuiltIn">
<arg>${InvoiceNumber}</arg>
<doc>Makes a variable available globally in all tests and suites.</doc>
<status status="NOT RUN" starttime="20240229 15:58:00.124" endtime="20240229 15:58:00.124"/>
</kw>
<kw name="Add Row Data to list">
<arg>${items}</arg>
<status status="NOT RUN" starttime="20240229 15:58:00.124" endtime="20240229 15:58:00.124"/>
</kw>
<status status="NOT RUN" starttime="20240229 15:58:00.123" endtime="20240229 15:58:00.124"/>
</branch>
<branch type="ELSE">
<kw name="Log" library="BuiltIn">
<arg>Invoice changes, need to also process header data</arg>
<doc>Logs the given message with the given level.</doc>
<msg timestamp="20240229 15:58:00.125" level="INFO">Invoice changes, need to also process header data</msg>
<status status="PASS" starttime="20240229 15:58:00.125" endtime="20240229 15:58:00.125"/>
</kw>
<for flavor="IN">
<var>${headerElement}</var>
<value>@{headers}</value>
<iter>
<var name="${headerElement}">143143;Service Provider Oy;1431432;15.12.2022;07.04.2021;1234567-8;FI12 3456 7890 1234 56;1350;324;1674</var>
<kw name="Split String" library="String">
<var>${headerItems}</var>
<arg>${headerElement}</arg>
<arg>;</arg>
<doc>Splits the ``string`` using ``separator`` as a delimiter string.</doc>
<msg timestamp="20240229 15:58:00.125" level="INFO">${headerItems} = ['143143', 'Service Provider Oy', '1431432', '15.12.2022', '07.04.2021', '1234567-8', 'FI12 3456 7890 1234 56', '1350', '324', '1674']</msg>
<status status="PASS" starttime="20240229 15:58:00.125" endtime="20240229 15:58:00.126"/>
</kw>
<if>
<branch type="IF" condition="'${headerItems}[0]' == '${InvoiceNumber}'">
<kw name="Log" library="BuiltIn">
<arg>Invoice found</arg>
<doc>Logs the given message with the given level.</doc>
<msg timestamp="20240229 15:58:00.126" level="INFO">Invoice found</msg>
<status status="PASS" starttime="20240229 15:58:00.126" endtime="20240229 15:58:00.126"/>
</kw>
<kw name="Add Invoice Header to DB">
<arg>${headerItems}</arg>
<arg>${ListToDB}</arg>
<kw name="Make Connection">
<arg>${dbname}</arg>
<kw name="Connect To Database" library="DatabaseLibrary">
<arg>pymysql</arg>
<arg>${dbtoconnect}</arg>
<arg>${dbuser}</arg>
<arg>${dbpass}</arg>
<arg>${dbhost}</arg>
<arg>${dbport}</arg>
<doc>Loads the DB API 2.0 module given `dbapiModuleName` then uses it to
connect to the database using `dbName`, `dbUsername`, and `dbPassword`.</doc>
<msg timestamp="20240229 15:58:00.178" level="INFO">Connecting using : pymysql.connect(db=rpa, user=robotuser, passwd=***, host=localhost, port=3306, charset=None) </msg>
<status status="PASS" starttime="20240229 15:58:00.126" endtime="20240229 15:58:00.185"/>
</kw>
<status status="PASS" starttime="20240229 15:58:00.126" endtime="20240229 15:58:00.185"/>
</kw>
<kw name="Convert Date" library="DateTime">
<var>${invoiceDate}</var>
<arg>${items}[3]</arg>
<arg>date_format=%d.%m.%Y</arg>
<arg>result_format=%Y-%m-%d</arg>
<doc>Converts between supported `date formats`.</doc>
<msg timestamp="20240229 15:58:00.187" level="INFO">${invoiceDate} = 2022-12-15</msg>
<status status="PASS" starttime="20240229 15:58:00.185" endtime="20240229 15:58:00.188"/>
</kw>
<kw name="Convert Date" library="DateTime">
<var>${dueDate}</var>
<arg>${items}[4]</arg>
<arg>date_format=%d.%m.%Y</arg>
<arg>result_format=%Y-%m-%d</arg>
<doc>Converts between supported `date formats`.</doc>
<msg timestamp="20240229 15:58:00.188" level="INFO">${dueDate} = 2021-04-07</msg>
<status status="PASS" starttime="20240229 15:58:00.188" endtime="20240229 15:58:00.188"/>
</kw>
<kw name="Set Variable" library="BuiltIn">
<var>${InvoiceStatus}</var>
<arg>0</arg>
<doc>Returns the given values which can then be assigned to a variables.</doc>
<msg timestamp="20240229 15:58:00.188" level="INFO">${InvoiceStatus} = 0</msg>
<status status="PASS" starttime="20240229 15:58:00.188" endtime="20240229 15:58:00.188"/>
</kw>
<kw name="Set Variable" library="BuiltIn">
<var>${InvoiceComment}</var>
<arg>All OK</arg>
<doc>Returns the given values which can then be assigned to a variables.</doc>
<msg timestamp="20240229 15:58:00.189" level="INFO">${InvoiceComment} = All OK</msg>
<status status="PASS" starttime="20240229 15:58:00.189" endtime="20240229 15:58:00.189"/>
</kw>
<kw name="Is Reference Correct" library="validation">
<var>${refStatus}</var>
<arg>${items}[2]</arg>
<msg timestamp="20240229 15:58:00.189" level="INFO">${refStatus} = True</msg>
<status status="PASS" starttime="20240229 15:58:00.189" endtime="20240229 15:58:00.189"/>
</kw>
<if>
<branch type="IF" condition="not ${refStatus}">
<kw name="Set Variable" library="BuiltIn">
<var>${InvoiceStatus}</var>
<arg>1</arg>
<doc>Returns the given values which can then be assigned to a variables.</doc>
<status status="NOT RUN" starttime="20240229 15:58:00.190" endtime="20240229 15:58:00.190"/>
</kw>
<kw name="Set Variable" library="BuiltIn">
<var>${InvoiceComment}</var>
<arg>Reference number error</arg>
<doc>Returns the given values which can then be assigned to a variables.</doc>
<status status="NOT RUN" starttime="20240229 15:58:00.190" endtime="20240229 15:58:00.190"/>
</kw>
<status status="NOT RUN" starttime="20240229 15:58:00.189" endtime="20240229 15:58:00.190"/>
</branch>
<status status="PASS" starttime="20240229 15:58:00.189" endtime="20240229 15:58:00.190"/>
</if>
<kw name="Check IBAN">
<var>${ibanStatus}</var>
<arg>${items}[6]</arg>
<kw name="Remove String" library="String">
<var>${iban}</var>
<arg>${iban}</arg>
<arg>${SPACE}</arg>
<doc>Removes all ``removables`` from the given ``string``.</doc>
<msg timestamp="20240229 15:58:00.190" level="INFO">${iban} = FI1234567890123456</msg>
<status status="PASS" starttime="20240229 15:58:00.190" endtime="20240229 15:58:00.191"/>
</kw>
<kw name="Set Variable" library="BuiltIn">
<var>${status}</var>
<arg>${False}</arg>
<doc>Returns the given values which can then be assigned to a variables.</doc>
<msg timestamp="20240229 15:58:00.191" level="INFO">${status} = False</msg>
<status status="PASS" starttime="20240229 15:58:00.191" endtime="20240229 15:58:00.191"/>
</kw>
<kw name="Get Length" library="BuiltIn">
<var>${length}</var>
<arg>${iban}</arg>
<doc>Returns and logs the length of the given item as an integer.</doc>
<msg timestamp="20240229 15:58:00.191" level="INFO">Length is 18</msg>
<msg timestamp="20240229 15:58:00.191" level="INFO">${length} = 18</msg>
<status status="PASS" starttime="20240229 15:58:00.191" endtime="20240229 15:58:00.191"/>
</kw>
<if>
<branch type="IF" condition="${length} == 18">
<kw name="Set Variable" library="BuiltIn">
<var>${status}</var>
<arg>${True}</arg>
<doc>Returns the given values which can then be assigned to a variables.</doc>
<msg timestamp="20240229 15:58:00.191" level="INFO">${status} = True</msg>
<status status="PASS" starttime="20240229 15:58:00.191" endtime="20240229 15:58:00.192"/>
</kw>
<status status="PASS" starttime="20240229 15:58:00.191" endtime="20240229 15:58:00.192"/>
</branch>
<status status="PASS" starttime="20240229 15:58:00.191" endtime="20240229 15:58:00.192"/>
</if>
<msg timestamp="20240229 15:58:00.192" level="INFO">${ibanStatus} = True</msg>
<status status="PASS" starttime="20240229 15:58:00.190" endtime="20240229 15:58:00.192"/>
</kw>
<if>
<branch type="IF" condition="not ${ibanStatus}">
<kw name="Set Variable" library="BuiltIn">
<var>${InvoiceStatus}</var>
<arg>2</arg>
<doc>Returns the given values which can then be assigned to a variables.</doc>
<status status="NOT RUN" starttime="20240229 15:58:00.192" endtime="20240229 15:58:00.192"/>
</kw>
<kw name="Set Variable" library="BuiltIn">
<var>${InvoiceComment}</var>
<arg>IBAN number error</arg>
<doc>Returns the given values which can then be assigned to a variables.</doc>
<status status="NOT RUN" starttime="20240229 15:58:00.192" endtime="20240229 15:58:00.192"/>
</kw>
<status status="NOT RUN" starttime="20240229 15:58:00.192" endtime="20240229 15:58:00.192"/>
</branch>
<status status="PASS" starttime="20240229 15:58:00.192" endtime="20240229 15:58:00.192"/>
</if>
<kw name="Check Amounts From Invoice">
<var>${sumStatus}</var>
<arg>${items}[9]</arg>
<arg>${rows}</arg>
<kw name="Set Variable" library="BuiltIn">
<var>${status}</var>
<arg>${False}</arg>
<doc>Returns the given values which can then be assigned to a variables.</doc>
<msg timestamp="20240229 15:58:00.193" level="INFO">${status} = False</msg>
<status status="PASS" starttime="20240229 15:58:00.193" endtime="20240229 15:58:00.193"/>
</kw>
<kw name="Evaluate" library="BuiltIn">
<var>${totalAmountFromRows}</var>
<arg>0</arg>
<doc>Evaluates the given expression in Python and returns the result.</doc>
<msg timestamp="20240229 15:58:00.193" level="INFO">${totalAmountFromRows} = 0</msg>
<status status="PASS" starttime="20240229 15:58:00.193" endtime="20240229 15:58:00.193"/>
</kw>
<for flavor="IN">
<var>${element}</var>
<value>@{invoiceRows}</value>
<iter>
<var name="${element}">['143143', '1', 'Installation Services', '5', 'h', '60', '24', '72', '372']</var>
<kw name="Evaluate" library="BuiltIn">
<var>${totalAmountFromRows}</var>
<arg>${totalAmountFromRows}+${element}[8]</arg>
<doc>Evaluates the given expression in Python and returns the result.</doc>
<msg timestamp="20240229 15:58:00.194" level="INFO">${totalAmountFromRows} = 372</msg>
<status status="PASS" starttime="20240229 15:58:00.194" endtime="20240229 15:58:00.194"/>
</kw>
<status status="PASS" starttime="20240229 15:58:00.193" endtime="20240229 15:58:00.194"/>
</iter>
<iter>
<var name="${element}">['143143', '2', 'Replacement Products', '10', 'kpl', '105', '24', '252', '1302']</var>
<kw name="Evaluate" library="BuiltIn">
<var>${totalAmountFromRows}</var>
<arg>${totalAmountFromRows}+${element}[8]</arg>
<doc>Evaluates the given expression in Python and returns the result.</doc>
<msg timestamp="20240229 15:58:00.194" level="INFO">${totalAmountFromRows} = 1674</msg>
<status status="PASS" starttime="20240229 15:58:00.194" endtime="20240229 15:58:00.194"/>
</kw>
<status status="PASS" starttime="20240229 15:58:00.194" endtime="20240229 15:58:00.194"/>
</iter>
<status status="PASS" starttime="20240229 15:58:00.193" endtime="20240229 15:58:00.194"/>
</for>
<kw name="Convert To Number" library="BuiltIn">
<var>${diff}</var>
<arg>0.01</arg>
<doc>Converts the given item to a floating point number.</doc>
<msg timestamp="20240229 15:58:00.196" level="INFO">${diff} = 0.01</msg>
<status status="PASS" starttime="20240229 15:58:00.194" endtime="20240229 15:58:00.196"/>
</kw>
<kw name="Convert To Number" library="BuiltIn">
<var>${totalSumFromHeader}</var>
<arg>${totalSumFromHeader}</arg>
<doc>Converts the given item to a floating point number.</doc>
<msg timestamp="20240229 15:58:00.196" level="INFO">${totalSumFromHeader} = 1674.0</msg>
<status status="PASS" starttime="20240229 15:58:00.196" endtime="20240229 15:58:00.196"/>
</kw>
<kw name="Convert To Number" library="BuiltIn">
<var>${totalAmountFromRows}</var>
<arg>${totalAmountFromRows}</arg>
<doc>Converts the given item to a floating point number.</doc>
<msg timestamp="20240229 15:58:00.196" level="INFO">${totalAmountFromRows} = 1674.0</msg>
<status status="PASS" starttime="20240229 15:58:00.196" endtime="20240229 15:58:00.196"/>
</kw>
<kw name="Is Equal" library="validation">
<var>${status}</var>
<arg>${totalSumFromHeader}</arg>
<arg>${totalAmountFromRows}</arg>
<arg>${diff}</arg>
<msg timestamp="20240229 15:58:00.197" level="INFO">${status} = True</msg>
<status status="PASS" starttime="20240229 15:58:00.197" endtime="20240229 15:58:00.197"/>
</kw>
<msg timestamp="20240229 15:58:00.197" level="INFO">${sumStatus} = True</msg>
<status status="PASS" starttime="20240229 15:58:00.192" endtime="20240229 15:58:00.197"/>
</kw>
<if>
<branch type="IF" condition="not ${sumStatus}">
<kw name="Set Variable" library="BuiltIn">
<var>${InvoiceStatus}</var>
<arg>3</arg>
<doc>Returns the given values which can then be assigned to a variables.</doc>
<status status="NOT RUN" starttime="20240229 15:58:00.197" endtime="20240229 15:58:00.197"/>
</kw>
<kw name="Set Variable" library="BuiltIn">
<var>${InvoiceComment}</var>
<arg>Amount difference</arg>
<doc>Returns the given values which can then be assigned to a variables.</doc>
<status status="NOT RUN" starttime="20240229 15:58:00.197" endtime="20240229 15:58:00.198"/>
</kw>
<status status="NOT RUN" starttime="20240229 15:58:00.197" endtime="20240229 15:58:00.198"/>
</branch>
<status status="PASS" starttime="20240229 15:58:00.197" endtime="20240229 15:58:00.198"/>
</if>
<kw name="Set Variable" library="BuiltIn">
<var>${foreignKeyChecks0}</var>
<arg>SET FOREIGN_KEY_CHECKS=0;</arg>
<doc>Returns the given values which can then be assigned to a variables.</doc>
<msg timestamp="20240229 15:58:00.198" level="INFO">${foreignKeyChecks0} = SET FOREIGN_KEY_CHECKS=0;</msg>
<status status="PASS" starttime="20240229 15:58:00.198" endtime="20240229 15:58:00.198"/>
</kw>
<kw name="Set Variable" library="BuiltIn">
<var>${insertStmt}</var>
<arg>insert into invoiceheader (invoicenumber, companyname, companycode, referencenumber, invoicedate, duedate, bankaccountnumber, amountexclvat, vat, totalamount, invoicestatus_id, comments) values ('${items}[0]', '${items}[1]', '${items}[5]', '${items}[2]', '${invoiceDate}', '${dueDate}', '${items}[6]', '${items}[7]', '${items}[8]', '${items}[9]', '${InvoiceStatus}', '${InvoiceComment}');</arg>
<doc>Returns the given values which can then be assigned to a variables.</doc>
<msg timestamp="20240229 15:58:00.198" level="INFO">${insertStmt} = insert into invoiceheader (invoicenumber, companyname, companycode, referencenumber, invoicedate, duedate, bankaccountnumber, amountexclvat, vat, totalamount, invoicestatus_id, comments) values ('1431...</msg>
<status status="PASS" starttime="20240229 15:58:00.198" endtime="20240229 15:58:00.198"/>
</kw>
<kw name="Execute Sql String" library="DatabaseLibrary">
<arg>${foreignKeyChecks0}</arg>
<doc>Executes the sqlString as SQL commands. Useful to pass arguments to your sql. Set optional input `sansTran` to
True to run command without an explicit transaction commit or rollback.</doc>
<msg timestamp="20240229 15:58:00.199" level="INFO">Executing : Execute SQL String  |  SET FOREIGN_KEY_CHECKS=0; </msg>
<status status="PASS" starttime="20240229 15:58:00.198" endtime="20240229 15:58:00.199"/>
</kw>
<kw name="Execute Sql String" library="DatabaseLibrary">
<arg>${insertStmt}</arg>
<doc>Executes the sqlString as SQL commands. Useful to pass arguments to your sql. Set optional input `sansTran` to
True to run command without an explicit transaction commit or rollback.</doc>
<msg timestamp="20240229 15:58:00.199" level="INFO">Executing : Execute SQL String  |  insert into invoiceheader (invoicenumber, companyname, companycode, referencenumber, invoicedate, duedate, bankaccountnumber, amountexclvat, vat, totalamount, invoicestatus_id, comments) values ('143143', 'Service Provider Oy', '1234567-8', '1431432', '2022-12-15', '2021-04-07', 'FI12 3456 7890 1234 56', '1350', '324', '1674', '0', 'All OK'); </msg>
<status status="PASS" starttime="20240229 15:58:00.199" endtime="20240229 15:58:00.201"/>
</kw>
<status status="PASS" starttime="20240229 15:58:00.126" endtime="20240229 15:58:00.201"/>
</kw>
<for flavor="IN">
<var>${rowElement}</var>
<value>@{ListToDB}</value>
<iter>
<var name="${rowElement}">['143143', '1', 'Installation Services', '5', 'h', '60', '24', '72', '372']</var>
<kw name="Add Invoice Row To DB">
<arg>${rowElement}</arg>
<kw name="Make Connection">
<arg>${dbname}</arg>
<kw name="Connect To Database" library="DatabaseLibrary">
<arg>pymysql</arg>
<arg>${dbtoconnect}</arg>
<arg>${dbuser}</arg>
<arg>${dbpass}</arg>
<arg>${dbhost}</arg>
<arg>${dbport}</arg>
<doc>Loads the DB API 2.0 module given `dbapiModuleName` then uses it to
connect to the database using `dbName`, `dbUsername`, and `dbPassword`.</doc>
<msg timestamp="20240229 15:58:00.203" level="INFO">Connecting using : pymysql.connect(db=rpa, user=robotuser, passwd=***, host=localhost, port=3306, charset=None) </msg>
<status status="PASS" starttime="20240229 15:58:00.203" endtime="20240229 15:58:00.208"/>
</kw>
<status status="PASS" starttime="20240229 15:58:00.202" endtime="20240229 15:58:00.209"/>
</kw>
<kw name="Set Variable" library="BuiltIn">
<var>${insertStmt}</var>
<arg>insert into invoicerow (invoicenumber, rownumber, description, quantity, unit, unitprice, vatpercent, vat, total) values ('${items}[0]', '${items}[1]', '${items}[2]', '${items}[3]', '${items}[4]', '${items}[5]', '${items}[6]', '${items}[7]', '${items}[8]');</arg>
<doc>Returns the given values which can then be assigned to a variables.</doc>
<msg timestamp="20240229 15:58:00.209" level="INFO">${insertStmt} = insert into invoicerow (invoicenumber, rownumber, description, quantity, unit, unitprice, vatpercent, vat, total) values ('143143', '1', 'Installation Services', '5', 'h', '60', '24', '72', '372');</msg>
<status status="PASS" starttime="20240229 15:58:00.209" endtime="20240229 15:58:00.210"/>
</kw>
<kw name="Execute Sql String" library="DatabaseLibrary">
<arg>${insertStmt}</arg>
<doc>Executes the sqlString as SQL commands. Useful to pass arguments to your sql. Set optional input `sansTran` to
True to run command without an explicit transaction commit or rollback.</doc>
<msg timestamp="20240229 15:58:00.210" level="INFO">Executing : Execute SQL String  |  insert into invoicerow (invoicenumber, rownumber, description, quantity, unit, unitprice, vatpercent, vat, total) values ('143143', '1', 'Installation Services', '5', 'h', '60', '24', '72', '372'); </msg>
<status status="PASS" starttime="20240229 15:58:00.210" endtime="20240229 15:58:00.213"/>
</kw>
<status status="PASS" starttime="20240229 15:58:00.202" endtime="20240229 15:58:00.213"/>
</kw>
<status status="PASS" starttime="20240229 15:58:00.202" endtime="20240229 15:58:00.213"/>
</iter>
<iter>
<var name="${rowElement}">['143143', '2', 'Replacement Products', '10', 'kpl', '105', '24', '252', '1302']</var>
<kw name="Add Invoice Row To DB">
<arg>${rowElement}</arg>
<kw name="Make Connection">
<arg>${dbname}</arg>
<kw name="Connect To Database" library="DatabaseLibrary">
<arg>pymysql</arg>
<arg>${dbtoconnect}</arg>
<arg>${dbuser}</arg>
<arg>${dbpass}</arg>
<arg>${dbhost}</arg>
<arg>${dbport}</arg>
<doc>Loads the DB API 2.0 module given `dbapiModuleName` then uses it to
connect to the database using `dbName`, `dbUsername`, and `dbPassword`.</doc>
<msg timestamp="20240229 15:58:00.215" level="INFO">Connecting using : pymysql.connect(db=rpa, user=robotuser, passwd=***, host=localhost, port=3306, charset=None) </msg>
<status status="PASS" starttime="20240229 15:58:00.214" endtime="20240229 15:58:00.217"/>
</kw>
<status status="PASS" starttime="20240229 15:58:00.214" endtime="20240229 15:58:00.217"/>
</kw>
<kw name="Set Variable" library="BuiltIn">
<var>${insertStmt}</var>
<arg>insert into invoicerow (invoicenumber, rownumber, description, quantity, unit, unitprice, vatpercent, vat, total) values ('${items}[0]', '${items}[1]', '${items}[2]', '${items}[3]', '${items}[4]', '${items}[5]', '${items}[6]', '${items}[7]', '${items}[8]');</arg>
<doc>Returns the given values which can then be assigned to a variables.</doc>
<msg timestamp="20240229 15:58:00.218" level="INFO">${insertStmt} = insert into invoicerow (invoicenumber, rownumber, description, quantity, unit, unitprice, vatpercent, vat, total) values ('143143', '2', 'Replacement Products', '10', 'kpl', '105', '24', '252', '1302'...</msg>
<status status="PASS" starttime="20240229 15:58:00.217" endtime="20240229 15:58:00.218"/>
</kw>
<kw name="Execute Sql String" library="DatabaseLibrary">
<arg>${insertStmt}</arg>
<doc>Executes the sqlString as SQL commands. Useful to pass arguments to your sql. Set optional input `sansTran` to
True to run command without an explicit transaction commit or rollback.</doc>
<msg timestamp="20240229 15:58:00.218" level="INFO">Executing : Execute SQL String  |  insert into invoicerow (invoicenumber, rownumber, description, quantity, unit, unitprice, vatpercent, vat, total) values ('143143', '2', 'Replacement Products', '10', 'kpl', '105', '24', '252', '1302'); </msg>
<status status="PASS" starttime="20240229 15:58:00.218" endtime="20240229 15:58:00.222"/>
</kw>
<status status="PASS" starttime="20240229 15:58:00.214" endtime="20240229 15:58:00.222"/>
</kw>
<status status="PASS" starttime="20240229 15:58:00.213" endtime="20240229 15:58:00.222"/>
</iter>
<status status="PASS" starttime="20240229 15:58:00.201" endtime="20240229 15:58:00.222"/>
</for>
<status status="PASS" starttime="20240229 15:58:00.126" endtime="20240229 15:58:00.223"/>
</branch>
<status status="PASS" starttime="20240229 15:58:00.126" endtime="20240229 15:58:00.223"/>
</if>
<status status="PASS" starttime="20240229 15:58:00.125" endtime="20240229 15:58:00.223"/>
</iter>
<iter>
<var name="${headerElement}">1543235;Component Oy;15432359;01.10.2022;15.10.2022;1234567-9;FI05 1234 5600 7891 01;465;111.6;576.6</var>
<kw name="Split String" library="String">
<var>${headerItems}</var>
<arg>${headerElement}</arg>
<arg>;</arg>
<doc>Splits the ``string`` using ``separator`` as a delimiter string.</doc>
<msg timestamp="20240229 15:58:00.223" level="INFO">${headerItems} = ['1543235', 'Component Oy', '15432359', '01.10.2022', '15.10.2022', '1234567-9', 'FI05 1234 5600 7891 01', '465', '111.6', '576.6']</msg>
<status status="PASS" starttime="20240229 15:58:00.223" endtime="20240229 15:58:00.224"/>
</kw>
<if>
<branch type="IF" condition="'${headerItems}[0]' == '${InvoiceNumber}'">
<kw name="Log" library="BuiltIn">
<arg>Invoice found</arg>
<doc>Logs the given message with the given level.</doc>
<status status="NOT RUN" starttime="20240229 15:58:00.224" endtime="20240229 15:58:00.224"/>
</kw>
<kw name="Add Invoice Header to DB">
<arg>${headerItems}</arg>
<arg>${ListToDB}</arg>
<status status="NOT RUN" starttime="20240229 15:58:00.224" endtime="20240229 15:58:00.225"/>
</kw>
<for flavor="IN">
<var>${rowElement}</var>
<value>@{ListToDB}</value>
<iter>
<var name="${rowElement}"/>
<kw name="Add Invoice Row To DB">
<arg>${rowElement}</arg>
<status status="NOT RUN" starttime="20240229 15:58:00.225" endtime="20240229 15:58:00.225"/>
</kw>
<status status="NOT RUN" starttime="20240229 15:58:00.225" endtime="20240229 15:58:00.226"/>
</iter>
<status status="NOT RUN" starttime="20240229 15:58:00.225" endtime="20240229 15:58:00.226"/>
</for>
<status status="NOT RUN" starttime="20240229 15:58:00.224" endtime="20240229 15:58:00.226"/>
</branch>
<status status="PASS" starttime="20240229 15:58:00.224" endtime="20240229 15:58:00.226"/>
</if>
<status status="PASS" starttime="20240229 15:58:00.223" endtime="20240229 15:58:00.226"/>
</iter>
<iter>
<var name="${headerElement}">153143;Service Provider Oy;1531439;15.12.2022;01.04.2021;1234567-8;FI12 3456 7890 1234 56;2700;648;3348</var>
<kw name="Split String" library="String">
<var>${headerItems}</var>
<arg>${headerElement}</arg>
<arg>;</arg>
<doc>Splits the ``string`` using ``separator`` as a delimiter string.</doc>
<msg timestamp="20240229 15:58:00.227" level="INFO">${headerItems} = ['153143', 'Service Provider Oy', '1531439', '15.12.2022', '01.04.2021', '1234567-8', 'FI12 3456 7890 1234 56', '2700', '648', '3348']</msg>
<status status="PASS" starttime="20240229 15:58:00.227" endtime="20240229 15:58:00.227"/>
</kw>
<if>
<branch type="IF" condition="'${headerItems}[0]' == '${InvoiceNumber}'">
<kw name="Log" library="BuiltIn">
<arg>Invoice found</arg>
<doc>Logs the given message with the given level.</doc>
<status status="NOT RUN" starttime="20240229 15:58:00.228" endtime="20240229 15:58:00.228"/>
</kw>
<kw name="Add Invoice Header to DB">
<arg>${headerItems}</arg>
<arg>${ListToDB}</arg>
<status status="NOT RUN" starttime="20240229 15:58:00.228" endtime="20240229 15:58:00.228"/>
</kw>
<for flavor="IN">
<var>${rowElement}</var>
<value>@{ListToDB}</value>
<iter>
<var name="${rowElement}"/>
<kw name="Add Invoice Row To DB">
<arg>${rowElement}</arg>
<status status="NOT RUN" starttime="20240229 15:58:00.229" endtime="20240229 15:58:00.229"/>
</kw>
<status status="NOT RUN" starttime="20240229 15:58:00.229" endtime="20240229 15:58:00.229"/>
</iter>
<status status="NOT RUN" starttime="20240229 15:58:00.228" endtime="20240229 15:58:00.229"/>
</for>
<status status="NOT RUN" starttime="20240229 15:58:00.227" endtime="20240229 15:58:00.229"/>
</branch>
<status status="PASS" starttime="20240229 15:58:00.227" endtime="20240229 15:58:00.230"/>
</if>
<status status="PASS" starttime="20240229 15:58:00.226" endtime="20240229 15:58:00.230"/>
</iter>
<status status="PASS" starttime="20240229 15:58:00.125" endtime="20240229 15:58:00.230"/>
</for>
<kw name="Create List" library="BuiltIn">
<var>@{ListToDB}</var>
<doc>Returns a list containing given items.</doc>
<msg timestamp="20240229 15:58:00.230" level="INFO">@{ListToDB} = [ ]</msg>
<status status="PASS" starttime="20240229 15:58:00.230" endtime="20240229 15:58:00.231"/>
</kw>
<kw name="Set Global Variable" library="BuiltIn">
<arg>${ListToDB}</arg>
<doc>Makes a variable available globally in all tests and suites.</doc>
<msg timestamp="20240229 15:58:00.231" level="INFO">${ListToDB} = []</msg>
<status status="PASS" starttime="20240229 15:58:00.231" endtime="20240229 15:58:00.231"/>
</kw>
<kw name="Set Variable" library="BuiltIn">
<var>${InvoiceNumber}</var>
<arg>${rowInvoiceNumber}</arg>
<doc>Returns the given values which can then be assigned to a variables.</doc>
<msg timestamp="20240229 15:58:00.232" level="INFO">${InvoiceNumber} = 1543235</msg>
<status status="PASS" starttime="20240229 15:58:00.232" endtime="20240229 15:58:00.232"/>
</kw>
<kw name="Set Global Variable" library="BuiltIn">
<arg>${InvoiceNumber}</arg>
<doc>Makes a variable available globally in all tests and suites.</doc>
<msg timestamp="20240229 15:58:00.232" level="INFO">${InvoiceNumber} = 1543235</msg>
<status status="PASS" starttime="20240229 15:58:00.232" endtime="20240229 15:58:00.233"/>
</kw>
<kw name="Add Row Data to list">
<arg>${items}</arg>
<kw name="Create List" library="BuiltIn">
<var>@{AddInvoiceRowData}</var>
<doc>Returns a list containing given items.</doc>
<msg timestamp="20240229 15:58:00.233" level="INFO">@{AddInvoiceRowData} = [ ]</msg>
<status status="PASS" starttime="20240229 15:58:00.233" endtime="20240229 15:58:00.233"/>
</kw>
<kw name="Append To List" library="Collections">
<arg>${AddInvoiceRowData}</arg>
<arg>${InvoiceNumber}</arg>
<doc>Adds ``values`` to the end of ``list``.</doc>
<status status="PASS" starttime="20240229 15:58:00.235" endtime="20240229 15:58:00.235"/>
</kw>
<kw name="Append To List" library="Collections">
<arg>${AddInvoiceRowData}</arg>
<arg>${items}[8]</arg>
<doc>Adds ``values`` to the end of ``list``.</doc>
<status status="PASS" starttime="20240229 15:58:00.235" endtime="20240229 15:58:00.235"/>
</kw>
<kw name="Append To List" library="Collections">
<arg>${AddInvoiceRowData}</arg>
<arg>${items}[0]</arg>
<doc>Adds ``values`` to the end of ``list``.</doc>
<status status="PASS" starttime="20240229 15:58:00.235" endtime="20240229 15:58:00.235"/>
</kw>
<kw name="Append To List" library="Collections">
<arg>${AddInvoiceRowData}</arg>
<arg>${items}[1]</arg>
<doc>Adds ``values`` to the end of ``list``.</doc>
<status status="PASS" starttime="20240229 15:58:00.235" endtime="20240229 15:58:00.236"/>
</kw>
<kw name="Append To List" library="Collections">
<arg>${AddInvoiceRowData}</arg>
<arg>${items}[2]</arg>
<doc>Adds ``values`` to the end of ``list``.</doc>
<status status="PASS" starttime="20240229 15:58:00.236" endtime="20240229 15:58:00.236"/>
</kw>
<kw name="Append To List" library="Collections">
<arg>${AddInvoiceRowData}</arg>
<arg>${items}[3]</arg>
<doc>Adds ``values`` to the end of ``list``.</doc>
<status status="PASS" starttime="20240229 15:58:00.236" endtime="20240229 15:58:00.236"/>
</kw>
<kw name="Append To List" library="Collections">
<arg>${AddInvoiceRowData}</arg>
<arg>${items}[4]</arg>
<doc>Adds ``values`` to the end of ``list``.</doc>
<status status="PASS" starttime="20240229 15:58:00.237" endtime="20240229 15:58:00.237"/>
</kw>
<kw name="Append To List" library="Collections">
<arg>${AddInvoiceRowData}</arg>
<arg>${items}[5]</arg>
<doc>Adds ``values`` to the end of ``list``.</doc>
<status status="PASS" starttime="20240229 15:58:00.237" endtime="20240229 15:58:00.237"/>
</kw>
<kw name="Append To List" library="Collections">
<arg>${AddInvoiceRowData}</arg>
<arg>${items}[6]</arg>
<doc>Adds ``values`` to the end of ``list``.</doc>
<status status="PASS" starttime="20240229 15:58:00.237" endtime="20240229 15:58:00.238"/>
</kw>
<kw name="Append To List" library="Collections">
<arg>${ListToDB}</arg>
<arg>${AddInvoiceRowData}</arg>
<doc>Adds ``values`` to the end of ``list``.</doc>
<status status="PASS" starttime="20240229 15:58:00.238" endtime="20240229 15:58:00.238"/>
</kw>
<status status="PASS" starttime="20240229 15:58:00.233" endtime="20240229 15:58:00.238"/>
</kw>
<status status="PASS" starttime="20240229 15:58:00.125" endtime="20240229 15:58:00.238"/>
</branch>
<status status="PASS" starttime="20240229 15:58:00.123" endtime="20240229 15:58:00.238"/>
</if>
<status status="PASS" starttime="20240229 15:58:00.122" endtime="20240229 15:58:00.239"/>
</branch>
<status status="PASS" starttime="20240229 15:58:00.122" endtime="20240229 15:58:00.239"/>
</if>
<status status="PASS" starttime="20240229 15:58:00.120" endtime="20240229 15:58:00.239"/>
</iter>
<iter>
<var name="${element}">Brother printer;1;kpl;65;24;15.6;80.6;1543235;2</var>
<kw name="Log" library="BuiltIn">
<arg>${element}</arg>
<doc>Logs the given message with the given level.</doc>
<msg timestamp="20240229 15:58:00.239" level="INFO">Brother printer;1;kpl;65;24;15.6;80.6;1543235;2</msg>
<status status="PASS" starttime="20240229 15:58:00.239" endtime="20240229 15:58:00.239"/>
</kw>
<kw name="Split String" library="String">
<var>@{items}</var>
<arg>${element}</arg>
<arg>;</arg>
<doc>Splits the ``string`` using ``separator`` as a delimiter string.</doc>
<msg timestamp="20240229 15:58:00.240" level="INFO">@{items} = [ Brother printer | 1 | kpl | 65 | 24 | 15.6 | 80.6 | 1543235 | 2 ]</msg>
<status status="PASS" starttime="20240229 15:58:00.239" endtime="20240229 15:58:00.240"/>
</kw>
<kw name="Set Variable" library="BuiltIn">
<var>${rowInvoiceNumber}</var>
<arg>${items}[7]</arg>
<doc>Returns the given values which can then be assigned to a variables.</doc>
<msg timestamp="20240229 15:58:00.240" level="INFO">${rowInvoiceNumber} = 1543235</msg>
<status status="PASS" starttime="20240229 15:58:00.240" endtime="20240229 15:58:00.241"/>
</kw>
<kw name="Log" library="BuiltIn">
<arg>${rowInvoiceNumber}</arg>
<doc>Logs the given message with the given level.</doc>
<msg timestamp="20240229 15:58:00.241" level="INFO">1543235</msg>
<status status="PASS" starttime="20240229 15:58:00.241" endtime="20240229 15:58:00.241"/>
</kw>
<kw name="Log" library="BuiltIn">
<arg>${InvoiceNumber}</arg>
<doc>Logs the given message with the given level.</doc>
<msg timestamp="20240229 15:58:00.242" level="INFO">1543235</msg>
<status status="PASS" starttime="20240229 15:58:00.241" endtime="20240229 15:58:00.242"/>
</kw>
<if>
<branch type="IF" condition="'${rowInvoiceNumber}' == '${InvoiceNumber}'">
<kw name="Log" library="BuiltIn">
<arg>Add rows to the invoice</arg>
<doc>Logs the given message with the given level.</doc>
<msg timestamp="20240229 15:58:00.243" level="INFO">Add rows to the invoice</msg>
<status status="PASS" starttime="20240229 15:58:00.242" endtime="20240229 15:58:00.243"/>
</kw>
<kw name="Add Row Data to list">
<arg>${items}</arg>
<kw name="Create List" library="BuiltIn">
<var>@{AddInvoiceRowData}</var>
<doc>Returns a list containing given items.</doc>
<msg timestamp="20240229 15:58:00.243" level="INFO">@{AddInvoiceRowData} = [ ]</msg>
<status status="PASS" starttime="20240229 15:58:00.243" endtime="20240229 15:58:00.244"/>
</kw>
<kw name="Append To List" library="Collections">
<arg>${AddInvoiceRowData}</arg>
<arg>${InvoiceNumber}</arg>
<doc>Adds ``values`` to the end of ``list``.</doc>
<status status="PASS" starttime="20240229 15:58:00.244" endtime="20240229 15:58:00.244"/>
</kw>
<kw name="Append To List" library="Collections">
<arg>${AddInvoiceRowData}</arg>
<arg>${items}[8]</arg>
<doc>Adds ``values`` to the end of ``list``.</doc>
<status status="PASS" starttime="20240229 15:58:00.244" endtime="20240229 15:58:00.244"/>
</kw>
<kw name="Append To List" library="Collections">
<arg>${AddInvoiceRowData}</arg>
<arg>${items}[0]</arg>
<doc>Adds ``values`` to the end of ``list``.</doc>
<status status="PASS" starttime="20240229 15:58:00.244" endtime="20240229 15:58:00.244"/>
</kw>
<kw name="Append To List" library="Collections">
<arg>${AddInvoiceRowData}</arg>
<arg>${items}[1]</arg>
<doc>Adds ``values`` to the end of ``list``.</doc>
<status status="PASS" starttime="20240229 15:58:00.245" endtime="20240229 15:58:00.245"/>
</kw>
<kw name="Append To List" library="Collections">
<arg>${AddInvoiceRowData}</arg>
<arg>${items}[2]</arg>
<doc>Adds ``values`` to the end of ``list``.</doc>
<status status="PASS" starttime="20240229 15:58:00.245" endtime="20240229 15:58:00.245"/>
</kw>
<kw name="Append To List" library="Collections">
<arg>${AddInvoiceRowData}</arg>
<arg>${items}[3]</arg>
<doc>Adds ``values`` to the end of ``list``.</doc>
<status status="PASS" starttime="20240229 15:58:00.245" endtime="20240229 15:58:00.245"/>
</kw>
<kw name="Append To List" library="Collections">
<arg>${AddInvoiceRowData}</arg>
<arg>${items}[4]</arg>
<doc>Adds ``values`` to the end of ``list``.</doc>
<status status="PASS" starttime="20240229 15:58:00.245" endtime="20240229 15:58:00.246"/>
</kw>
<kw name="Append To List" library="Collections">
<arg>${AddInvoiceRowData}</arg>
<arg>${items}[5]</arg>
<doc>Adds ``values`` to the end of ``list``.</doc>
<status status="PASS" starttime="20240229 15:58:00.246" endtime="20240229 15:58:00.246"/>
</kw>
<kw name="Append To List" library="Collections">
<arg>${AddInvoiceRowData}</arg>
<arg>${items}[6]</arg>
<doc>Adds ``values`` to the end of ``list``.</doc>
<status status="PASS" starttime="20240229 15:58:00.246" endtime="20240229 15:58:00.246"/>
</kw>
<kw name="Append To List" library="Collections">
<arg>${ListToDB}</arg>
<arg>${AddInvoiceRowData}</arg>
<doc>Adds ``values`` to the end of ``list``.</doc>
<status status="PASS" starttime="20240229 15:58:00.246" endtime="20240229 15:58:00.246"/>
</kw>
<status status="PASS" starttime="20240229 15:58:00.243" endtime="20240229 15:58:00.247"/>
</kw>
<status status="PASS" starttime="20240229 15:58:00.242" endtime="20240229 15:58:00.247"/>
</branch>
<branch type="ELSE">
<kw name="Log" library="BuiltIn">
<arg>Need to check if database list already has rows</arg>
<doc>Logs the given message with the given level.</doc>
<status status="NOT RUN" starttime="20240229 15:58:00.247" endtime="20240229 15:58:00.247"/>
</kw>
<kw name="Get Length" library="BuiltIn">
<var>${length}</var>
<arg>${ListToDB}</arg>
<doc>Returns and logs the length of the given item as an integer.</doc>
<status status="NOT RUN" starttime="20240229 15:58:00.247" endtime="20240229 15:58:00.247"/>
</kw>
<if>
<branch type="IF" condition="${length} == ${0}">
<kw name="Log" library="BuiltIn">
<arg>First invoice case</arg>
<doc>Logs the given message with the given level.</doc>
<status status="NOT RUN" starttime="20240229 15:58:00.247" endtime="20240229 15:58:00.247"/>
</kw>
<kw name="Set Variable" library="BuiltIn">
<var>${InvoiceNumber}</var>
<arg>${rowInvoiceNumber}</arg>
<doc>Returns the given values which can then be assigned to a variables.</doc>
<status status="NOT RUN" starttime="20240229 15:58:00.247" endtime="20240229 15:58:00.247"/>
</kw>
<kw name="Set Global Variable" library="BuiltIn">
<arg>${InvoiceNumber}</arg>
<doc>Makes a variable available globally in all tests and suites.</doc>
<status status="NOT RUN" starttime="20240229 15:58:00.247" endtime="20240229 15:58:00.249"/>
</kw>
<kw name="Add Row Data to list">
<arg>${items}</arg>
<status status="NOT RUN" starttime="20240229 15:58:00.249" endtime="20240229 15:58:00.249"/>
</kw>
<status status="NOT RUN" starttime="20240229 15:58:00.247" endtime="20240229 15:58:00.249"/>
</branch>
<branch type="ELSE">
<kw name="Log" library="BuiltIn">
<arg>Invoice changes, need to also process header data</arg>
<doc>Logs the given message with the given level.</doc>
<status status="NOT RUN" starttime="20240229 15:58:00.249" endtime="20240229 15:58:00.249"/>
</kw>
<for flavor="IN">
<var>${headerElement}</var>
<value>@{headers}</value>
<iter>
<var name="${headerElement}"/>
<kw name="Split String" library="String">
<var>${headerItems}</var>
<arg>${headerElement}</arg>
<arg>;</arg>
<doc>Splits the ``string`` using ``separator`` as a delimiter string.</doc>
<status status="NOT RUN" starttime="20240229 15:58:00.250" endtime="20240229 15:58:00.250"/>
</kw>
<if>
<branch type="IF" condition="'${headerItems}[0]' == '${InvoiceNumber}'">
<kw name="Log" library="BuiltIn">
<arg>Invoice found</arg>
<doc>Logs the given message with the given level.</doc>
<status status="NOT RUN" starttime="20240229 15:58:00.250" endtime="20240229 15:58:00.250"/>
</kw>
<kw name="Add Invoice Header to DB">
<arg>${headerItems}</arg>
<arg>${ListToDB}</arg>
<status status="NOT RUN" starttime="20240229 15:58:00.250" endtime="20240229 15:58:00.250"/>
</kw>
<for flavor="IN">
<var>${rowElement}</var>
<value>@{ListToDB}</value>
<iter>
<var name="${rowElement}"/>
<kw name="Add Invoice Row To DB">
<arg>${rowElement}</arg>
<status status="NOT RUN" starttime="20240229 15:58:00.251" endtime="20240229 15:58:00.251"/>
</kw>
<status status="NOT RUN" starttime="20240229 15:58:00.250" endtime="20240229 15:58:00.251"/>
</iter>
<status status="NOT RUN" starttime="20240229 15:58:00.250" endtime="20240229 15:58:00.251"/>
</for>
<status status="NOT RUN" starttime="20240229 15:58:00.250" endtime="20240229 15:58:00.251"/>
</branch>
<status status="NOT RUN" starttime="20240229 15:58:00.250" endtime="20240229 15:58:00.251"/>
</if>
<status status="NOT RUN" starttime="20240229 15:58:00.249" endtime="20240229 15:58:00.251"/>
</iter>
<status status="NOT RUN" starttime="20240229 15:58:00.249" endtime="20240229 15:58:00.251"/>
</for>
<kw name="Create List" library="BuiltIn">
<var>@{ListToDB}</var>
<doc>Returns a list containing given items.</doc>
<status status="NOT RUN" starttime="20240229 15:58:00.252" endtime="20240229 15:58:00.252"/>
</kw>
<kw name="Set Global Variable" library="BuiltIn">
<arg>${ListToDB}</arg>
<doc>Makes a variable available globally in all tests and suites.</doc>
<status status="NOT RUN" starttime="20240229 15:58:00.252" endtime="20240229 15:58:00.252"/>
</kw>
<kw name="Set Variable" library="BuiltIn">
<var>${InvoiceNumber}</var>
<arg>${rowInvoiceNumber}</arg>
<doc>Returns the given values which can then be assigned to a variables.</doc>
<status status="NOT RUN" starttime="20240229 15:58:00.252" endtime="20240229 15:58:00.252"/>
</kw>
<kw name="Set Global Variable" library="BuiltIn">
<arg>${InvoiceNumber}</arg>
<doc>Makes a variable available globally in all tests and suites.</doc>
<status status="NOT RUN" starttime="20240229 15:58:00.252" endtime="20240229 15:58:00.252"/>
</kw>
<kw name="Add Row Data to list">
<arg>${items}</arg>
<status status="NOT RUN" starttime="20240229 15:58:00.253" endtime="20240229 15:58:00.253"/>
</kw>
<status status="NOT RUN" starttime="20240229 15:58:00.249" endtime="20240229 15:58:00.253"/>
</branch>
<status status="NOT RUN" starttime="20240229 15:58:00.247" endtime="20240229 15:58:00.253"/>
</if>
<status status="NOT RUN" starttime="20240229 15:58:00.247" endtime="20240229 15:58:00.253"/>
</branch>
<status status="PASS" starttime="20240229 15:58:00.242" endtime="20240229 15:58:00.253"/>
</if>
<status status="PASS" starttime="20240229 15:58:00.239" endtime="20240229 15:58:00.253"/>
</iter>
<iter>
<var name="${element}">Installation Services;5;h;60;24;72;372;153143;1</var>
<kw name="Log" library="BuiltIn">
<arg>${element}</arg>
<doc>Logs the given message with the given level.</doc>
<msg timestamp="20240229 15:58:00.253" level="INFO">Installation Services;5;h;60;24;72;372;153143;1</msg>
<status status="PASS" starttime="20240229 15:58:00.253" endtime="20240229 15:58:00.254"/>
</kw>
<kw name="Split String" library="String">
<var>@{items}</var>
<arg>${element}</arg>
<arg>;</arg>
<doc>Splits the ``string`` using ``separator`` as a delimiter string.</doc>
<msg timestamp="20240229 15:58:00.254" level="INFO">@{items} = [ Installation Services | 5 | h | 60 | 24 | 72 | 372 | 153143 | 1 ]</msg>
<status status="PASS" starttime="20240229 15:58:00.254" endtime="20240229 15:58:00.254"/>
</kw>
<kw name="Set Variable" library="BuiltIn">
<var>${rowInvoiceNumber}</var>
<arg>${items}[7]</arg>
<doc>Returns the given values which can then be assigned to a variables.</doc>
<msg timestamp="20240229 15:58:00.255" level="INFO">${rowInvoiceNumber} = 153143</msg>
<status status="PASS" starttime="20240229 15:58:00.254" endtime="20240229 15:58:00.255"/>
</kw>
<kw name="Log" library="BuiltIn">
<arg>${rowInvoiceNumber}</arg>
<doc>Logs the given message with the given level.</doc>
<msg timestamp="20240229 15:58:00.255" level="INFO">153143</msg>
<status status="PASS" starttime="20240229 15:58:00.255" endtime="20240229 15:58:00.255"/>
</kw>
<kw name="Log" library="BuiltIn">
<arg>${InvoiceNumber}</arg>
<doc>Logs the given message with the given level.</doc>
<msg timestamp="20240229 15:58:00.256" level="INFO">1543235</msg>
<status status="PASS" starttime="20240229 15:58:00.255" endtime="20240229 15:58:00.256"/>
</kw>
<if>
<branch type="IF" condition="'${rowInvoiceNumber}' == '${InvoiceNumber}'">
<kw name="Log" library="BuiltIn">
<arg>Add rows to the invoice</arg>
<doc>Logs the given message with the given level.</doc>
<status status="NOT RUN" starttime="20240229 15:58:00.256" endtime="20240229 15:58:00.256"/>
</kw>
<kw name="Add Row Data to list">
<arg>${items}</arg>
<status status="NOT RUN" starttime="20240229 15:58:00.256" endtime="20240229 15:58:00.256"/>
</kw>
<status status="NOT RUN" starttime="20240229 15:58:00.256" endtime="20240229 15:58:00.257"/>
</branch>
<branch type="ELSE">
<kw name="Log" library="BuiltIn">
<arg>Need to check if database list already has rows</arg>
<doc>Logs the given message with the given level.</doc>
<msg timestamp="20240229 15:58:00.257" level="INFO">Need to check if database list already has rows</msg>
<status status="PASS" starttime="20240229 15:58:00.257" endtime="20240229 15:58:00.257"/>
</kw>
<kw name="Get Length" library="BuiltIn">
<var>${length}</var>
<arg>${ListToDB}</arg>
<doc>Returns and logs the length of the given item as an integer.</doc>
<msg timestamp="20240229 15:58:00.257" level="INFO">Length is 2</msg>
<msg timestamp="20240229 15:58:00.257" level="INFO">${length} = 2</msg>
<status status="PASS" starttime="20240229 15:58:00.257" endtime="20240229 15:58:00.257"/>
</kw>
<if>
<branch type="IF" condition="${length} == ${0}">
<kw name="Log" library="BuiltIn">
<arg>First invoice case</arg>
<doc>Logs the given message with the given level.</doc>
<status status="NOT RUN" starttime="20240229 15:58:00.258" endtime="20240229 15:58:00.258"/>
</kw>
<kw name="Set Variable" library="BuiltIn">
<var>${InvoiceNumber}</var>
<arg>${rowInvoiceNumber}</arg>
<doc>Returns the given values which can then be assigned to a variables.</doc>
<status status="NOT RUN" starttime="20240229 15:58:00.258" endtime="20240229 15:58:00.258"/>
</kw>
<kw name="Set Global Variable" library="BuiltIn">
<arg>${InvoiceNumber}</arg>
<doc>Makes a variable available globally in all tests and suites.</doc>
<status status="NOT RUN" starttime="20240229 15:58:00.258" endtime="20240229 15:58:00.258"/>
</kw>
<kw name="Add Row Data to list">
<arg>${items}</arg>
<status status="NOT RUN" starttime="20240229 15:58:00.259" endtime="20240229 15:58:00.259"/>
</kw>
<status status="NOT RUN" starttime="20240229 15:58:00.257" endtime="20240229 15:58:00.259"/>
</branch>
<branch type="ELSE">
<kw name="Log" library="BuiltIn">
<arg>Invoice changes, need to also process header data</arg>
<doc>Logs the given message with the given level.</doc>
<msg timestamp="20240229 15:58:00.259" level="INFO">Invoice changes, need to also process header data</msg>
<status status="PASS" starttime="20240229 15:58:00.259" endtime="20240229 15:58:00.259"/>
</kw>
<for flavor="IN">
<var>${headerElement}</var>
<value>@{headers}</value>
<iter>
<var name="${headerElement}">143143;Service Provider Oy;1431432;15.12.2022;07.04.2021;1234567-8;FI12 3456 7890 1234 56;1350;324;1674</var>
<kw name="Split String" library="String">
<var>${headerItems}</var>
<arg>${headerElement}</arg>
<arg>;</arg>
<doc>Splits the ``string`` using ``separator`` as a delimiter string.</doc>
<msg timestamp="20240229 15:58:00.260" level="INFO">${headerItems} = ['143143', 'Service Provider Oy', '1431432', '15.12.2022', '07.04.2021', '1234567-8', 'FI12 3456 7890 1234 56', '1350', '324', '1674']</msg>
<status status="PASS" starttime="20240229 15:58:00.260" endtime="20240229 15:58:00.260"/>
</kw>
<if>
<branch type="IF" condition="'${headerItems}[0]' == '${InvoiceNumber}'">
<kw name="Log" library="BuiltIn">
<arg>Invoice found</arg>
<doc>Logs the given message with the given level.</doc>
<status status="NOT RUN" starttime="20240229 15:58:00.260" endtime="20240229 15:58:00.261"/>
</kw>
<kw name="Add Invoice Header to DB">
<arg>${headerItems}</arg>
<arg>${ListToDB}</arg>
<status status="NOT RUN" starttime="20240229 15:58:00.261" endtime="20240229 15:58:00.261"/>
</kw>
<for flavor="IN">
<var>${rowElement}</var>
<value>@{ListToDB}</value>
<iter>
<var name="${rowElement}"/>
<kw name="Add Invoice Row To DB">
<arg>${rowElement}</arg>
<status status="NOT RUN" starttime="20240229 15:58:00.261" endtime="20240229 15:58:00.261"/>
</kw>
<status status="NOT RUN" starttime="20240229 15:58:00.261" endtime="20240229 15:58:00.261"/>
</iter>
<status status="NOT RUN" starttime="20240229 15:58:00.261" endtime="20240229 15:58:00.262"/>
</for>
[...]
</branch>
<status status="PASS" starttime="20240229 15:58:00.435" endtime="20240229 15:58:00.436"/>
</if>
<kw name="Check Amounts From Invoice">
<var>${sumStatus}</var>
<arg>${items}[9]</arg>
<arg>${rows}</arg>
<kw name="Set Variable" library="BuiltIn">
<var>${status}</var>
<arg>${False}</arg>
<doc>Returns the given values which can then be assigned to a variables.</doc>
<msg timestamp="20240229 15:58:00.437" level="INFO">${status} = False</msg>
<status status="PASS" starttime="20240229 15:58:00.437" endtime="20240229 15:58:00.437"/>
</kw>
<kw name="Evaluate" library="BuiltIn">
<var>${totalAmountFromRows}</var>
<arg>0</arg>
<doc>Evaluates the given expression in Python and returns the result.</doc>
<msg timestamp="20240229 15:58:00.437" level="INFO">${totalAmountFromRows} = 0</msg>
<status status="PASS" starttime="20240229 15:58:00.437" endtime="20240229 15:58:00.437"/>
</kw>
<for flavor="IN">
<var>${element}</var>
<value>@{invoiceRows}</value>
<iter>
<var name="${element}">['153143', '1', 'Installation Services', '5', 'h', '60', '24', '72', '372']</var>
<kw name="Evaluate" library="BuiltIn">
<var>${totalAmountFromRows}</var>
<arg>${totalAmountFromRows}+${element}[8]</arg>
<doc>Evaluates the given expression in Python and returns the result.</doc>
<msg timestamp="20240229 15:58:00.438" level="INFO">${totalAmountFromRows} = 372</msg>
<status status="PASS" starttime="20240229 15:58:00.438" endtime="20240229 15:58:00.438"/>
</kw>
<status status="PASS" starttime="20240229 15:58:00.438" endtime="20240229 15:58:00.438"/>
</iter>
<iter>
<var name="${element}">['153143', '2', 'Replacement Products', '10', 'kpl', '105', '24', '252', '1302']</var>
<kw name="Evaluate" library="BuiltIn">
<var>${totalAmountFromRows}</var>
<arg>${totalAmountFromRows}+${element}[8]</arg>
<doc>Evaluates the given expression in Python and returns the result.</doc>
<msg timestamp="20240229 15:58:00.439" level="INFO">${totalAmountFromRows} = 1674</msg>
<status status="PASS" starttime="20240229 15:58:00.439" endtime="20240229 15:58:00.439"/>
</kw>
<status status="PASS" starttime="20240229 15:58:00.439" endtime="20240229 15:58:00.439"/>
</iter>
<iter>
<var name="${element}">['153143', '3', 'Cleaning Services', '5', 'h', '60', '24', '72', '372']</var>
<kw name="Evaluate" library="BuiltIn">
<var>${totalAmountFromRows}</var>
<arg>${totalAmountFromRows}+${element}[8]</arg>
<doc>Evaluates the given expression in Python and returns the result.</doc>
<msg timestamp="20240229 15:58:00.441" level="INFO">${totalAmountFromRows} = 2046</msg>
<status status="PASS" starttime="20240229 15:58:00.441" endtime="20240229 15:58:00.441"/>
</kw>
<status status="PASS" starttime="20240229 15:58:00.441" endtime="20240229 15:58:00.441"/>
</iter>
<iter>
<var name="${element}">['153143', '4', 'Cleaning Wipes', '10', 'kpl', '105', '24', '252', '1302']</var>
<kw name="Evaluate" library="BuiltIn">
<var>${totalAmountFromRows}</var>
<arg>${totalAmountFromRows}+${element}[8]</arg>
<doc>Evaluates the given expression in Python and returns the result.</doc>
<msg timestamp="20240229 15:58:00.442" level="INFO">${totalAmountFromRows} = 3348</msg>
<status status="PASS" starttime="20240229 15:58:00.442" endtime="20240229 15:58:00.442"/>
</kw>
<status status="PASS" starttime="20240229 15:58:00.442" endtime="20240229 15:58:00.442"/>
</iter>
<status status="PASS" starttime="20240229 15:58:00.438" endtime="20240229 15:58:00.442"/>
</for>
<kw name="Convert To Number" library="BuiltIn">
<var>${diff}</var>
<arg>0.01</arg>
<doc>Converts the given item to a floating point number.</doc>
<msg timestamp="20240229 15:58:00.443" level="INFO">${diff} = 0.01</msg>
<status status="PASS" starttime="20240229 15:58:00.443" endtime="20240229 15:58:00.443"/>
</kw>
<kw name="Convert To Number" library="BuiltIn">
<var>${totalSumFromHeader}</var>
<arg>${totalSumFromHeader}</arg>
<doc>Converts the given item to a floating point number.</doc>
<msg timestamp="20240229 15:58:00.444" level="INFO">${totalSumFromHeader} = 3348.0</msg>
<status status="PASS" starttime="20240229 15:58:00.443" endtime="20240229 15:58:00.444"/>
</kw>
<kw name="Convert To Number" library="BuiltIn">
<var>${totalAmountFromRows}</var>
<arg>${totalAmountFromRows}</arg>
<doc>Converts the given item to a floating point number.</doc>
<msg timestamp="20240229 15:58:00.444" level="INFO">${totalAmountFromRows} = 3348.0</msg>
<status status="PASS" starttime="20240229 15:58:00.444" endtime="20240229 15:58:00.444"/>
</kw>
<kw name="Is Equal" library="validation">
<var>${status}</var>
<arg>${totalSumFromHeader}</arg>
<arg>${totalAmountFromRows}</arg>
<arg>${diff}</arg>
<msg timestamp="20240229 15:58:00.444" level="INFO">${status} = True</msg>
<status status="PASS" starttime="20240229 15:58:00.444" endtime="20240229 15:58:00.445"/>
</kw>
<msg timestamp="20240229 15:58:00.445" level="INFO">${sumStatus} = True</msg>
<status status="PASS" starttime="20240229 15:58:00.436" endtime="20240229 15:58:00.445"/>
</kw>
<if>
<branch type="IF" condition="not ${sumStatus}">
<kw name="Set Variable" library="BuiltIn">
<var>${InvoiceStatus}</var>
<arg>3</arg>
<doc>Returns the given values which can then be assigned to a variables.</doc>
<status status="NOT RUN" starttime="20240229 15:58:00.445" endtime="20240229 15:58:00.445"/>
</kw>
<kw name="Set Variable" library="BuiltIn">
<var>${InvoiceComment}</var>
<arg>Amount difference</arg>
<doc>Returns the given values which can then be assigned to a variables.</doc>
<status status="NOT RUN" starttime="20240229 15:58:00.445" endtime="20240229 15:58:00.445"/>
</kw>
<status status="NOT RUN" starttime="20240229 15:58:00.445" endtime="20240229 15:58:00.446"/>
</branch>
<status status="PASS" starttime="20240229 15:58:00.445" endtime="20240229 15:58:00.446"/>
</if>
<kw name="Set Variable" library="BuiltIn">
<var>${foreignKeyChecks0}</var>
<arg>SET FOREIGN_KEY_CHECKS=0;</arg>
<doc>Returns the given values which can then be assigned to a variables.</doc>
<msg timestamp="20240229 15:58:00.446" level="INFO">${foreignKeyChecks0} = SET FOREIGN_KEY_CHECKS=0;</msg>
<status status="PASS" starttime="20240229 15:58:00.446" endtime="20240229 15:58:00.446"/>
</kw>
<kw name="Set Variable" library="BuiltIn">
<var>${insertStmt}</var>
<arg>insert into invoiceheader (invoicenumber, companyname, companycode, referencenumber, invoicedate, duedate, bankaccountnumber, amountexclvat, vat, totalamount, invoicestatus_id, comments) values ('${items}[0]', '${items}[1]', '${items}[5]', '${items}[2]', '${invoiceDate}', '${dueDate}', '${items}[6]', '${items}[7]', '${items}[8]', '${items}[9]', '${InvoiceStatus}', '${InvoiceComment}');</arg>
<doc>Returns the given values which can then be assigned to a variables.</doc>
<msg timestamp="20240229 15:58:00.446" level="INFO">${insertStmt} = insert into invoiceheader (invoicenumber, companyname, companycode, referencenumber, invoicedate, duedate, bankaccountnumber, amountexclvat, vat, totalamount, invoicestatus_id, comments) values ('1531...</msg>
<status status="PASS" starttime="20240229 15:58:00.446" endtime="20240229 15:58:00.446"/>
</kw>
<kw name="Execute Sql String" library="DatabaseLibrary">
<arg>${foreignKeyChecks0}</arg>
<doc>Executes the sqlString as SQL commands. Useful to pass arguments to your sql. Set optional input `sansTran` to
True to run command without an explicit transaction commit or rollback.</doc>
<msg timestamp="20240229 15:58:00.447" level="INFO">Executing : Execute SQL String  |  SET FOREIGN_KEY_CHECKS=0; </msg>
<status status="PASS" starttime="20240229 15:58:00.446" endtime="20240229 15:58:00.447"/>
</kw>
<kw name="Execute Sql String" library="DatabaseLibrary">
<arg>${insertStmt}</arg>
<doc>Executes the sqlString as SQL commands. Useful to pass arguments to your sql. Set optional input `sansTran` to
True to run command without an explicit transaction commit or rollback.</doc>
<msg timestamp="20240229 15:58:00.448" level="INFO">Executing : Execute SQL String  |  insert into invoiceheader (invoicenumber, companyname, companycode, referencenumber, invoicedate, duedate, bankaccountnumber, amountexclvat, vat, totalamount, invoicestatus_id, comments) values ('153143', 'Service Provider Oy', '1234567-8', '1531439', '2022-12-15', '2021-04-01', 'FI12 3456 7890 1234 56', '2700', '648', '3348', '0', 'All OK'); </msg>
<status status="PASS" starttime="20240229 15:58:00.447" endtime="20240229 15:58:00.450"/>
</kw>
<status status="PASS" starttime="20240229 15:58:00.412" endtime="20240229 15:58:00.450"/>
</kw>
<for flavor="IN">
<var>${rowElement}</var>
<value>@{ListToDB}</value>
<iter>
<var name="${rowElement}">['153143', '1', 'Installation Services', '5', 'h', '60', '24', '72', '372']</var>
<kw name="Add Invoice Row To DB">
<arg>${rowElement}</arg>
<kw name="Make Connection">
<arg>${dbname}</arg>
<kw name="Connect To Database" library="DatabaseLibrary">
<arg>pymysql</arg>
<arg>${dbtoconnect}</arg>
<arg>${dbuser}</arg>
<arg>${dbpass}</arg>
<arg>${dbhost}</arg>
<arg>${dbport}</arg>
<doc>Loads the DB API 2.0 module given `dbapiModuleName` then uses it to
connect to the database using `dbName`, `dbUsername`, and `dbPassword`.</doc>
<msg timestamp="20240229 15:58:00.453" level="INFO">Connecting using : pymysql.connect(db=rpa, user=robotuser, passwd=***, host=localhost, port=3306, charset=None) </msg>
<status status="PASS" starttime="20240229 15:58:00.452" endtime="20240229 15:58:00.454"/>
</kw>
<status status="PASS" starttime="20240229 15:58:00.452" endtime="20240229 15:58:00.454"/>
</kw>
<kw name="Set Variable" library="BuiltIn">
<var>${insertStmt}</var>
<arg>insert into invoicerow (invoicenumber, rownumber, description, quantity, unit, unitprice, vatpercent, vat, total) values ('${items}[0]', '${items}[1]', '${items}[2]', '${items}[3]', '${items}[4]', '${items}[5]', '${items}[6]', '${items}[7]', '${items}[8]');</arg>
<doc>Returns the given values which can then be assigned to a variables.</doc>
<msg timestamp="20240229 15:58:00.455" level="INFO">${insertStmt} = insert into invoicerow (invoicenumber, rownumber, description, quantity, unit, unitprice, vatpercent, vat, total) values ('153143', '1', 'Installation Services', '5', 'h', '60', '24', '72', '372');</msg>
<status status="PASS" starttime="20240229 15:58:00.454" endtime="20240229 15:58:00.455"/>
</kw>
<kw name="Execute Sql String" library="DatabaseLibrary">
<arg>${insertStmt}</arg>
<doc>Executes the sqlString as SQL commands. Useful to pass arguments to your sql. Set optional input `sansTran` to
True to run command without an explicit transaction commit or rollback.</doc>
<msg timestamp="20240229 15:58:00.455" level="INFO">Executing : Execute SQL String  |  insert into invoicerow (invoicenumber, rownumber, description, quantity, unit, unitprice, vatpercent, vat, total) values ('153143', '1', 'Installation Services', '5', 'h', '60', '24', '72', '372'); </msg>
<status status="PASS" starttime="20240229 15:58:00.455" endtime="20240229 15:58:00.457"/>
</kw>
<status status="PASS" starttime="20240229 15:58:00.450" endtime="20240229 15:58:00.457"/>
</kw>
<status status="PASS" starttime="20240229 15:58:00.450" endtime="20240229 15:58:00.457"/>
</iter>
<iter>
<var name="${rowElement}">['153143', '2', 'Replacement Products', '10', 'kpl', '105', '24', '252', '1302']</var>
<kw name="Add Invoice Row To DB">
<arg>${rowElement}</arg>
<kw name="Make Connection">
<arg>${dbname}</arg>
<kw name="Connect To Database" library="DatabaseLibrary">
<arg>pymysql</arg>
<arg>${dbtoconnect}</arg>
<arg>${dbuser}</arg>
<arg>${dbpass}</arg>
<arg>${dbhost}</arg>
<arg>${dbport}</arg>
<doc>Loads the DB API 2.0 module given `dbapiModuleName` then uses it to
connect to the database using `dbName`, `dbUsername`, and `dbPassword`.</doc>
<msg timestamp="20240229 15:58:00.459" level="INFO">Connecting using : pymysql.connect(db=rpa, user=robotuser, passwd=***, host=localhost, port=3306, charset=None) </msg>
<status status="PASS" starttime="20240229 15:58:00.458" endtime="20240229 15:58:00.481"/>
</kw>
<status status="PASS" starttime="20240229 15:58:00.458" endtime="20240229 15:58:00.482"/>
</kw>
<kw name="Set Variable" library="BuiltIn">
<var>${insertStmt}</var>
<arg>insert into invoicerow (invoicenumber, rownumber, description, quantity, unit, unitprice, vatpercent, vat, total) values ('${items}[0]', '${items}[1]', '${items}[2]', '${items}[3]', '${items}[4]', '${items}[5]', '${items}[6]', '${items}[7]', '${items}[8]');</arg>
<doc>Returns the given values which can then be assigned to a variables.</doc>
<msg timestamp="20240229 15:58:00.482" level="INFO">${insertStmt} = insert into invoicerow (invoicenumber, rownumber, description, quantity, unit, unitprice, vatpercent, vat, total) values ('153143', '2', 'Replacement Products', '10', 'kpl', '105', '24', '252', '1302'...</msg>
<status status="PASS" starttime="20240229 15:58:00.482" endtime="20240229 15:58:00.482"/>
</kw>
<kw name="Execute Sql String" library="DatabaseLibrary">
<arg>${insertStmt}</arg>
<doc>Executes the sqlString as SQL commands. Useful to pass arguments to your sql. Set optional input `sansTran` to
True to run command without an explicit transaction commit or rollback.</doc>
<msg timestamp="20240229 15:58:00.483" level="INFO">Executing : Execute SQL String  |  insert into invoicerow (invoicenumber, rownumber, description, quantity, unit, unitprice, vatpercent, vat, total) values ('153143', '2', 'Replacement Products', '10', 'kpl', '105', '24', '252', '1302'); </msg>
<status status="PASS" starttime="20240229 15:58:00.482" endtime="20240229 15:58:00.484"/>
</kw>
<status status="PASS" starttime="20240229 15:58:00.457" endtime="20240229 15:58:00.485"/>
</kw>
<status status="PASS" starttime="20240229 15:58:00.457" endtime="20240229 15:58:00.485"/>
</iter>
<iter>
<var name="${rowElement}">['153143', '3', 'Cleaning Services', '5', 'h', '60', '24', '72', '372']</var>
<kw name="Add Invoice Row To DB">
<arg>${rowElement}</arg>
<kw name="Make Connection">
<arg>${dbname}</arg>
<kw name="Connect To Database" library="DatabaseLibrary">
<arg>pymysql</arg>
<arg>${dbtoconnect}</arg>
<arg>${dbuser}</arg>
<arg>${dbpass}</arg>
<arg>${dbhost}</arg>
<arg>${dbport}</arg>
<doc>Loads the DB API 2.0 module given `dbapiModuleName` then uses it to
connect to the database using `dbName`, `dbUsername`, and `dbPassword`.</doc>
<msg timestamp="20240229 15:58:00.486" level="INFO">Connecting using : pymysql.connect(db=rpa, user=robotuser, passwd=***, host=localhost, port=3306, charset=None) </msg>
<status status="PASS" starttime="20240229 15:58:00.486" endtime="20240229 15:58:00.488"/>
</kw>
<status status="PASS" starttime="20240229 15:58:00.485" endtime="20240229 15:58:00.488"/>
</kw>
<kw name="Set Variable" library="BuiltIn">
<var>${insertStmt}</var>
<arg>insert into invoicerow (invoicenumber, rownumber, description, quantity, unit, unitprice, vatpercent, vat, total) values ('${items}[0]', '${items}[1]', '${items}[2]', '${items}[3]', '${items}[4]', '${items}[5]', '${items}[6]', '${items}[7]', '${items}[8]');</arg>
<doc>Returns the given values which can then be assigned to a variables.</doc>
<msg timestamp="20240229 15:58:00.489" level="INFO">${insertStmt} = insert into invoicerow (invoicenumber, rownumber, description, quantity, unit, unitprice, vatpercent, vat, total) values ('153143', '3', 'Cleaning Services', '5', 'h', '60', '24', '72', '372');</msg>
<status status="PASS" starttime="20240229 15:58:00.488" endtime="20240229 15:58:00.489"/>
</kw>
<kw name="Execute Sql String" library="DatabaseLibrary">
<arg>${insertStmt}</arg>
<doc>Executes the sqlString as SQL commands. Useful to pass arguments to your sql. Set optional input `sansTran` to
True to run command without an explicit transaction commit or rollback.</doc>
<msg timestamp="20240229 15:58:00.489" level="INFO">Executing : Execute SQL String  |  insert into invoicerow (invoicenumber, rownumber, description, quantity, unit, unitprice, vatpercent, vat, total) values ('153143', '3', 'Cleaning Services', '5', 'h', '60', '24', '72', '372'); </msg>
<status status="PASS" starttime="20240229 15:58:00.489" endtime="20240229 15:58:00.491"/>
</kw>
<status status="PASS" starttime="20240229 15:58:00.485" endtime="20240229 15:58:00.491"/>
</kw>
<status status="PASS" starttime="20240229 15:58:00.485" endtime="20240229 15:58:00.491"/>
</iter>
<iter>
<var name="${rowElement}">['153143', '4', 'Cleaning Wipes', '10', 'kpl', '105', '24', '252', '1302']</var>
<kw name="Add Invoice Row To DB">
<arg>${rowElement}</arg>
<kw name="Make Connection">
<arg>${dbname}</arg>
<kw name="Connect To Database" library="DatabaseLibrary">
<arg>pymysql</arg>
<arg>${dbtoconnect}</arg>
<arg>${dbuser}</arg>
<arg>${dbpass}</arg>
<arg>${dbhost}</arg>
<arg>${dbport}</arg>
<doc>Loads the DB API 2.0 module given `dbapiModuleName` then uses it to
connect to the database using `dbName`, `dbUsername`, and `dbPassword`.</doc>
<msg timestamp="20240229 15:58:00.493" level="INFO">Connecting using : pymysql.connect(db=rpa, user=robotuser, passwd=***, host=localhost, port=3306, charset=None) </msg>
<status status="PASS" starttime="20240229 15:58:00.492" endtime="20240229 15:58:00.495"/>
</kw>
<status status="PASS" starttime="20240229 15:58:00.492" endtime="20240229 15:58:00.495"/>
</kw>
<kw name="Set Variable" library="BuiltIn">
<var>${insertStmt}</var>
<arg>insert into invoicerow (invoicenumber, rownumber, description, quantity, unit, unitprice, vatpercent, vat, total) values ('${items}[0]', '${items}[1]', '${items}[2]', '${items}[3]', '${items}[4]', '${items}[5]', '${items}[6]', '${items}[7]', '${items}[8]');</arg>
<doc>Returns the given values which can then be assigned to a variables.</doc>
<msg timestamp="20240229 15:58:00.496" level="INFO">${insertStmt} = insert into invoicerow (invoicenumber, rownumber, description, quantity, unit, unitprice, vatpercent, vat, total) values ('153143', '4', 'Cleaning Wipes', '10', 'kpl', '105', '24', '252', '1302');</msg>
<status status="PASS" starttime="20240229 15:58:00.495" endtime="20240229 15:58:00.496"/>
</kw>
<kw name="Execute Sql String" library="DatabaseLibrary">
<arg>${insertStmt}</arg>
<doc>Executes the sqlString as SQL commands. Useful to pass arguments to your sql. Set optional input `sansTran` to
True to run command without an explicit transaction commit or rollback.</doc>
<msg timestamp="20240229 15:58:00.496" level="INFO">Executing : Execute SQL String  |  insert into invoicerow (invoicenumber, rownumber, description, quantity, unit, unitprice, vatpercent, vat, total) values ('153143', '4', 'Cleaning Wipes', '10', 'kpl', '105', '24', '252', '1302'); </msg>
<status status="PASS" starttime="20240229 15:58:00.496" endtime="20240229 15:58:00.499"/>
</kw>
<status status="PASS" starttime="20240229 15:58:00.492" endtime="20240229 15:58:00.499"/>
</kw>
<status status="PASS" starttime="20240229 15:58:00.491" endtime="20240229 15:58:00.499"/>
</iter>
<status status="PASS" starttime="20240229 15:58:00.450" endtime="20240229 15:58:00.499"/>
</for>
<status status="PASS" starttime="20240229 15:58:00.411" endtime="20240229 15:58:00.499"/>
</branch>
<status status="PASS" starttime="20240229 15:58:00.411" endtime="20240229 15:58:00.499"/>
</if>
<status status="PASS" starttime="20240229 15:58:00.410" endtime="20240229 15:58:00.499"/>
</iter>
<status status="PASS" starttime="20240229 15:58:00.405" endtime="20240229 15:58:00.499"/>
</for>
<status status="PASS" starttime="20240229 15:58:00.403" endtime="20240229 15:58:00.500"/>
</branch>
<status status="PASS" starttime="20240229 15:58:00.403" endtime="20240229 15:58:00.500"/>
</if>
<status status="PASS" starttime="20240229 15:58:00.089" endtime="20240229 15:58:00.500"/>
</test>
<status status="PASS" starttime="20240229 15:58:00.031" endtime="20240229 15:58:00.501"/>
</suite>
<statistics>
<total>
<stat pass="2" fail="0" skip="0">All Tests</stat>
</total>
<tag>
</tag>
<suite>
<stat pass="2" fail="0" skip="0" id="s1" name="Rf Project">Rf Project</stat>
</suite>
</statistics>
<errors>
</errors>
</robot>
