<?xml version="1.0" encoding="UTF-8"?>
<robot generator="Robot 6.1.1 (Python 3.11.4 on win32)" generated="20240305 15:10:48.325" rpa="false" schemaversion="4">
<suite id="s1" name="Rf Project" source="c:\Users\royha\OneDrive - Hämeen ammattikorkeakoulu\Software Robotics and Automation\SoftwareRoboticsProject\Project files - UiPath Studio, Robot Framework, MySQL\RobotFramework\rf_project.robot">
<test id="s1-t1" name="Read CSV file to list" line="23">
<kw name="Get File" library="OperatingSystem">
<var>${outputHeader}</var>
<arg>${PATH}InvoiceHeaderData.csv</arg>
<doc>Returns the contents of a specified file.</doc>
<msg timestamp="20240305 15:10:48.414" level="INFO" html="true">Getting file '&lt;a href="file://C:\Users\royha\OneDrive - Hämeen ammattikorkeakoulu\Software Robotics and Automation\SoftwareRoboticsProject\Project files - UiPath Studio, Robot Framework, MySQL\RobotFramework\InvoiceHeaderData.csv"&gt;C:\Users\royha\OneDrive - Hämeen ammattikorkeakoulu\Software Robotics and Automation\SoftwareRoboticsProject\Project files - UiPath Studio, Robot Framework, MySQL\RobotFramework\InvoiceHeaderData.csv&lt;/a&gt;'.</msg>
<msg timestamp="20240305 15:10:48.418" level="INFO">${outputHeader} = ﻿InvoiceNumber;CompanyName;ReferenceNumber;InvoiceDate;DueDate;CompanyCode;BankAccoundNumber;AmountExclVAT;VATAmount;TotalAmount
143143;Service Provider Oy;1431432;15.12.2022;07.04.2021;1234567-8;FI12...</msg>
<status status="PASS" starttime="20240305 15:10:48.413" endtime="20240305 15:10:48.418"/>
</kw>
<kw name="Get File" library="OperatingSystem">
<var>${outputRows}</var>
<arg>${PATH}InvoiceRowData.csv</arg>
<doc>Returns the contents of a specified file.</doc>
<msg timestamp="20240305 15:10:48.419" level="INFO" html="true">Getting file '&lt;a href="file://C:\Users\royha\OneDrive - Hämeen ammattikorkeakoulu\Software Robotics and Automation\SoftwareRoboticsProject\Project files - UiPath Studio, Robot Framework, MySQL\RobotFramework\InvoiceRowData.csv"&gt;C:\Users\royha\OneDrive - Hämeen ammattikorkeakoulu\Software Robotics and Automation\SoftwareRoboticsProject\Project files - UiPath Studio, Robot Framework, MySQL\RobotFramework\InvoiceRowData.csv&lt;/a&gt;'.</msg>
<msg timestamp="20240305 15:10:48.421" level="INFO">${outputRows} = ﻿Description;Quantity;Unit;UnitPrice;VATPercent;VAT;Total;InvoiceNumber;RowNumber
Installation Services;5;h;60;24;72;372;143143;1
Replacement Products;10;kpl;105;24;252;1302;143143;2
Keyboard Logitech...</msg>
<status status="PASS" starttime="20240305 15:10:48.419" endtime="20240305 15:10:48.422"/>
</kw>
<kw name="Log" library="BuiltIn">
<arg>${outputHeader}</arg>
<doc>Logs the given message with the given level.</doc>
<msg timestamp="20240305 15:10:48.424" level="INFO">﻿InvoiceNumber;CompanyName;ReferenceNumber;InvoiceDate;DueDate;CompanyCode;BankAccoundNumber;AmountExclVAT;VATAmount;TotalAmount
143143;Service Provider Oy;1431432;15.12.2022;07.04.2021;1234567-8;FI12 3456 7890 1234 56;1350;324;1674
1543235;Component Oy;15432359;01.10.2022;15.10.2022;1234567-9;FI05 1234 5600 7891 01;465;111.6;576.6
153143;Service Provider Oy;1531439;15.12.2022;01.04.2021;1234567-8;FI12 3456 7890 1234 56;2700;648;3348
</msg>
<status status="PASS" starttime="20240305 15:10:48.422" endtime="20240305 15:10:48.424"/>
</kw>
<kw name="Log" library="BuiltIn">
<arg>${outputRows}</arg>
<doc>Logs the given message with the given level.</doc>
<msg timestamp="20240305 15:10:48.425" level="INFO">﻿Description;Quantity;Unit;UnitPrice;VATPercent;VAT;Total;InvoiceNumber;RowNumber
Installation Services;5;h;60;24;72;372;143143;1
Replacement Products;10;kpl;105;24;252;1302;143143;2
Keyboard Logitech;10;kpl;40;24;96;496;1543235;1
Brother printer;1;kpl;65;24;15.6;80.6;1543235;2
Installation Services;5;h;60;24;72;372;153143;1
Replacement Products;10;kpl;105;24;252;1302;153143;2
Cleaning Services;5;h;60;24;72;372;153143;3
Cleaning Wipes;10;kpl;105;24;252;1302;153143;4
</msg>
<status status="PASS" starttime="20240305 15:10:48.424" endtime="20240305 15:10:48.426"/>
</kw>
<kw name="Split String" library="String">
<var>@{headers}</var>
<arg>${outputHeader}</arg>
<arg>\n</arg>
<doc>Splits the ``string`` using ``separator`` as a delimiter string.</doc>
<msg timestamp="20240305 15:10:48.428" level="INFO">@{headers} = [ ﻿InvoiceNumber;CompanyName;ReferenceNumber;InvoiceDate;DueDate;CompanyCode;BankAccoundNumber;AmountExclVAT;VATAmount;TotalAmount | 143143;Service Provider Oy;1431432;15.12.2022;07.04.2021;1234567-8;...</msg>
<status status="PASS" starttime="20240305 15:10:48.428" endtime="20240305 15:10:48.428"/>
</kw>
<kw name="Split String" library="String">
<var>@{rows}</var>
<arg>${outputRows}</arg>
<arg>\n</arg>
<doc>Splits the ``string`` using ``separator`` as a delimiter string.</doc>
<msg timestamp="20240305 15:10:48.430" level="INFO">@{rows} = [ ﻿Description;Quantity;Unit;UnitPrice;VATPercent;VAT;Total;InvoiceNumber;RowNumber | Installation Services;5;h;60;24;72;372;143143;1 | Replacement Products;10;kpl;105;24;252;1302;143143;2 | Keyboard ...</msg>
<status status="PASS" starttime="20240305 15:10:48.429" endtime="20240305 15:10:48.430"/>
</kw>
<kw name="Get Length" library="BuiltIn">
<var>${length}</var>
<arg>${headers}</arg>
<doc>Returns and logs the length of the given item as an integer.</doc>
<msg timestamp="20240305 15:10:48.431" level="INFO">Length is 5</msg>
<msg timestamp="20240305 15:10:48.432" level="INFO">${length} = 5</msg>
<status status="PASS" starttime="20240305 15:10:48.431" endtime="20240305 15:10:48.432"/>
</kw>
<kw name="Evaluate" library="BuiltIn">
<var>${length}</var>
<arg>${length}-1</arg>
<doc>Evaluates the given expression in Python and returns the result.</doc>
<msg timestamp="20240305 15:10:48.433" level="INFO">${length} = 4</msg>
<status status="PASS" starttime="20240305 15:10:48.432" endtime="20240305 15:10:48.433"/>
</kw>
<kw name="Convert To Integer" library="BuiltIn">
<var>${index}</var>
<arg>0</arg>
<doc>Converts the given item to an integer number.</doc>
<msg timestamp="20240305 15:10:48.434" level="INFO">${index} = 0</msg>
<status status="PASS" starttime="20240305 15:10:48.434" endtime="20240305 15:10:48.435"/>
</kw>
<kw name="Remove From List" library="Collections">
<arg>${headers}</arg>
<arg>${length}</arg>
<doc>Removes and returns the value specified with an ``index`` from ``list``.</doc>
<status status="PASS" starttime="20240305 15:10:48.435" endtime="20240305 15:10:48.435"/>
</kw>
<kw name="Remove From List" library="Collections">
<arg>${headers}</arg>
<arg>${index}</arg>
<doc>Removes and returns the value specified with an ``index`` from ``list``.</doc>
<status status="PASS" starttime="20240305 15:10:48.436" endtime="20240305 15:10:48.436"/>
</kw>
<kw name="Get Length" library="BuiltIn">
<var>${length}</var>
<arg>${rows}</arg>
<doc>Returns and logs the length of the given item as an integer.</doc>
<msg timestamp="20240305 15:10:48.437" level="INFO">Length is 10</msg>
<msg timestamp="20240305 15:10:48.437" level="INFO">${length} = 10</msg>
<status status="PASS" starttime="20240305 15:10:48.437" endtime="20240305 15:10:48.438"/>
</kw>
<kw name="Evaluate" library="BuiltIn">
<var>${length}</var>
<arg>${length}-1</arg>
<doc>Evaluates the given expression in Python and returns the result.</doc>
<msg timestamp="20240305 15:10:48.438" level="INFO">${length} = 9</msg>
<status status="PASS" starttime="20240305 15:10:48.438" endtime="20240305 15:10:48.438"/>
</kw>
<kw name="Remove From List" library="Collections">
<arg>${rows}</arg>
<arg>${length}</arg>
<doc>Removes and returns the value specified with an ``index`` from ``list``.</doc>
<status status="PASS" starttime="20240305 15:10:48.440" endtime="20240305 15:10:48.440"/>
</kw>
<kw name="Remove From List" library="Collections">
<arg>${rows}</arg>
<arg>${index}</arg>
<doc>Removes and returns the value specified with an ``index`` from ``list``.</doc>
<status status="PASS" starttime="20240305 15:10:48.441" endtime="20240305 15:10:48.441"/>
</kw>
<kw name="Set Global Variable" library="BuiltIn">
<arg>${headers}</arg>
<doc>Makes a variable available globally in all tests and suites.</doc>
<msg timestamp="20240305 15:10:48.443" level="INFO">${headers} = ['143143;Service Provider Oy;1431432;15.12.2022;07.04.2021;1234567-8;FI12 3456 7890 1234 56;1350;324;1674', '1543235;Component Oy;15432359;01.10.2022;15.10.2022;1234567-9;FI05 1234 5600 7891 01;465;11...</msg>
<status status="PASS" starttime="20240305 15:10:48.442" endtime="20240305 15:10:48.443"/>
</kw>
<kw name="Set Global Variable" library="BuiltIn">
<arg>${rows}</arg>
<doc>Makes a variable available globally in all tests and suites.</doc>
<msg timestamp="20240305 15:10:48.444" level="INFO">${rows} = ['Installation Services;5;h;60;24;72;372;143143;1', 'Replacement Products;10;kpl;105;24;252;1302;143143;2', 'Keyboard Logitech;10;kpl;40;24;96;496;1543235;1', 'Brother printer;1;kpl;65;24;15.6;80.6;15...</msg>
<status status="PASS" starttime="20240305 15:10:48.444" endtime="20240305 15:10:48.444"/>
</kw>
<status status="PASS" starttime="20240305 15:10:48.413" endtime="20240305 15:10:48.445"/>
</test>
<test id="s1-t2" name="Loop all invoicerows" line="51">
<for flavor="IN">
<var>${element}</var>
<value>@{rows}</value>
<iter>
<var name="${element}">Installation Services;5;h;60;24;72;372;143143;1</var>
<kw name="Log" library="BuiltIn">
<arg>${element}</arg>
<doc>Logs the given message with the given level.</doc>
<msg timestamp="20240305 15:10:48.448" level="INFO">Installation Services;5;h;60;24;72;372;143143;1</msg>
<status status="PASS" starttime="20240305 15:10:48.448" endtime="20240305 15:10:48.448"/>
</kw>
<kw name="Split String" library="String">
<var>@{items}</var>
<arg>${element}</arg>
<arg>;</arg>
<doc>Splits the ``string`` using ``separator`` as a delimiter string.</doc>
<msg timestamp="20240305 15:10:48.449" level="INFO">@{items} = [ Installation Services | 5 | h | 60 | 24 | 72 | 372 | 143143 | 1 ]</msg>
<status status="PASS" starttime="20240305 15:10:48.448" endtime="20240305 15:10:48.449"/>
</kw>
<kw name="Set Variable" library="BuiltIn">
<var>${rowInvoiceNumber}</var>
<arg>${items}[7]</arg>
<doc>Returns the given values which can then be assigned to a variables.</doc>
<msg timestamp="20240305 15:10:48.450" level="INFO">${rowInvoiceNumber} = 143143</msg>
<status status="PASS" starttime="20240305 15:10:48.449" endtime="20240305 15:10:48.450"/>
</kw>
<kw name="Log" library="BuiltIn">
<arg>${rowInvoiceNumber}</arg>
<doc>Logs the given message with the given level.</doc>
<msg timestamp="20240305 15:10:48.450" level="INFO">143143</msg>
<status status="PASS" starttime="20240305 15:10:48.450" endtime="20240305 15:10:48.450"/>
</kw>
<kw name="Log" library="BuiltIn">
<arg>${InvoiceNumber}</arg>
<doc>Logs the given message with the given level.</doc>
<msg timestamp="20240305 15:10:48.451" level="INFO">empty</msg>
<status status="PASS" starttime="20240305 15:10:48.451" endtime="20240305 15:10:48.451"/>
</kw>
<if>
<branch type="IF" condition="'${rowInvoiceNumber}' == '${InvoiceNumber}'">
<kw name="Log" library="BuiltIn">
<arg>Add rows to the invoice</arg>
<doc>Logs the given message with the given level.</doc>
<status status="NOT RUN" starttime="20240305 15:10:48.451" endtime="20240305 15:10:48.451"/>
</kw>
<kw name="Add Row Data to list">
<arg>${items}</arg>
<status status="NOT RUN" starttime="20240305 15:10:48.452" endtime="20240305 15:10:48.452"/>
</kw>
<status status="NOT RUN" starttime="20240305 15:10:48.451" endtime="20240305 15:10:48.452"/>
</branch>
<branch type="ELSE">
<kw name="Log" library="BuiltIn">
<arg>Need to check if database list already has rows</arg>
<doc>Logs the given message with the given level.</doc>
<msg timestamp="20240305 15:10:48.452" level="INFO">Need to check if database list already has rows</msg>
<status status="PASS" starttime="20240305 15:10:48.452" endtime="20240305 15:10:48.453"/>
</kw>
<kw name="Get Length" library="BuiltIn">
<var>${length}</var>
<arg>${ListToDB}</arg>
<doc>Returns and logs the length of the given item as an integer.</doc>
<msg timestamp="20240305 15:10:48.453" level="INFO">Length is 0</msg>
<msg timestamp="20240305 15:10:48.453" level="INFO">${length} = 0</msg>
<status status="PASS" starttime="20240305 15:10:48.453" endtime="20240305 15:10:48.454"/>
</kw>
<if>
<branch type="IF" condition="${length} == ${0}">
<kw name="Log" library="BuiltIn">
<arg>First invoice case</arg>
<doc>Logs the given message with the given level.</doc>
<msg timestamp="20240305 15:10:48.455" level="INFO">First invoice case</msg>
<status status="PASS" starttime="20240305 15:10:48.454" endtime="20240305 15:10:48.455"/>
</kw>
<kw name="Set Variable" library="BuiltIn">
<var>${InvoiceNumber}</var>
<arg>${rowInvoiceNumber}</arg>
<doc>Returns the given values which can then be assigned to a variables.</doc>
<msg timestamp="20240305 15:10:48.455" level="INFO">${InvoiceNumber} = 143143</msg>
<status status="PASS" starttime="20240305 15:10:48.455" endtime="20240305 15:10:48.455"/>
</kw>
<kw name="Set Global Variable" library="BuiltIn">
<arg>${InvoiceNumber}</arg>
<doc>Makes a variable available globally in all tests and suites.</doc>
<msg timestamp="20240305 15:10:48.456" level="INFO">${InvoiceNumber} = 143143</msg>
<status status="PASS" starttime="20240305 15:10:48.456" endtime="20240305 15:10:48.457"/>
</kw>
<kw name="Add Row Data to list">
<arg>${items}</arg>
<kw name="Create List" library="BuiltIn">
<var>@{AddInvoiceRowData}</var>
<doc>Returns a list containing given items.</doc>
<msg timestamp="20240305 15:10:48.458" level="INFO">@{AddInvoiceRowData} = [ ]</msg>
<status status="PASS" starttime="20240305 15:10:48.458" endtime="20240305 15:10:48.458"/>
</kw>
<kw name="Append To List" library="Collections">
<arg>${AddInvoiceRowData}</arg>
<arg>${InvoiceNumber}</arg>
<doc>Adds ``values`` to the end of ``list``.</doc>
<status status="PASS" starttime="20240305 15:10:48.458" endtime="20240305 15:10:48.459"/>
</kw>
<kw name="Append To List" library="Collections">
<arg>${AddInvoiceRowData}</arg>
<arg>${items}[8]</arg>
<doc>Adds ``values`` to the end of ``list``.</doc>
<status status="PASS" starttime="20240305 15:10:48.459" endtime="20240305 15:10:48.460"/>
</kw>
<kw name="Append To List" library="Collections">
<arg>${AddInvoiceRowData}</arg>
<arg>${items}[0]</arg>
<doc>Adds ``values`` to the end of ``list``.</doc>
<status status="PASS" starttime="20240305 15:10:48.460" endtime="20240305 15:10:48.460"/>
</kw>
<kw name="Append To List" library="Collections">
<arg>${AddInvoiceRowData}</arg>
<arg>${items}[1]</arg>
<doc>Adds ``values`` to the end of ``list``.</doc>
<status status="PASS" starttime="20240305 15:10:48.461" endtime="20240305 15:10:48.461"/>
</kw>
<kw name="Append To List" library="Collections">
<arg>${AddInvoiceRowData}</arg>
<arg>${items}[2]</arg>
<doc>Adds ``values`` to the end of ``list``.</doc>
<status status="PASS" starttime="20240305 15:10:48.461" endtime="20240305 15:10:48.462"/>
</kw>
<kw name="Append To List" library="Collections">
<arg>${AddInvoiceRowData}</arg>
<arg>${items}[3]</arg>
<doc>Adds ``values`` to the end of ``list``.</doc>
<status status="PASS" starttime="20240305 15:10:48.462" endtime="20240305 15:10:48.462"/>
</kw>
<kw name="Append To List" library="Collections">
<arg>${AddInvoiceRowData}</arg>
<arg>${items}[4]</arg>
<doc>Adds ``values`` to the end of ``list``.</doc>
<status status="PASS" starttime="20240305 15:10:48.462" endtime="20240305 15:10:48.463"/>
</kw>
<kw name="Append To List" library="Collections">
<arg>${AddInvoiceRowData}</arg>
<arg>${items}[5]</arg>
<doc>Adds ``values`` to the end of ``list``.</doc>
<status status="PASS" starttime="20240305 15:10:48.463" endtime="20240305 15:10:48.463"/>
</kw>
<kw name="Append To List" library="Collections">
<arg>${AddInvoiceRowData}</arg>
<arg>${items}[6]</arg>
<doc>Adds ``values`` to the end of ``list``.</doc>
<status status="PASS" starttime="20240305 15:10:48.463" endtime="20240305 15:10:48.464"/>
</kw>
<kw name="Append To List" library="Collections">
<arg>${ListToDB}</arg>
<arg>${AddInvoiceRowData}</arg>
<doc>Adds ``values`` to the end of ``list``.</doc>
<status status="PASS" starttime="20240305 15:10:48.464" endtime="20240305 15:10:48.465"/>
</kw>
<status status="PASS" starttime="20240305 15:10:48.457" endtime="20240305 15:10:48.465"/>
</kw>
<status status="PASS" starttime="20240305 15:10:48.454" endtime="20240305 15:10:48.466"/>
</branch>
<branch type="ELSE">
<kw name="Log" library="BuiltIn">
<arg>Invoice changes, need to also process header data</arg>
<doc>Logs the given message with the given level.</doc>
<status status="NOT RUN" starttime="20240305 15:10:48.466" endtime="20240305 15:10:48.466"/>
</kw>
<for flavor="IN">
<var>${headerElement}</var>
<value>@{headers}</value>
<iter>
<var name="${headerElement}"/>
<kw name="Split String" library="String">
<var>${headerItems}</var>
<arg>${headerElement}</arg>
<arg>;</arg>
<doc>Splits the ``string`` using ``separator`` as a delimiter string.</doc>
<status status="NOT RUN" starttime="20240305 15:10:48.467" endtime="20240305 15:10:48.468"/>
</kw>
<if>
<branch type="IF" condition="'${headerItems}[0]' == '${InvoiceNumber}'">
<kw name="Log" library="BuiltIn">
<arg>Invoice found</arg>
<doc>Logs the given message with the given level.</doc>
<status status="NOT RUN" starttime="20240305 15:10:48.468" endtime="20240305 15:10:48.468"/>
</kw>
<kw name="Add Invoice Header to DB">
<arg>${headerItems}</arg>
<arg>${ListToDB}</arg>
<status status="NOT RUN" starttime="20240305 15:10:48.469" endtime="20240305 15:10:48.469"/>
</kw>
<for flavor="IN">
<var>${rowElement}</var>
<value>@{ListToDB}</value>
<iter>
<var name="${rowElement}"/>
<kw name="Add Invoice Row To DB">
<arg>${rowElement}</arg>
<status status="NOT RUN" starttime="20240305 15:10:48.470" endtime="20240305 15:10:48.470"/>
</kw>
<status status="NOT RUN" starttime="20240305 15:10:48.469" endtime="20240305 15:10:48.470"/>
</iter>
<status status="NOT RUN" starttime="20240305 15:10:48.469" endtime="20240305 15:10:48.470"/>
</for>
<status status="NOT RUN" starttime="20240305 15:10:48.468" endtime="20240305 15:10:48.471"/>
</branch>
<status status="NOT RUN" starttime="20240305 15:10:48.468" endtime="20240305 15:10:48.471"/>
</if>
<status status="NOT RUN" starttime="20240305 15:10:48.467" endtime="20240305 15:10:48.471"/>
</iter>
<status status="NOT RUN" starttime="20240305 15:10:48.467" endtime="20240305 15:10:48.471"/>
</for>
<kw name="Create List" library="BuiltIn">
<var>@{ListToDB}</var>
<doc>Returns a list containing given items.</doc>
<status status="NOT RUN" starttime="20240305 15:10:48.471" endtime="20240305 15:10:48.471"/>
</kw>
<kw name="Set Global Variable" library="BuiltIn">
<arg>${ListToDB}</arg>
<doc>Makes a variable available globally in all tests and suites.</doc>
<status status="NOT RUN" starttime="20240305 15:10:48.471" endtime="20240305 15:10:48.472"/>
</kw>
<kw name="Set Variable" library="BuiltIn">
<var>${InvoiceNumber}</var>
<arg>${rowInvoiceNumber}</arg>
<doc>Returns the given values which can then be assigned to a variables.</doc>
<status status="NOT RUN" starttime="20240305 15:10:48.472" endtime="20240305 15:10:48.472"/>
</kw>
<kw name="Set Global Variable" library="BuiltIn">
<arg>${InvoiceNumber}</arg>
<doc>Makes a variable available globally in all tests and suites.</doc>
<status status="NOT RUN" starttime="20240305 15:10:48.473" endtime="20240305 15:10:48.473"/>
</kw>
<kw name="Add Row Data to list">
<arg>${items}</arg>
<status status="NOT RUN" starttime="20240305 15:10:48.473" endtime="20240305 15:10:48.473"/>
</kw>
<status status="NOT RUN" starttime="20240305 15:10:48.466" endtime="20240305 15:10:48.473"/>
</branch>
<status status="PASS" starttime="20240305 15:10:48.454" endtime="20240305 15:10:48.474"/>
</if>
<status status="PASS" starttime="20240305 15:10:48.452" endtime="20240305 15:10:48.474"/>
</branch>
<status status="PASS" starttime="20240305 15:10:48.451" endtime="20240305 15:10:48.474"/>
</if>
<status status="PASS" starttime="20240305 15:10:48.447" endtime="20240305 15:10:48.474"/>
</iter>
<iter>
<var name="${element}">Replacement Products;10;kpl;105;24;252;1302;143143;2</var>
<kw name="Log" library="BuiltIn">
<arg>${element}</arg>
<doc>Logs the given message with the given level.</doc>
<msg timestamp="20240305 15:10:48.475" level="INFO">Replacement Products;10;kpl;105;24;252;1302;143143;2</msg>
<status status="PASS" starttime="20240305 15:10:48.475" endtime="20240305 15:10:48.475"/>
</kw>
<kw name="Split String" library="String">
<var>@{items}</var>
<arg>${element}</arg>
<arg>;</arg>
<doc>Splits the ``string`` using ``separator`` as a delimiter string.</doc>
<msg timestamp="20240305 15:10:48.476" level="INFO">@{items} = [ Replacement Products | 10 | kpl | 105 | 24 | 252 | 1302 | 143143 | 2 ]</msg>
<status status="PASS" starttime="20240305 15:10:48.475" endtime="20240305 15:10:48.476"/>
</kw>
<kw name="Set Variable" library="BuiltIn">
<var>${rowInvoiceNumber}</var>
<arg>${items}[7]</arg>
<doc>Returns the given values which can then be assigned to a variables.</doc>
<msg timestamp="20240305 15:10:48.477" level="INFO">${rowInvoiceNumber} = 143143</msg>
<status status="PASS" starttime="20240305 15:10:48.476" endtime="20240305 15:10:48.477"/>
</kw>
<kw name="Log" library="BuiltIn">
<arg>${rowInvoiceNumber}</arg>
<doc>Logs the given message with the given level.</doc>
<msg timestamp="20240305 15:10:48.477" level="INFO">143143</msg>
<status status="PASS" starttime="20240305 15:10:48.477" endtime="20240305 15:10:48.477"/>
</kw>
<kw name="Log" library="BuiltIn">
<arg>${InvoiceNumber}</arg>
<doc>Logs the given message with the given level.</doc>
<msg timestamp="20240305 15:10:48.478" level="INFO">143143</msg>
<status status="PASS" starttime="20240305 15:10:48.477" endtime="20240305 15:10:48.478"/>
</kw>
<if>
<branch type="IF" condition="'${rowInvoiceNumber}' == '${InvoiceNumber}'">
<kw name="Log" library="BuiltIn">
<arg>Add rows to the invoice</arg>
<doc>Logs the given message with the given level.</doc>
<msg timestamp="20240305 15:10:48.479" level="INFO">Add rows to the invoice</msg>
<status status="PASS" starttime="20240305 15:10:48.478" endtime="20240305 15:10:48.479"/>
</kw>
<kw name="Add Row Data to list">
<arg>${items}</arg>
<kw name="Create List" library="BuiltIn">
<var>@{AddInvoiceRowData}</var>
<doc>Returns a list containing given items.</doc>
<msg timestamp="20240305 15:10:48.481" level="INFO">@{AddInvoiceRowData} = [ ]</msg>
<status status="PASS" starttime="20240305 15:10:48.481" endtime="20240305 15:10:48.481"/>
</kw>
<kw name="Append To List" library="Collections">
<arg>${AddInvoiceRowData}</arg>
<arg>${InvoiceNumber}</arg>
<doc>Adds ``values`` to the end of ``list``.</doc>
<status status="PASS" starttime="20240305 15:10:48.481" endtime="20240305 15:10:48.482"/>
</kw>
<kw name="Append To List" library="Collections">
<arg>${AddInvoiceRowData}</arg>
<arg>${items}[8]</arg>
<doc>Adds ``values`` to the end of ``list``.</doc>
<status status="PASS" starttime="20240305 15:10:48.482" endtime="20240305 15:10:48.483"/>
</kw>
<kw name="Append To List" library="Collections">
<arg>${AddInvoiceRowData}</arg>
<arg>${items}[0]</arg>
<doc>Adds ``values`` to the end of ``list``.</doc>
<status status="PASS" starttime="20240305 15:10:48.483" endtime="20240305 15:10:48.483"/>
</kw>
<kw name="Append To List" library="Collections">
<arg>${AddInvoiceRowData}</arg>
<arg>${items}[1]</arg>
<doc>Adds ``values`` to the end of ``list``.</doc>
<status status="PASS" starttime="20240305 15:10:48.484" endtime="20240305 15:10:48.484"/>
</kw>
<kw name="Append To List" library="Collections">
<arg>${AddInvoiceRowData}</arg>
<arg>${items}[2]</arg>
<doc>Adds ``values`` to the end of ``list``.</doc>
<status status="PASS" starttime="20240305 15:10:48.484" endtime="20240305 15:10:48.485"/>
</kw>
<kw name="Append To List" library="Collections">
<arg>${AddInvoiceRowData}</arg>
<arg>${items}[3]</arg>
<doc>Adds ``values`` to the end of ``list``.</doc>
<status status="PASS" starttime="20240305 15:10:48.485" endtime="20240305 15:10:48.485"/>
</kw>
<kw name="Append To List" library="Collections">
<arg>${AddInvoiceRowData}</arg>
<arg>${items}[4]</arg>
<doc>Adds ``values`` to the end of ``list``.</doc>
<status status="PASS" starttime="20240305 15:10:48.486" endtime="20240305 15:10:48.486"/>
</kw>
<kw name="Append To List" library="Collections">
<arg>${AddInvoiceRowData}</arg>
<arg>${items}[5]</arg>
<doc>Adds ``values`` to the end of ``list``.</doc>
<status status="PASS" starttime="20240305 15:10:48.487" endtime="20240305 15:10:48.487"/>
</kw>
<kw name="Append To List" library="Collections">
<arg>${AddInvoiceRowData}</arg>
<arg>${items}[6]</arg>
<doc>Adds ``values`` to the end of ``list``.</doc>
<status status="PASS" starttime="20240305 15:10:48.487" endtime="20240305 15:10:48.488"/>
</kw>
<kw name="Append To List" library="Collections">
<arg>${ListToDB}</arg>
<arg>${AddInvoiceRowData}</arg>
<doc>Adds ``values`` to the end of ``list``.</doc>
<status status="PASS" starttime="20240305 15:10:48.488" endtime="20240305 15:10:48.488"/>
</kw>
<status status="PASS" starttime="20240305 15:10:48.479" endtime="20240305 15:10:48.488"/>
</kw>
<status status="PASS" starttime="20240305 15:10:48.478" endtime="20240305 15:10:48.489"/>
</branch>
<branch type="ELSE">
<kw name="Log" library="BuiltIn">
<arg>Need to check if database list already has rows</arg>
<doc>Logs the given message with the given level.</doc>
<status status="NOT RUN" starttime="20240305 15:10:48.489" endtime="20240305 15:10:48.489"/>
</kw>
<kw name="Get Length" library="BuiltIn">
<var>${length}</var>
<arg>${ListToDB}</arg>
<doc>Returns and logs the length of the given item as an integer.</doc>
<status status="NOT RUN" starttime="20240305 15:10:48.489" endtime="20240305 15:10:48.490"/>
</kw>
<if>
<branch type="IF" condition="${length} == ${0}">
<kw name="Log" library="BuiltIn">
<arg>First invoice case</arg>
<doc>Logs the given message with the given level.</doc>
<status status="NOT RUN" starttime="20240305 15:10:48.490" endtime="20240305 15:10:48.490"/>
</kw>
<kw name="Set Variable" library="BuiltIn">
<var>${InvoiceNumber}</var>
<arg>${rowInvoiceNumber}</arg>
<doc>Returns the given values which can then be assigned to a variables.</doc>
<status status="NOT RUN" starttime="20240305 15:10:48.490" endtime="20240305 15:10:48.491"/>
</kw>
<kw name="Set Global Variable" library="BuiltIn">
<arg>${InvoiceNumber}</arg>
<doc>Makes a variable available globally in all tests and suites.</doc>
<status status="NOT RUN" starttime="20240305 15:10:48.491" endtime="20240305 15:10:48.491"/>
</kw>
<kw name="Add Row Data to list">
<arg>${items}</arg>
<status status="NOT RUN" starttime="20240305 15:10:48.491" endtime="20240305 15:10:48.491"/>
</kw>
<status status="NOT RUN" starttime="20240305 15:10:48.490" endtime="20240305 15:10:48.492"/>
</branch>
<branch type="ELSE">
<kw name="Log" library="BuiltIn">
<arg>Invoice changes, need to also process header data</arg>
<doc>Logs the given message with the given level.</doc>
<status status="NOT RUN" starttime="20240305 15:10:48.492" endtime="20240305 15:10:48.492"/>
</kw>
<for flavor="IN">
<var>${headerElement}</var>
<value>@{headers}</value>
<iter>
<var name="${headerElement}"/>
<kw name="Split String" library="String">
<var>${headerItems}</var>
<arg>${headerElement}</arg>
<arg>;</arg>
<doc>Splits the ``string`` using ``separator`` as a delimiter string.</doc>
<status status="NOT RUN" starttime="20240305 15:10:48.493" endtime="20240305 15:10:48.493"/>
</kw>
<if>
<branch type="IF" condition="'${headerItems}[0]' == '${InvoiceNumber}'">
<kw name="Log" library="BuiltIn">
<arg>Invoice found</arg>
<doc>Logs the given message with the given level.</doc>
<status status="NOT RUN" starttime="20240305 15:10:48.493" endtime="20240305 15:10:48.495"/>
</kw>
<kw name="Add Invoice Header to DB">
<arg>${headerItems}</arg>
<arg>${ListToDB}</arg>
<status status="NOT RUN" starttime="20240305 15:10:48.495" endtime="20240305 15:10:48.495"/>
</kw>
<for flavor="IN">
<var>${rowElement}</var>
<value>@{ListToDB}</value>
<iter>
<var name="${rowElement}"/>
<kw name="Add Invoice Row To DB">
<arg>${rowElement}</arg>
<status status="NOT RUN" starttime="20240305 15:10:48.496" endtime="20240305 15:10:48.496"/>
</kw>
<status status="NOT RUN" starttime="20240305 15:10:48.495" endtime="20240305 15:10:48.496"/>
</iter>
<status status="NOT RUN" starttime="20240305 15:10:48.495" endtime="20240305 15:10:48.496"/>
</for>
<status status="NOT RUN" starttime="20240305 15:10:48.493" endtime="20240305 15:10:48.496"/>
</branch>
<status status="NOT RUN" starttime="20240305 15:10:48.493" endtime="20240305 15:10:48.496"/>
</if>
<status status="NOT RUN" starttime="20240305 15:10:48.493" endtime="20240305 15:10:48.496"/>
</iter>
<status status="NOT RUN" starttime="20240305 15:10:48.492" endtime="20240305 15:10:48.496"/>
</for>
<kw name="Create List" library="BuiltIn">
<var>@{ListToDB}</var>
<doc>Returns a list containing given items.</doc>
<status status="NOT RUN" starttime="20240305 15:10:48.497" endtime="20240305 15:10:48.497"/>
</kw>
<kw name="Set Global Variable" library="BuiltIn">
<arg>${ListToDB}</arg>
<doc>Makes a variable available globally in all tests and suites.</doc>
<status status="NOT RUN" starttime="20240305 15:10:48.497" endtime="20240305 15:10:48.497"/>
</kw>
<kw name="Set Variable" library="BuiltIn">
<var>${InvoiceNumber}</var>
<arg>${rowInvoiceNumber}</arg>
<doc>Returns the given values which can then be assigned to a variables.</doc>
<status status="NOT RUN" starttime="20240305 15:10:48.497" endtime="20240305 15:10:48.498"/>
</kw>
<kw name="Set Global Variable" library="BuiltIn">
<arg>${InvoiceNumber}</arg>
<doc>Makes a variable available globally in all tests and suites.</doc>
<status status="NOT RUN" starttime="20240305 15:10:48.498" endtime="20240305 15:10:48.498"/>
</kw>
<kw name="Add Row Data to list">
<arg>${items}</arg>
<status status="NOT RUN" starttime="20240305 15:10:48.498" endtime="20240305 15:10:48.498"/>
</kw>
<status status="NOT RUN" starttime="20240305 15:10:48.492" endtime="20240305 15:10:48.498"/>
</branch>
<status status="NOT RUN" starttime="20240305 15:10:48.490" endtime="20240305 15:10:48.499"/>
</if>
<status status="NOT RUN" starttime="20240305 15:10:48.489" endtime="20240305 15:10:48.499"/>
</branch>
<status status="PASS" starttime="20240305 15:10:48.478" endtime="20240305 15:10:48.499"/>
</if>
<status status="PASS" starttime="20240305 15:10:48.474" endtime="20240305 15:10:48.499"/>
</iter>
<iter>
<var name="${element}">Keyboard Logitech;10;kpl;40;24;96;496;1543235;1</var>
<kw name="Log" library="BuiltIn">
<arg>${element}</arg>
<doc>Logs the given message with the given level.</doc>
<msg timestamp="20240305 15:10:48.499" level="INFO">Keyboard Logitech;10;kpl;40;24;96;496;1543235;1</msg>
<status status="PASS" starttime="20240305 15:10:48.499" endtime="20240305 15:10:48.500"/>
</kw>
<kw name="Split String" library="String">
<var>@{items}</var>
<arg>${element}</arg>
<arg>;</arg>
<doc>Splits the ``string`` using ``separator`` as a delimiter string.</doc>
<msg timestamp="20240305 15:10:48.500" level="INFO">@{items} = [ Keyboard Logitech | 10 | kpl | 40 | 24 | 96 | 496 | 1543235 | 1 ]</msg>
<status status="PASS" starttime="20240305 15:10:48.500" endtime="20240305 15:10:48.501"/>
</kw>
<kw name="Set Variable" library="BuiltIn">
<var>${rowInvoiceNumber}</var>
<arg>${items}[7]</arg>
<doc>Returns the given values which can then be assigned to a variables.</doc>
<msg timestamp="20240305 15:10:48.501" level="INFO">${rowInvoiceNumber} = 1543235</msg>
<status status="PASS" starttime="20240305 15:10:48.501" endtime="20240305 15:10:48.502"/>
</kw>
<kw name="Log" library="BuiltIn">
<arg>${rowInvoiceNumber}</arg>
<doc>Logs the given message with the given level.</doc>
<msg timestamp="20240305 15:10:48.502" level="INFO">1543235</msg>
<status status="PASS" starttime="20240305 15:10:48.502" endtime="20240305 15:10:48.503"/>
</kw>
<kw name="Log" library="BuiltIn">
<arg>${InvoiceNumber}</arg>
<doc>Logs the given message with the given level.</doc>
<msg timestamp="20240305 15:10:48.504" level="INFO">143143</msg>
<status status="PASS" starttime="20240305 15:10:48.503" endtime="20240305 15:10:48.504"/>
</kw>
<if>
<branch type="IF" condition="'${rowInvoiceNumber}' == '${InvoiceNumber}'">
<kw name="Log" library="BuiltIn">
<arg>Add rows to the invoice</arg>
<doc>Logs the given message with the given level.</doc>
<status status="NOT RUN" starttime="20240305 15:10:48.505" endtime="20240305 15:10:48.505"/>
</kw>
<kw name="Add Row Data to list">
<arg>${items}</arg>
<status status="NOT RUN" starttime="20240305 15:10:48.505" endtime="20240305 15:10:48.506"/>
</kw>
<status status="NOT RUN" starttime="20240305 15:10:48.504" endtime="20240305 15:10:48.506"/>
</branch>
<branch type="ELSE">
<kw name="Log" library="BuiltIn">
<arg>Need to check if database list already has rows</arg>
<doc>Logs the given message with the given level.</doc>
<msg timestamp="20240305 15:10:48.506" level="INFO">Need to check if database list already has rows</msg>
<status status="PASS" starttime="20240305 15:10:48.506" endtime="20240305 15:10:48.506"/>
</kw>
<kw name="Get Length" library="BuiltIn">
<var>${length}</var>
<arg>${ListToDB}</arg>
<doc>Returns and logs the length of the given item as an integer.</doc>
<msg timestamp="20240305 15:10:48.507" level="INFO">Length is 2</msg>
<msg timestamp="20240305 15:10:48.507" level="INFO">${length} = 2</msg>
<status status="PASS" starttime="20240305 15:10:48.507" endtime="20240305 15:10:48.507"/>
</kw>
<if>
<branch type="IF" condition="${length} == ${0}">
<kw name="Log" library="BuiltIn">
<arg>First invoice case</arg>
<doc>Logs the given message with the given level.</doc>
<status status="NOT RUN" starttime="20240305 15:10:48.508" endtime="20240305 15:10:48.508"/>
</kw>
<kw name="Set Variable" library="BuiltIn">
<var>${InvoiceNumber}</var>
<arg>${rowInvoiceNumber}</arg>
<doc>Returns the given values which can then be assigned to a variables.</doc>
<status status="NOT RUN" starttime="20240305 15:10:48.508" endtime="20240305 15:10:48.508"/>
</kw>
<kw name="Set Global Variable" library="BuiltIn">
<arg>${InvoiceNumber}</arg>
<doc>Makes a variable available globally in all tests and suites.</doc>
<status status="NOT RUN" starttime="20240305 15:10:48.508" endtime="20240305 15:10:48.510"/>
</kw>
<kw name="Add Row Data to list">
<arg>${items}</arg>
<status status="NOT RUN" starttime="20240305 15:10:48.510" endtime="20240305 15:10:48.510"/>
</kw>
<status status="NOT RUN" starttime="20240305 15:10:48.507" endtime="20240305 15:10:48.510"/>
</branch>
<branch type="ELSE">
<kw name="Log" library="BuiltIn">
<arg>Invoice changes, need to also process header data</arg>
<doc>Logs the given message with the given level.</doc>
<msg timestamp="20240305 15:10:48.510" level="INFO">Invoice changes, need to also process header data</msg>
<status status="PASS" starttime="20240305 15:10:48.510" endtime="20240305 15:10:48.510"/>
</kw>
<for flavor="IN">
<var>${headerElement}</var>
<value>@{headers}</value>
<iter>
<var name="${headerElement}">143143;Service Provider Oy;1431432;15.12.2022;07.04.2021;1234567-8;FI12 3456 7890 1234 56;1350;324;1674</var>
<kw name="Split String" library="String">
<var>${headerItems}</var>
<arg>${headerElement}</arg>
<arg>;</arg>
<doc>Splits the ``string`` using ``separator`` as a delimiter string.</doc>
<msg timestamp="20240305 15:10:48.511" level="INFO">${headerItems} = ['143143', 'Service Provider Oy', '1431432', '15.12.2022', '07.04.2021', '1234567-8', 'FI12 3456 7890 1234 56', '1350', '324', '1674']</msg>
<status status="PASS" starttime="20240305 15:10:48.511" endtime="20240305 15:10:48.511"/>
</kw>
<if>
<branch type="IF" condition="'${headerItems}[0]' == '${InvoiceNumber}'">
<kw name="Log" library="BuiltIn">
<arg>Invoice found</arg>
<doc>Logs the given message with the given level.</doc>
<msg timestamp="20240305 15:10:48.512" level="INFO">Invoice found</msg>
<status status="PASS" starttime="20240305 15:10:48.512" endtime="20240305 15:10:48.512"/>
</kw>
<kw name="Add Invoice Header to DB">
<arg>${headerItems}</arg>
<arg>${ListToDB}</arg>
<kw name="Make Connection">
<arg>${dbname}</arg>
<kw name="Connect To Database" library="DatabaseLibrary">
<arg>pymysql</arg>
<arg>${dbtoconnect}</arg>
<arg>${dbuser}</arg>
<arg>${dbpass}</arg>
<arg>${dbhost}</arg>
<arg>${dbport}</arg>
<doc>Loads the DB API 2.0 module given `dbapiModuleName` then uses it to
connect to the database using `dbName`, `dbUsername`, and `dbPassword`.</doc>
<msg timestamp="20240305 15:10:48.666" level="INFO">Connecting using : pymysql.connect(db=rpa, user=robotuser, passwd=***, host=localhost, port=3306, charset=None) </msg>
<status status="PASS" starttime="20240305 15:10:48.513" endtime="20240305 15:10:48.680"/>
</kw>
<status status="PASS" starttime="20240305 15:10:48.513" endtime="20240305 15:10:48.680"/>
</kw>
<kw name="Convert Date" library="DateTime">
<var>${invoiceDate}</var>
<arg>${items}[3]</arg>
<arg>date_format=%d.%m.%Y</arg>
<arg>result_format=%Y-%m-%d</arg>
<doc>Converts between supported `date formats`.</doc>
<msg timestamp="20240305 15:10:48.686" level="INFO">${invoiceDate} = 2022-12-15</msg>
<status status="PASS" starttime="20240305 15:10:48.681" endtime="20240305 15:10:48.686"/>
</kw>
<kw name="Convert Date" library="DateTime">
<var>${dueDate}</var>
<arg>${items}[4]</arg>
<arg>date_format=%d.%m.%Y</arg>
<arg>result_format=%Y-%m-%d</arg>
<doc>Converts between supported `date formats`.</doc>
<msg timestamp="20240305 15:10:48.688" level="INFO">${dueDate} = 2021-04-07</msg>
<status status="PASS" starttime="20240305 15:10:48.687" endtime="20240305 15:10:48.688"/>
</kw>
<kw name="Set Variable" library="BuiltIn">
<var>${InvoiceStatus}</var>
<arg>0</arg>
<doc>Returns the given values which can then be assigned to a variables.</doc>
<msg timestamp="20240305 15:10:48.689" level="INFO">${InvoiceStatus} = 0</msg>
<status status="PASS" starttime="20240305 15:10:48.688" endtime="20240305 15:10:48.689"/>
</kw>
<kw name="Set Variable" library="BuiltIn">
<var>${InvoiceComment}</var>
<arg>All OK</arg>
<doc>Returns the given values which can then be assigned to a variables.</doc>
<msg timestamp="20240305 15:10:48.690" level="INFO">${InvoiceComment} = All OK</msg>
<status status="PASS" starttime="20240305 15:10:48.689" endtime="20240305 15:10:48.690"/>
</kw>
<kw name="Is Reference Correct" library="validation">
<var>${refStatus}</var>
<arg>${items}[2]</arg>
<msg timestamp="20240305 15:10:48.691" level="INFO">${refStatus} = True</msg>
<status status="PASS" starttime="20240305 15:10:48.690" endtime="20240305 15:10:48.691"/>
</kw>
<if>
<branch type="IF" condition="not ${refStatus}">
<kw name="Set Variable" library="BuiltIn">
<var>${InvoiceStatus}</var>
<arg>1</arg>
<doc>Returns the given values which can then be assigned to a variables.</doc>
<status status="NOT RUN" starttime="20240305 15:10:48.692" endtime="20240305 15:10:48.692"/>
</kw>
<kw name="Set Variable" library="BuiltIn">
<var>${InvoiceComment}</var>
<arg>Reference number error</arg>
<doc>Returns the given values which can then be assigned to a variables.</doc>
<status status="NOT RUN" starttime="20240305 15:10:48.693" endtime="20240305 15:10:48.693"/>
</kw>
<status status="NOT RUN" starttime="20240305 15:10:48.692" endtime="20240305 15:10:48.693"/>
</branch>
<status status="PASS" starttime="20240305 15:10:48.692" endtime="20240305 15:10:48.693"/>
</if>
<kw name="Check IBAN">
<var>${ibanStatus}</var>
<arg>${items}[6]</arg>
<kw name="Remove String" library="String">
<var>${iban}</var>
<arg>${iban}</arg>
<arg>${SPACE}</arg>
<doc>Removes all ``removables`` from the given ``string``.</doc>
<msg timestamp="20240305 15:10:48.694" level="INFO">${iban} = FI1234567890123456</msg>
<status status="PASS" starttime="20240305 15:10:48.694" endtime="20240305 15:10:48.695"/>
</kw>
<kw name="Set Variable" library="BuiltIn">
<var>${status}</var>
<arg>${False}</arg>
<doc>Returns the given values which can then be assigned to a variables.</doc>
<msg timestamp="20240305 15:10:48.695" level="INFO">${status} = False</msg>
<status status="PASS" starttime="20240305 15:10:48.695" endtime="20240305 15:10:48.695"/>
</kw>
<kw name="Get Length" library="BuiltIn">
<var>${length}</var>
<arg>${iban}</arg>
<doc>Returns and logs the length of the given item as an integer.</doc>
<msg timestamp="20240305 15:10:48.696" level="INFO">Length is 18</msg>
<msg timestamp="20240305 15:10:48.696" level="INFO">${length} = 18</msg>
<status status="PASS" starttime="20240305 15:10:48.696" endtime="20240305 15:10:48.697"/>
</kw>
<if>
<branch type="IF" condition="${length} == 18">
<kw name="Set Variable" library="BuiltIn">
<var>${status}</var>
<arg>${True}</arg>
<doc>Returns the given values which can then be assigned to a variables.</doc>
<msg timestamp="20240305 15:10:48.698" level="INFO">${status} = True</msg>
<status status="PASS" starttime="20240305 15:10:48.697" endtime="20240305 15:10:48.698"/>
</kw>
<status status="PASS" starttime="20240305 15:10:48.697" endtime="20240305 15:10:48.698"/>
</branch>
<status status="PASS" starttime="20240305 15:10:48.697" endtime="20240305 15:10:48.698"/>
</if>
<return>
<value>${status}</value>
<status status="PASS" starttime="20240305 15:10:48.698" endtime="20240305 15:10:48.698"/>
</return>
<msg timestamp="20240305 15:10:48.698" level="INFO">${ibanStatus} = True</msg>
<status status="PASS" starttime="20240305 15:10:48.693" endtime="20240305 15:10:48.700"/>
</kw>
<if>
<branch type="IF" condition="not ${ibanStatus}">
<kw name="Set Variable" library="BuiltIn">
<var>${InvoiceStatus}</var>
<arg>2</arg>
<doc>Returns the given values which can then be assigned to a variables.</doc>
<status status="NOT RUN" starttime="20240305 15:10:48.700" endtime="20240305 15:10:48.700"/>
</kw>
<kw name="Set Variable" library="BuiltIn">
<var>${InvoiceComment}</var>
<arg>IBAN number error</arg>
<doc>Returns the given values which can then be assigned to a variables.</doc>
<status status="NOT RUN" starttime="20240305 15:10:48.701" endtime="20240305 15:10:48.701"/>
</kw>
<status status="NOT RUN" starttime="20240305 15:10:48.700" endtime="20240305 15:10:48.701"/>
</branch>
<status status="PASS" starttime="20240305 15:10:48.700" endtime="20240305 15:10:48.701"/>
</if>
<kw name="Check Amounts From Invoice">
<var>${sumStatus}</var>
<arg>${items}[9]</arg>
<arg>${rows}</arg>
<kw name="Set Variable" library="BuiltIn">
<var>${status}</var>
<arg>${False}</arg>
<doc>Returns the given values which can then be assigned to a variables.</doc>
<msg timestamp="20240305 15:10:48.702" level="INFO">${status} = False</msg>
<status status="PASS" starttime="20240305 15:10:48.702" endtime="20240305 15:10:48.702"/>
</kw>
<kw name="Evaluate" library="BuiltIn">
<var>${totalAmountFromRows}</var>
<arg>0</arg>
<doc>Evaluates the given expression in Python and returns the result.</doc>
<msg timestamp="20240305 15:10:48.703" level="INFO">${totalAmountFromRows} = 0</msg>
<status status="PASS" starttime="20240305 15:10:48.702" endtime="20240305 15:10:48.703"/>
</kw>
<for flavor="IN">
<var>${element}</var>
<value>@{invoiceRows}</value>
<iter>
<var name="${element}">['143143', '1', 'Installation Services', '5', 'h', '60', '24', '72', '372']</var>
<kw name="Evaluate" library="BuiltIn">
<var>${totalAmountFromRows}</var>
<arg>${totalAmountFromRows}+${element}[8]</arg>
<doc>Evaluates the given expression in Python and returns the result.</doc>
<msg timestamp="20240305 15:10:48.704" level="INFO">${totalAmountFromRows} = 372</msg>
<status status="PASS" starttime="20240305 15:10:48.704" endtime="20240305 15:10:48.704"/>
</kw>
<status status="PASS" starttime="20240305 15:10:48.703" endtime="20240305 15:10:48.705"/>
</iter>
<iter>
<var name="${element}">['143143', '2', 'Replacement Products', '10', 'kpl', '105', '24', '252', '1302']</var>
<kw name="Evaluate" library="BuiltIn">
<var>${totalAmountFromRows}</var>
<arg>${totalAmountFromRows}+${element}[8]</arg>
<doc>Evaluates the given expression in Python and returns the result.</doc>
<msg timestamp="20240305 15:10:48.706" level="INFO">${totalAmountFromRows} = 1674</msg>
<status status="PASS" starttime="20240305 15:10:48.705" endtime="20240305 15:10:48.706"/>
</kw>
<status status="PASS" starttime="20240305 15:10:48.705" endtime="20240305 15:10:48.706"/>
</iter>
<status status="PASS" starttime="20240305 15:10:48.703" endtime="20240305 15:10:48.706"/>
</for>
<kw name="Convert To Number" library="BuiltIn">
<var>${diff}</var>
<arg>0.01</arg>
<doc>Converts the given item to a floating point number.</doc>
<msg timestamp="20240305 15:10:48.707" level="INFO">${diff} = 0.01</msg>
<status status="PASS" starttime="20240305 15:10:48.706" endtime="20240305 15:10:48.707"/>
</kw>
<kw name="Convert To Number" library="BuiltIn">
<var>${totalSumFromHeader}</var>
<arg>${totalSumFromHeader}</arg>
<doc>Converts the given item to a floating point number.</doc>
<msg timestamp="20240305 15:10:48.707" level="INFO">${totalSumFromHeader} = 1674.0</msg>
<status status="PASS" starttime="20240305 15:10:48.707" endtime="20240305 15:10:48.707"/>
</kw>
<kw name="Convert To Number" library="BuiltIn">
<var>${totalAmountFromRows}</var>
<arg>${totalAmountFromRows}</arg>
<doc>Converts the given item to a floating point number.</doc>
<msg timestamp="20240305 15:10:48.708" level="INFO">${totalAmountFromRows} = 1674.0</msg>
<status status="PASS" starttime="20240305 15:10:48.708" endtime="20240305 15:10:48.708"/>
</kw>
<kw name="Is Equal" library="validation">
<var>${status}</var>
<arg>${totalSumFromHeader}</arg>
<arg>${totalAmountFromRows}</arg>
<arg>${diff}</arg>
<msg timestamp="20240305 15:10:48.708" level="INFO">${status} = True</msg>
<status status="PASS" starttime="20240305 15:10:48.708" endtime="20240305 15:10:48.709"/>
</kw>
<return>
<value>${status}</value>
<status status="PASS" starttime="20240305 15:10:48.709" endtime="20240305 15:10:48.709"/>
</return>
<msg timestamp="20240305 15:10:48.709" level="INFO">${sumStatus} = True</msg>
<status status="PASS" starttime="20240305 15:10:48.701" endtime="20240305 15:10:48.709"/>
</kw>
<if>
<branch type="IF" condition="not ${sumStatus}">
<kw name="Set Variable" library="BuiltIn">
<var>${InvoiceStatus}</var>
<arg>3</arg>
<doc>Returns the given values which can then be assigned to a variables.</doc>
<status status="NOT RUN" starttime="20240305 15:10:48.710" endtime="20240305 15:10:48.710"/>
</kw>
<kw name="Set Variable" library="BuiltIn">
<var>${InvoiceComment}</var>
<arg>Amount difference</arg>
<doc>Returns the given values which can then be assigned to a variables.</doc>
<status status="NOT RUN" starttime="20240305 15:10:48.710" endtime="20240305 15:10:48.710"/>
</kw>
<status status="NOT RUN" starttime="20240305 15:10:48.709" endtime="20240305 15:10:48.710"/>
</branch>
<status status="PASS" starttime="20240305 15:10:48.709" endtime="20240305 15:10:48.710"/>
</if>
<kw name="Set Variable" library="BuiltIn">
<var>${foreignKeyChecks0}</var>
<arg>SET FOREIGN_KEY_CHECKS=0;</arg>
<doc>Returns the given values which can then be assigned to a variables.</doc>
<msg timestamp="20240305 15:10:48.711" level="INFO">${foreignKeyChecks0} = SET FOREIGN_KEY_CHECKS=0;</msg>
<status status="PASS" starttime="20240305 15:10:48.710" endtime="20240305 15:10:48.711"/>
</kw>
<kw name="Set Variable" library="BuiltIn">
<var>${insertStmt}</var>
<arg>insert into invoiceheader (invoicenumber, companyname, companycode, referencenumber, invoicedate, duedate, bankaccountnumber, amountexclvat, vat, totalamount, invoicestatus_id, comments) values ('${items}[0]', '${items}[1]', '${items}[5]', '${items}[2]', '${invoiceDate}', '${dueDate}', '${items}[6]', '${items}[7]', '${items}[8]', '${items}[9]', '${InvoiceStatus}', '${InvoiceComment}');</arg>
<doc>Returns the given values which can then be assigned to a variables.</doc>
<msg timestamp="20240305 15:10:48.712" level="INFO">${insertStmt} = insert into invoiceheader (invoicenumber, companyname, companycode, referencenumber, invoicedate, duedate, bankaccountnumber, amountexclvat, vat, totalamount, invoicestatus_id, comments) values ('1431...</msg>
<status status="PASS" starttime="20240305 15:10:48.711" endtime="20240305 15:10:48.712"/>
</kw>
<kw name="Execute Sql String" library="DatabaseLibrary">
<arg>${foreignKeyChecks0}</arg>
<doc>Executes the sqlString as SQL commands. Useful to pass arguments to your sql. Set optional input `sansTran` to
True to run command without an explicit transaction commit or rollback.</doc>
<msg timestamp="20240305 15:10:48.713" level="INFO">Executing : Execute SQL String  |  SET FOREIGN_KEY_CHECKS=0; </msg>
<status status="PASS" starttime="20240305 15:10:48.712" endtime="20240305 15:10:48.714"/>
</kw>
<kw name="Execute Sql String" library="DatabaseLibrary">
<arg>${insertStmt}</arg>
<doc>Executes the sqlString as SQL commands. Useful to pass arguments to your sql. Set optional input `sansTran` to
True to run command without an explicit transaction commit or rollback.</doc>
<msg timestamp="20240305 15:10:48.714" level="INFO">Executing : Execute SQL String  |  insert into invoiceheader (invoicenumber, companyname, companycode, referencenumber, invoicedate, duedate, bankaccountnumber, amountexclvat, vat, totalamount, invoicestatus_id, comments) values ('143143', 'Service Provider Oy', '1234567-8', '1431432', '2022-12-15', '2021-04-07', 'FI12 3456 7890 1234 56', '1350', '324', '1674', '0', 'All OK'); </msg>
<status status="PASS" starttime="20240305 15:10:48.714" endtime="20240305 15:10:48.718"/>
</kw>
<status status="PASS" starttime="20240305 15:10:48.512" endtime="20240305 15:10:48.718"/>
</kw>
<for flavor="IN">
<var>${rowElement}</var>
<value>@{ListToDB}</value>
<iter>
<var name="${rowElement}">['143143', '1', 'Installation Services', '5', 'h', '60', '24', '72', '372']</var>
<kw name="Add Invoice Row To DB">
<arg>${rowElement}</arg>
<kw name="Make Connection">
<arg>${dbname}</arg>
<kw name="Connect To Database" library="DatabaseLibrary">
<arg>pymysql</arg>
<arg>${dbtoconnect}</arg>
<arg>${dbuser}</arg>
<arg>${dbpass}</arg>
<arg>${dbhost}</arg>
<arg>${dbport}</arg>
<doc>Loads the DB API 2.0 module given `dbapiModuleName` then uses it to
connect to the database using `dbName`, `dbUsername`, and `dbPassword`.</doc>
<msg timestamp="20240305 15:10:48.721" level="INFO">Connecting using : pymysql.connect(db=rpa, user=robotuser, passwd=***, host=localhost, port=3306, charset=None) </msg>
<status status="PASS" starttime="20240305 15:10:48.720" endtime="20240305 15:10:48.724"/>
</kw>
<status status="PASS" starttime="20240305 15:10:48.720" endtime="20240305 15:10:48.724"/>
</kw>
<kw name="Set Variable" library="BuiltIn">
<var>${insertStmt}</var>
<arg>insert into invoicerow (invoicenumber, rownumber, description, quantity, unit, unitprice, vatpercent, vat, total) values ('${items}[0]', '${items}[1]', '${items}[2]', '${items}[3]', '${items}[4]', '${items}[5]', '${items}[6]', '${items}[7]', '${items}[8]');</arg>
<doc>Returns the given values which can then be assigned to a variables.</doc>
<msg timestamp="20240305 15:10:48.725" level="INFO">${insertStmt} = insert into invoicerow (invoicenumber, rownumber, description, quantity, unit, unitprice, vatpercent, vat, total) values ('143143', '1', 'Installation Services', '5', 'h', '60', '24', '72', '372');</msg>
<status status="PASS" starttime="20240305 15:10:48.724" endtime="20240305 15:10:48.725"/>
</kw>
<kw name="Execute Sql String" library="DatabaseLibrary">
<arg>${insertStmt}</arg>
<doc>Executes the sqlString as SQL commands. Useful to pass arguments to your sql. Set optional input `sansTran` to
True to run command without an explicit transaction commit or rollback.</doc>
<msg timestamp="20240305 15:10:48.726" level="INFO">Executing : Execute SQL String  |  insert into invoicerow (invoicenumber, rownumber, description, quantity, unit, unitprice, vatpercent, vat, total) values ('143143', '1', 'Installation Services', '5', 'h', '60', '24', '72', '372'); </msg>
<status status="PASS" starttime="20240305 15:10:48.725" endtime="20240305 15:10:48.728"/>
</kw>
<status status="PASS" starttime="20240305 15:10:48.719" endtime="20240305 15:10:48.728"/>
</kw>
<status status="PASS" starttime="20240305 15:10:48.719" endtime="20240305 15:10:48.728"/>
</iter>
<iter>
<var name="${rowElement}">['143143', '2', 'Replacement Products', '10', 'kpl', '105', '24', '252', '1302']</var>
<kw name="Add Invoice Row To DB">
<arg>${rowElement}</arg>
<kw name="Make Connection">
<arg>${dbname}</arg>
<kw name="Connect To Database" library="DatabaseLibrary">
<arg>pymysql</arg>
<arg>${dbtoconnect}</arg>
<arg>${dbuser}</arg>
<arg>${dbpass}</arg>
<arg>${dbhost}</arg>
<arg>${dbport}</arg>
<doc>Loads the DB API 2.0 module given `dbapiModuleName` then uses it to
connect to the database using `dbName`, `dbUsername`, and `dbPassword`.</doc>
<msg timestamp="20240305 15:10:48.731" level="INFO">Connecting using : pymysql.connect(db=rpa, user=robotuser, passwd=***, host=localhost, port=3306, charset=None) </msg>
<status status="PASS" starttime="20240305 15:10:48.730" endtime="20240305 15:10:48.734"/>
</kw>
<status status="PASS" starttime="20240305 15:10:48.730" endtime="20240305 15:10:48.734"/>
</kw>
<kw name="Set Variable" library="BuiltIn">
<var>${insertStmt}</var>
<arg>insert into invoicerow (invoicenumber, rownumber, description, quantity, unit, unitprice, vatpercent, vat, total) values ('${items}[0]', '${items}[1]', '${items}[2]', '${items}[3]', '${items}[4]', '${items}[5]', '${items}[6]', '${items}[7]', '${items}[8]');</arg>
<doc>Returns the given values which can then be assigned to a variables.</doc>
<msg timestamp="20240305 15:10:48.735" level="INFO">${insertStmt} = insert into invoicerow (invoicenumber, rownumber, description, quantity, unit, unitprice, vatpercent, vat, total) values ('143143', '2', 'Replacement Products', '10', 'kpl', '105', '24', '252', '1302'...</msg>
<status status="PASS" starttime="20240305 15:10:48.734" endtime="20240305 15:10:48.735"/>
</kw>
<kw name="Execute Sql String" library="DatabaseLibrary">
<arg>${insertStmt}</arg>
<doc>Executes the sqlString as SQL commands. Useful to pass arguments to your sql. Set optional input `sansTran` to
True to run command without an explicit transaction commit or rollback.</doc>
<msg timestamp="20240305 15:10:48.735" level="INFO">Executing : Execute SQL String  |  insert into invoicerow (invoicenumber, rownumber, description, quantity, unit, unitprice, vatpercent, vat, total) values ('143143', '2', 'Replacement Products', '10', 'kpl', '105', '24', '252', '1302'); </msg>
<status status="PASS" starttime="20240305 15:10:48.735" endtime="20240305 15:10:48.739"/>
</kw>
<status status="PASS" starttime="20240305 15:10:48.729" endtime="20240305 15:10:48.739"/>
</kw>
<status status="PASS" starttime="20240305 15:10:48.729" endtime="20240305 15:10:48.739"/>
</iter>
<status status="PASS" starttime="20240305 15:10:48.719" endtime="20240305 15:10:48.740"/>
</for>
<status status="PASS" starttime="20240305 15:10:48.512" endtime="20240305 15:10:48.740"/>
</branch>
<status status="PASS" starttime="20240305 15:10:48.512" endtime="20240305 15:10:48.740"/>
</if>
<status status="PASS" starttime="20240305 15:10:48.511" endtime="20240305 15:10:48.740"/>
</iter>
<iter>
<var name="${headerElement}">1543235;Component Oy;15432359;01.10.2022;15.10.2022;1234567-9;FI05 1234 5600 7891 01;465;111.6;576.6</var>
<kw name="Split String" library="String">
<var>${headerItems}</var>
<arg>${headerElement}</arg>
<arg>;</arg>
<doc>Splits the ``string`` using ``separator`` as a delimiter string.</doc>
<msg timestamp="20240305 15:10:48.741" level="INFO">${headerItems} = ['1543235', 'Component Oy', '15432359', '01.10.2022', '15.10.2022', '1234567-9', 'FI05 1234 5600 7891 01', '465', '111.6', '576.6']</msg>
<status status="PASS" starttime="20240305 15:10:48.741" endtime="20240305 15:10:48.741"/>
</kw>
<if>
<branch type="IF" condition="'${headerItems}[0]' == '${InvoiceNumber}'">
<kw name="Log" library="BuiltIn">
<arg>Invoice found</arg>
<doc>Logs the given message with the given level.</doc>
<status status="NOT RUN" starttime="20240305 15:10:48.742" endtime="20240305 15:10:48.742"/>
</kw>
<kw name="Add Invoice Header to DB">
<arg>${headerItems}</arg>
<arg>${ListToDB}</arg>
<status status="NOT RUN" starttime="20240305 15:10:48.742" endtime="20240305 15:10:48.742"/>
</kw>
<for flavor="IN">
<var>${rowElement}</var>
<value>@{ListToDB}</value>
<iter>
<var name="${rowElement}"/>
<kw name="Add Invoice Row To DB">
<arg>${rowElement}</arg>
<status status="NOT RUN" starttime="20240305 15:10:48.743" endtime="20240305 15:10:48.743"/>
</kw>
<status status="NOT RUN" starttime="20240305 15:10:48.743" endtime="20240305 15:10:48.743"/>
</iter>
<status status="NOT RUN" starttime="20240305 15:10:48.742" endtime="20240305 15:10:48.743"/>
</for>
<status status="NOT RUN" starttime="20240305 15:10:48.741" endtime="20240305 15:10:48.743"/>
</branch>
<status status="PASS" starttime="20240305 15:10:48.741" endtime="20240305 15:10:48.743"/>
</if>
<status status="PASS" starttime="20240305 15:10:48.740" endtime="20240305 15:10:48.743"/>
</iter>
<iter>
<var name="${headerElement}">153143;Service Provider Oy;1531439;15.12.2022;01.04.2021;1234567-8;FI12 3456 7890 1234 56;2700;648;3348</var>
<kw name="Split String" library="String">
<var>${headerItems}</var>
<arg>${headerElement}</arg>
<arg>;</arg>
<doc>Splits the ``string`` using ``separator`` as a delimiter string.</doc>
<msg timestamp="20240305 15:10:48.744" level="INFO">${headerItems} = ['153143', 'Service Provider Oy', '1531439', '15.12.2022', '01.04.2021', '1234567-8', 'FI12 3456 7890 1234 56', '2700', '648', '3348']</msg>
<status status="PASS" starttime="20240305 15:10:48.744" endtime="20240305 15:10:48.744"/>
</kw>
<if>
<branch type="IF" condition="'${headerItems}[0]' == '${InvoiceNumber}'">
<kw name="Log" library="BuiltIn">
<arg>Invoice found</arg>
<doc>Logs the given message with the given level.</doc>
<status status="NOT RUN" starttime="20240305 15:10:48.745" endtime="20240305 15:10:48.745"/>
</kw>
<kw name="Add Invoice Header to DB">
<arg>${headerItems}</arg>
<arg>${ListToDB}</arg>
<status status="NOT RUN" starttime="20240305 15:10:48.745" endtime="20240305 15:10:48.745"/>
</kw>
<for flavor="IN">
<var>${rowElement}</var>
<value>@{ListToDB}</value>
<iter>
<var name="${rowElement}"/>
<kw name="Add Invoice Row To DB">
<arg>${rowElement}</arg>
<status status="NOT RUN" starttime="20240305 15:10:48.746" endtime="20240305 15:10:48.746"/>
</kw>
<status status="NOT RUN" starttime="20240305 15:10:48.746" endtime="20240305 15:10:48.746"/>
</iter>
<status status="NOT RUN" starttime="20240305 15:10:48.746" endtime="20240305 15:10:48.747"/>
</for>
<status status="NOT RUN" starttime="20240305 15:10:48.745" endtime="20240305 15:10:48.747"/>
</branch>
<status status="PASS" starttime="20240305 15:10:48.745" endtime="20240305 15:10:48.747"/>
</if>
<status status="PASS" starttime="20240305 15:10:48.744" endtime="20240305 15:10:48.747"/>
</iter>
<status status="PASS" starttime="20240305 15:10:48.511" endtime="20240305 15:10:48.747"/>
</for>
<kw name="Create List" library="BuiltIn">
<var>@{ListToDB}</var>
<doc>Returns a list containing given items.</doc>
<msg timestamp="20240305 15:10:48.748" level="INFO">@{ListToDB} = [ ]</msg>
<status status="PASS" starttime="20240305 15:10:48.747" endtime="20240305 15:10:48.748"/>
</kw>
<kw name="Set Global Variable" library="BuiltIn">
<arg>${ListToDB}</arg>
<doc>Makes a variable available globally in all tests and suites.</doc>
<msg timestamp="20240305 15:10:48.749" level="INFO">${ListToDB} = []</msg>
<status status="PASS" starttime="20240305 15:10:48.748" endtime="20240305 15:10:48.749"/>
</kw>
<kw name="Set Variable" library="BuiltIn">
<var>${InvoiceNumber}</var>
<arg>${rowInvoiceNumber}</arg>
<doc>Returns the given values which can then be assigned to a variables.</doc>
<msg timestamp="20240305 15:10:48.749" level="INFO">${InvoiceNumber} = 1543235</msg>
<status status="PASS" starttime="20240305 15:10:48.749" endtime="20240305 15:10:48.749"/>
</kw>
<kw name="Set Global Variable" library="BuiltIn">
<arg>${InvoiceNumber}</arg>
<doc>Makes a variable available globally in all tests and suites.</doc>
<msg timestamp="20240305 15:10:48.750" level="INFO">${InvoiceNumber} = 1543235</msg>
<status status="PASS" starttime="20240305 15:10:48.749" endtime="20240305 15:10:48.750"/>
</kw>
<kw name="Add Row Data to list">
<arg>${items}</arg>
<kw name="Create List" library="BuiltIn">
<var>@{AddInvoiceRowData}</var>
<doc>Returns a list containing given items.</doc>
<msg timestamp="20240305 15:10:48.751" level="INFO">@{AddInvoiceRowData} = [ ]</msg>
<status status="PASS" starttime="20240305 15:10:48.750" endtime="20240305 15:10:48.751"/>
</kw>
<kw name="Append To List" library="Collections">
<arg>${AddInvoiceRowData}</arg>
<arg>${InvoiceNumber}</arg>
<doc>Adds ``values`` to the end of ``list``.</doc>
<status status="PASS" starttime="20240305 15:10:48.751" endtime="20240305 15:10:48.752"/>
</kw>
<kw name="Append To List" library="Collections">
<arg>${AddInvoiceRowData}</arg>
<arg>${items}[8]</arg>
<doc>Adds ``values`` to the end of ``list``.</doc>
<status status="PASS" starttime="20240305 15:10:48.752" endtime="20240305 15:10:48.752"/>
</kw>
<kw name="Append To List" library="Collections">
<arg>${AddInvoiceRowData}</arg>
<arg>${items}[0]</arg>
<doc>Adds ``values`` to the end of ``list``.</doc>
<status status="PASS" starttime="20240305 15:10:48.752" endtime="20240305 15:10:48.753"/>
</kw>
<kw name="Append To List" library="Collections">
<arg>${AddInvoiceRowData}</arg>
<arg>${items}[1]</arg>
<doc>Adds ``values`` to the end of ``list``.</doc>
<status status="PASS" starttime="20240305 15:10:48.753" endtime="20240305 15:10:48.753"/>
</kw>
<kw name="Append To List" library="Collections">
<arg>${AddInvoiceRowData}</arg>
<arg>${items}[2]</arg>
<doc>Adds ``values`` to the end of ``list``.</doc>
<status status="PASS" starttime="20240305 15:10:48.753" endtime="20240305 15:10:48.754"/>
</kw>
<kw name="Append To List" library="Collections">
<arg>${AddInvoiceRowData}</arg>
<arg>${items}[3]</arg>
<doc>Adds ``values`` to the end of ``list``.</doc>
<status status="PASS" starttime="20240305 15:10:48.754" endtime="20240305 15:10:48.754"/>
</kw>
<kw name="Append To List" library="Collections">
<arg>${AddInvoiceRowData}</arg>
<arg>${items}[4]</arg>
<doc>Adds ``values`` to the end of ``list``.</doc>
<status status="PASS" starttime="20240305 15:10:48.754" endtime="20240305 15:10:48.755"/>
</kw>
<kw name="Append To List" library="Collections">
<arg>${AddInvoiceRowData}</arg>
<arg>${items}[5]</arg>
<doc>Adds ``values`` to the end of ``list``.</doc>
<status status="PASS" starttime="20240305 15:10:48.755" endtime="20240305 15:10:48.755"/>
</kw>
<kw name="Append To List" library="Collections">
<arg>${AddInvoiceRowData}</arg>
<arg>${items}[6]</arg>
<doc>Adds ``values`` to the end of ``list``.</doc>
<status status="PASS" starttime="20240305 15:10:48.755" endtime="20240305 15:10:48.755"/>
</kw>
<kw name="Append To List" library="Collections">
<arg>${ListToDB}</arg>
<arg>${AddInvoiceRowData}</arg>
<doc>Adds ``values`` to the end of ``list``.</doc>
<status status="PASS" starttime="20240305 15:10:48.756" endtime="20240305 15:10:48.756"/>
</kw>
<status status="PASS" starttime="20240305 15:10:48.750" endtime="20240305 15:10:48.756"/>
</kw>
<status status="PASS" starttime="20240305 15:10:48.510" endtime="20240305 15:10:48.756"/>
</branch>
<status status="PASS" starttime="20240305 15:10:48.507" endtime="20240305 15:10:48.756"/>
</if>
<status status="PASS" starttime="20240305 15:10:48.506" endtime="20240305 15:10:48.756"/>
</branch>
<status status="PASS" starttime="20240305 15:10:48.504" endtime="20240305 15:10:48.757"/>
</if>
<status status="PASS" starttime="20240305 15:10:48.499" endtime="20240305 15:10:48.757"/>
</iter>
<iter>
<var name="${element}">Brother printer;1;kpl;65;24;15.6;80.6;1543235;2</var>
<kw name="Log" library="BuiltIn">
<arg>${element}</arg>
<doc>Logs the given message with the given level.</doc>
<msg timestamp="20240305 15:10:48.758" level="INFO">Brother printer;1;kpl;65;24;15.6;80.6;1543235;2</msg>
<status status="PASS" starttime="20240305 15:10:48.758" endtime="20240305 15:10:48.758"/>
</kw>
<kw name="Split String" library="String">
<var>@{items}</var>
<arg>${element}</arg>
<arg>;</arg>
<doc>Splits the ``string`` using ``separator`` as a delimiter string.</doc>
<msg timestamp="20240305 15:10:48.760" level="INFO">@{items} = [ Brother printer | 1 | kpl | 65 | 24 | 15.6 | 80.6 | 1543235 | 2 ]</msg>
<status status="PASS" starttime="20240305 15:10:48.760" endtime="20240305 15:10:48.760"/>
</kw>
<kw name="Set Variable" library="BuiltIn">
<var>${rowInvoiceNumber}</var>
<arg>${items}[7]</arg>
<doc>Returns the given values which can then be assigned to a variables.</doc>
<msg timestamp="20240305 15:10:48.761" level="INFO">${rowInvoiceNumber} = 1543235</msg>
<status status="PASS" starttime="20240305 15:10:48.761" endtime="20240305 15:10:48.761"/>
</kw>
<kw name="Log" library="BuiltIn">
<arg>${rowInvoiceNumber}</arg>
<doc>Logs the given message with the given level.</doc>
<msg timestamp="20240305 15:10:48.763" level="INFO">1543235</msg>
<status status="PASS" starttime="20240305 15:10:48.761" endtime="20240305 15:10:48.763"/>
</kw>
<kw name="Log" library="BuiltIn">
<arg>${InvoiceNumber}</arg>
<doc>Logs the given message with the given level.</doc>
<msg timestamp="20240305 15:10:48.763" level="INFO">1543235</msg>
<status status="PASS" starttime="20240305 15:10:48.763" endtime="20240305 15:10:48.763"/>
</kw>
<if>
<branch type="IF" condition="'${rowInvoiceNumber}' == '${InvoiceNumber}'">
<kw name="Log" library="BuiltIn">
<arg>Add rows to the invoice</arg>
<doc>Logs the given message with the given level.</doc>
<msg timestamp="20240305 15:10:48.765" level="INFO">Add rows to the invoice</msg>
<status status="PASS" starttime="20240305 15:10:48.765" endtime="20240305 15:10:48.765"/>
</kw>
<kw name="Add Row Data to list">
<arg>${items}</arg>
<kw name="Create List" library="BuiltIn">
<var>@{AddInvoiceRowData}</var>
<doc>Returns a list containing given items.</doc>
<msg timestamp="20240305 15:10:48.766" level="INFO">@{AddInvoiceRowData} = [ ]</msg>
<status status="PASS" starttime="20240305 15:10:48.766" endtime="20240305 15:10:48.767"/>
</kw>
<kw name="Append To List" library="Collections">
<arg>${AddInvoiceRowData}</arg>
<arg>${InvoiceNumber}</arg>
<doc>Adds ``values`` to the end of ``list``.</doc>
<status status="PASS" starttime="20240305 15:10:48.767" endtime="20240305 15:10:48.767"/>
</kw>
<kw name="Append To List" library="Collections">
<arg>${AddInvoiceRowData}</arg>
<arg>${items}[8]</arg>
<doc>Adds ``values`` to the end of ``list``.</doc>
<status status="PASS" starttime="20240305 15:10:48.767" endtime="20240305 15:10:48.768"/>
</kw>
<kw name="Append To List" library="Collections">
<arg>${AddInvoiceRowData}</arg>
<arg>${items}[0]</arg>
<doc>Adds ``values`` to the end of ``list``.</doc>
<status status="PASS" starttime="20240305 15:10:48.768" endtime="20240305 15:10:48.768"/>
</kw>
<kw name="Append To List" library="Collections">
<arg>${AddInvoiceRowData}</arg>
<arg>${items}[1]</arg>
<doc>Adds ``values`` to the end of ``list``.</doc>
<status status="PASS" starttime="20240305 15:10:48.769" endtime="20240305 15:10:48.769"/>
</kw>
<kw name="Append To List" library="Collections">
<arg>${AddInvoiceRowData}</arg>
<arg>${items}[2]</arg>
<doc>Adds ``values`` to the end of ``list``.</doc>
<status status="PASS" starttime="20240305 15:10:48.769" endtime="20240305 15:10:48.770"/>
</kw>
<kw name="Append To List" library="Collections">
<arg>${AddInvoiceRowData}</arg>
<arg>${items}[3]</arg>
<doc>Adds ``values`` to the end of ``list``.</doc>
<status status="PASS" starttime="20240305 15:10:48.770" endtime="20240305 15:10:48.770"/>
</kw>
<kw name="Append To List" library="Collections">
<arg>${AddInvoiceRowData}</arg>
<arg>${items}[4]</arg>
<doc>Adds ``values`` to the end of ``list``.</doc>
<status status="PASS" starttime="20240305 15:10:48.771" endtime="20240305 15:10:48.771"/>
</kw>
<kw name="Append To List" library="Collections">
<arg>${AddInvoiceRowData}</arg>
<arg>${items}[5]</arg>
<doc>Adds ``values`` to the end of ``list``.</doc>
<status status="PASS" starttime="20240305 15:10:48.771" endtime="20240305 15:10:48.772"/>
</kw>
<kw name="Append To List" library="Collections">
<arg>${AddInvoiceRowData}</arg>
<arg>${items}[6]</arg>
<doc>Adds ``values`` to the end of ``list``.</doc>
<status status="PASS" starttime="20240305 15:10:48.772" endtime="20240305 15:10:48.772"/>
</kw>
<kw name="Append To List" library="Collections">
<arg>${ListToDB}</arg>
<arg>${AddInvoiceRowData}</arg>
<doc>Adds ``values`` to the end of ``list``.</doc>
<status status="PASS" starttime="20240305 15:10:48.773" endtime="20240305 15:10:48.773"/>
</kw>
<status status="PASS" starttime="20240305 15:10:48.765" endtime="20240305 15:10:48.773"/>
</kw>
<status status="PASS" starttime="20240305 15:10:48.764" endtime="20240305 15:10:48.774"/>
</branch>
<branch type="ELSE">
<kw name="Log" library="BuiltIn">
<arg>Need to check if database list already has rows</arg>
<doc>Logs the given message with the given level.</doc>
<status status="NOT RUN" starttime="20240305 15:10:48.774" endtime="20240305 15:10:48.774"/>
</kw>
<kw name="Get Length" library="BuiltIn">
<var>${length}</var>
<arg>${ListToDB}</arg>
<doc>Returns and logs the length of the given item as an integer.</doc>
<status status="NOT RUN" starttime="20240305 15:10:48.775" endtime="20240305 15:10:48.775"/>
</kw>
<if>
<branch type="IF" condition="${length} == ${0}">
<kw name="Log" library="BuiltIn">
<arg>First invoice case</arg>
<doc>Logs the given message with the given level.</doc>
<status status="NOT RUN" starttime="20240305 15:10:48.775" endtime="20240305 15:10:48.775"/>
</kw>
<kw name="Set Variable" library="BuiltIn">
<var>${InvoiceNumber}</var>
<arg>${rowInvoiceNumber}</arg>
<doc>Returns the given values which can then be assigned to a variables.</doc>
<status status="NOT RUN" starttime="20240305 15:10:48.775" endtime="20240305 15:10:48.776"/>
</kw>
<kw name="Set Global Variable" library="BuiltIn">
<arg>${InvoiceNumber}</arg>
<doc>Makes a variable available globally in all tests and suites.</doc>
<status status="NOT RUN" starttime="20240305 15:10:48.776" endtime="20240305 15:10:48.776"/>
</kw>
<kw name="Add Row Data to list">
<arg>${items}</arg>
<status status="NOT RUN" starttime="20240305 15:10:48.776" endtime="20240305 15:10:48.776"/>
</kw>
<status status="NOT RUN" starttime="20240305 15:10:48.775" endtime="20240305 15:10:48.776"/>
</branch>
<branch type="ELSE">
<kw name="Log" library="BuiltIn">
<arg>Invoice changes, need to also process header data</arg>
<doc>Logs the given message with the given level.</doc>
<status status="NOT RUN" starttime="20240305 15:10:48.777" endtime="20240305 15:10:48.777"/>
</kw>
<for flavor="IN">
<var>${headerElement}</var>
<value>@{headers}</value>
<iter>
<var name="${headerElement}"/>
<kw name="Split String" library="String">
<var>${headerItems}</var>
<arg>${headerElement}</arg>
<arg>;</arg>
<doc>Splits the ``string`` using ``separator`` as a delimiter string.</doc>
<status status="NOT RUN" starttime="20240305 15:10:48.777" endtime="20240305 15:10:48.779"/>
</kw>
<if>
<branch type="IF" condition="'${headerItems}[0]' == '${InvoiceNumber}'">
<kw name="Log" library="BuiltIn">
<arg>Invoice found</arg>
<doc>Logs the given message with the given level.</doc>
<status status="NOT RUN" starttime="20240305 15:10:48.779" endtime="20240305 15:10:48.779"/>
</kw>
<kw name="Add Invoice Header to DB">
<arg>${headerItems}</arg>
<arg>${ListToDB}</arg>
<status status="NOT RUN" starttime="20240305 15:10:48.779" endtime="20240305 15:10:48.780"/>
</kw>
<for flavor="IN">
<var>${rowElement}</var>
<value>@{ListToDB}</value>
<iter>
<var name="${rowElement}"/>
<kw name="Add Invoice Row To DB">
<arg>${rowElement}</arg>
<status status="NOT RUN" starttime="20240305 15:10:48.781" endtime="20240305 15:10:48.781"/>
</kw>
<status status="NOT RUN" starttime="20240305 15:10:48.780" endtime="20240305 15:10:48.781"/>
</iter>
<status status="NOT RUN" starttime="20240305 15:10:48.780" endtime="20240305 15:10:48.781"/>
</for>
<status status="NOT RUN" starttime="20240305 15:10:48.779" endtime="20240305 15:10:48.782"/>
</branch>
<status status="NOT RUN" starttime="20240305 15:10:48.779" endtime="20240305 15:10:48.782"/>
</if>
<status status="NOT RUN" starttime="20240305 15:10:48.777" endtime="20240305 15:10:48.782"/>
</iter>
<status status="NOT RUN" starttime="20240305 15:10:48.777" endtime="20240305 15:10:48.782"/>
</for>
<kw name="Create List" library="BuiltIn">
<var>@{ListToDB}</var>
<doc>Returns a list containing given items.</doc>
<status status="NOT RUN" starttime="20240305 15:10:48.783" endtime="20240305 15:10:48.783"/>
</kw>
<kw name="Set Global Variable" library="BuiltIn">
<arg>${ListToDB}</arg>
<doc>Makes a variable available globally in all tests and suites.</doc>
<status status="NOT RUN" starttime="20240305 15:10:48.783" endtime="20240305 15:10:48.783"/>
</kw>
<kw name="Set Variable" library="BuiltIn">
<var>${InvoiceNumber}</var>
<arg>${rowInvoiceNumber}</arg>
<doc>Returns the given values which can then be assigned to a variables.</doc>
<status status="NOT RUN" starttime="20240305 15:10:48.784" endtime="20240305 15:10:48.784"/>
</kw>
<kw name="Set Global Variable" library="BuiltIn">
<arg>${InvoiceNumber}</arg>
<doc>Makes a variable available globally in all tests and suites.</doc>
<status status="NOT RUN" starttime="20240305 15:10:48.784" endtime="20240305 15:10:48.784"/>
</kw>
<kw name="Add Row Data to list">
<arg>${items}</arg>
<status status="NOT RUN" starttime="20240305 15:10:48.784" endtime="20240305 15:10:48.785"/>
</kw>
<status status="NOT RUN" starttime="20240305 15:10:48.777" endtime="20240305 15:10:48.785"/>
</branch>
<status status="NOT RUN" starttime="20240305 15:10:48.775" endtime="20240305 15:10:48.785"/>
</if>
<status status="NOT RUN" starttime="20240305 15:10:48.774" endtime="20240305 15:10:48.785"/>
</branch>
<status status="PASS" starttime="20240305 15:10:48.764" endtime="20240305 15:10:48.785"/>
</if>
<status status="PASS" starttime="20240305 15:10:48.757" endtime="20240305 15:10:48.785"/>
</iter>
<iter>
<var name="${element}">Installation Services;5;h;60;24;72;372;153143;1</var>
<kw name="Log" library="BuiltIn">
<arg>${element}</arg>
<doc>Logs the given message with the given level.</doc>
<msg timestamp="20240305 15:10:48.786" level="INFO">Installation Services;5;h;60;24;72;372;153143;1</msg>
<status status="PASS" starttime="20240305 15:10:48.786" endtime="20240305 15:10:48.786"/>
</kw>
<kw name="Split String" library="String">
<var>@{items}</var>
<arg>${element}</arg>
<arg>;</arg>
<doc>Splits the ``string`` using ``separator`` as a delimiter string.</doc>
<msg timestamp="20240305 15:10:48.787" level="INFO">@{items} = [ Installation Services | 5 | h | 60 | 24 | 72 | 372 | 153143 | 1 ]</msg>
<status status="PASS" starttime="20240305 15:10:48.787" endtime="20240305 15:10:48.787"/>
</kw>
<kw name="Set Variable" library="BuiltIn">
<var>${rowInvoiceNumber}</var>
<arg>${items}[7]</arg>
<doc>Returns the given values which can then be assigned to a variables.</doc>
<msg timestamp="20240305 15:10:48.788" level="INFO">${rowInvoiceNumber} = 153143</msg>
<status status="PASS" starttime="20240305 15:10:48.787" endtime="20240305 15:10:48.788"/>
</kw>
<kw name="Log" library="BuiltIn">
<arg>${rowInvoiceNumber}</arg>
<doc>Logs the given message with the given level.</doc>
<msg timestamp="20240305 15:10:48.788" level="INFO">153143</msg>
<status status="PASS" starttime="20240305 15:10:48.788" endtime="20240305 15:10:48.788"/>
</kw>
<kw name="Log" library="BuiltIn">
<arg>${InvoiceNumber}</arg>
<doc>Logs the given message with the given level.</doc>
<msg timestamp="20240305 15:10:48.789" level="INFO">1543235</msg>
<status status="PASS" starttime="20240305 15:10:48.788" endtime="20240305 15:10:48.789"/>
</kw>
<if>
<branch type="IF" condition="'${rowInvoiceNumber}' == '${InvoiceNumber}'">
<kw name="Log" library="BuiltIn">
<arg>Add rows to the invoice</arg>
<doc>Logs the given message with the given level.</doc>
<status status="NOT RUN" starttime="20240305 15:10:48.789" endtime="20240305 15:10:48.789"/>
</kw>
<kw name="Add Row Data to list">
<arg>${items}</arg>
<status status="NOT RUN" starttime="20240305 15:10:48.790" endtime="20240305 15:10:48.790"/>
</kw>
<status status="NOT RUN" starttime="20240305 15:10:48.789" endtime="20240305 15:10:48.790"/>
</branch>
<branch type="ELSE">
<kw name="Log" library="BuiltIn">
<arg>Need to check if database list already has rows</arg>
<doc>Logs the given message with the given level.</doc>
<msg timestamp="20240305 15:10:48.790" level="INFO">Need to check if database list already has rows</msg>
<status status="PASS" starttime="20240305 15:10:48.790" endtime="20240305 15:10:48.790"/>
</kw>
<kw name="Get Length" library="BuiltIn">
<var>${length}</var>
<arg>${ListToDB}</arg>
<doc>Returns and logs the length of the given item as an integer.</doc>
<msg timestamp="20240305 15:10:48.792" level="INFO">Length is 2</msg>
<msg timestamp="20240305 15:10:48.792" level="INFO">${length} = 2</msg>
<status status="PASS" starttime="20240305 15:10:48.790" endtime="20240305 15:10:48.792"/>
</kw>
<if>
<branch type="IF" condition="${length} == ${0}">
<kw name="Log" library="BuiltIn">
<arg>First invoice case</arg>
<doc>Logs the given message with the given level.</doc>
<status status="NOT RUN" starttime="20240305 15:10:48.792" endtime="20240305 15:10:48.793"/>
</kw>
<kw name="Set Variable" library="BuiltIn">
<var>${InvoiceNumber}</var>
<arg>${rowInvoiceNumber}</arg>
<doc>Returns the given values which can then be assigned to a variables.</doc>
<status status="NOT RUN" starttime="20240305 15:10:48.793" endtime="20240305 15:10:48.793"/>
</kw>
<kw name="Set Global Variable" library="BuiltIn">
<arg>${InvoiceNumber}</arg>
<doc>Makes a variable available globally in all tests and suites.</doc>
<status status="NOT RUN" starttime="20240305 15:10:48.793" endtime="20240305 15:10:48.793"/>
</kw>
<kw name="Add Row Data to list">
<arg>${items}</arg>
<status status="NOT RUN" starttime="20240305 15:10:48.793" endtime="20240305 15:10:48.793"/>
</kw>
<status status="NOT RUN" starttime="20240305 15:10:48.792" endtime="20240305 15:10:48.793"/>
</branch>
<branch type="ELSE">
<kw name="Log" library="BuiltIn">
<arg>Invoice changes, need to also process header data</arg>
<doc>Logs the given message with the given level.</doc>
<msg timestamp="20240305 15:10:48.794" level="INFO">Invoice changes, need to also process header data</msg>
<status status="PASS" starttime="20240305 15:10:48.794" endtime="20240305 15:10:48.794"/>
</kw>
<for flavor="IN">
<var>${headerElement}</var>
<value>@{headers}</value>
<iter>
<var name="${headerElement}">143143;Service Provider Oy;1431432;15.12.2022;07.04.2021;1234567-8;FI12 3456 7890 1234 56;1350;324;1674</var>
<kw name="Split String" library="String">
<var>${headerItems}</var>
<arg>${headerElement}</arg>
<arg>;</arg>
<doc>Splits the ``string`` using ``separator`` as a delimiter string.</doc>
<msg timestamp="20240305 15:10:48.795" level="INFO">${headerItems} = ['143143', 'Service Provider Oy', '1431432', '15.12.2022', '07.04.2021', '1234567-8', 'FI12 3456 7890 1234 56', '1350', '324', '1674']</msg>
<status status="PASS" starttime="20240305 15:10:48.794" endtime="20240305 15:10:48.795"/>
</kw>
<if>
<branch type="IF" condition="'${headerItems}[0]' == '${InvoiceNumber}'">
<kw name="Log" library="BuiltIn">
<arg>Invoice found</arg>
<doc>Logs the given message with the given level.</doc>
<status status="NOT RUN" starttime="20240305 15:10:48.797" endtime="20240305 15:10:48.797"/>
</kw>
<kw name="Add Invoice Header to DB">
<arg>${headerItems}</arg>
<arg>${ListToDB}</arg>
<status status="NOT RUN" starttime="20240305 15:10:48.797" endtime="20240305 15:10:48.797"/>
</kw>
<for flavor="IN">
<var>${rowElement}</var>
<value>@{ListToDB}</value>
<iter>
<var name="${rowElement}"/>
<kw name="Add Invoice Row To DB">
<arg>${rowElement}</arg>
[...]
</if>
<kw name="Check Amounts From Invoice">
<var>${sumStatus}</var>
<arg>${items}[9]</arg>
<arg>${rows}</arg>
<kw name="Set Variable" library="BuiltIn">
<var>${status}</var>
<arg>${False}</arg>
<doc>Returns the given values which can then be assigned to a variables.</doc>
<msg timestamp="20240305 15:10:48.971" level="INFO">${status} = False</msg>
<status status="PASS" starttime="20240305 15:10:48.971" endtime="20240305 15:10:48.971"/>
</kw>
<kw name="Evaluate" library="BuiltIn">
<var>${totalAmountFromRows}</var>
<arg>0</arg>
<doc>Evaluates the given expression in Python and returns the result.</doc>
<msg timestamp="20240305 15:10:48.972" level="INFO">${totalAmountFromRows} = 0</msg>
<status status="PASS" starttime="20240305 15:10:48.971" endtime="20240305 15:10:48.972"/>
</kw>
<for flavor="IN">
<var>${element}</var>
<value>@{invoiceRows}</value>
<iter>
<var name="${element}">['153143', '1', 'Installation Services', '5', 'h', '60', '24', '72', '372']</var>
<kw name="Evaluate" library="BuiltIn">
<var>${totalAmountFromRows}</var>
<arg>${totalAmountFromRows}+${element}[8]</arg>
<doc>Evaluates the given expression in Python and returns the result.</doc>
<msg timestamp="20240305 15:10:48.973" level="INFO">${totalAmountFromRows} = 372</msg>
<status status="PASS" starttime="20240305 15:10:48.973" endtime="20240305 15:10:48.974"/>
</kw>
<status status="PASS" starttime="20240305 15:10:48.973" endtime="20240305 15:10:48.974"/>
</iter>
<iter>
<var name="${element}">['153143', '2', 'Replacement Products', '10', 'kpl', '105', '24', '252', '1302']</var>
<kw name="Evaluate" library="BuiltIn">
<var>${totalAmountFromRows}</var>
<arg>${totalAmountFromRows}+${element}[8]</arg>
<doc>Evaluates the given expression in Python and returns the result.</doc>
<msg timestamp="20240305 15:10:48.975" level="INFO">${totalAmountFromRows} = 1674</msg>
<status status="PASS" starttime="20240305 15:10:48.974" endtime="20240305 15:10:48.975"/>
</kw>
<status status="PASS" starttime="20240305 15:10:48.974" endtime="20240305 15:10:48.975"/>
</iter>
<iter>
<var name="${element}">['153143', '3', 'Cleaning Services', '5', 'h', '60', '24', '72', '372']</var>
<kw name="Evaluate" library="BuiltIn">
<var>${totalAmountFromRows}</var>
<arg>${totalAmountFromRows}+${element}[8]</arg>
<doc>Evaluates the given expression in Python and returns the result.</doc>
<msg timestamp="20240305 15:10:48.976" level="INFO">${totalAmountFromRows} = 2046</msg>
<status status="PASS" starttime="20240305 15:10:48.976" endtime="20240305 15:10:48.976"/>
</kw>
<status status="PASS" starttime="20240305 15:10:48.975" endtime="20240305 15:10:48.976"/>
</iter>
<iter>
<var name="${element}">['153143', '4', 'Cleaning Wipes', '10', 'kpl', '105', '24', '252', '1302']</var>
<kw name="Evaluate" library="BuiltIn">
<var>${totalAmountFromRows}</var>
<arg>${totalAmountFromRows}+${element}[8]</arg>
<doc>Evaluates the given expression in Python and returns the result.</doc>
<msg timestamp="20240305 15:10:48.977" level="INFO">${totalAmountFromRows} = 3348</msg>
<status status="PASS" starttime="20240305 15:10:48.977" endtime="20240305 15:10:48.977"/>
</kw>
<status status="PASS" starttime="20240305 15:10:48.976" endtime="20240305 15:10:48.977"/>
</iter>
<status status="PASS" starttime="20240305 15:10:48.973" endtime="20240305 15:10:48.977"/>
</for>
<kw name="Convert To Number" library="BuiltIn">
<var>${diff}</var>
<arg>0.01</arg>
<doc>Converts the given item to a floating point number.</doc>
<msg timestamp="20240305 15:10:48.978" level="INFO">${diff} = 0.01</msg>
<status status="PASS" starttime="20240305 15:10:48.978" endtime="20240305 15:10:48.978"/>
</kw>
<kw name="Convert To Number" library="BuiltIn">
<var>${totalSumFromHeader}</var>
<arg>${totalSumFromHeader}</arg>
<doc>Converts the given item to a floating point number.</doc>
<msg timestamp="20240305 15:10:48.979" level="INFO">${totalSumFromHeader} = 3348.0</msg>
<status status="PASS" starttime="20240305 15:10:48.978" endtime="20240305 15:10:48.979"/>
</kw>
<kw name="Convert To Number" library="BuiltIn">
<var>${totalAmountFromRows}</var>
<arg>${totalAmountFromRows}</arg>
<doc>Converts the given item to a floating point number.</doc>
<msg timestamp="20240305 15:10:48.979" level="INFO">${totalAmountFromRows} = 3348.0</msg>
<status status="PASS" starttime="20240305 15:10:48.979" endtime="20240305 15:10:48.979"/>
</kw>
<kw name="Is Equal" library="validation">
<var>${status}</var>
<arg>${totalSumFromHeader}</arg>
<arg>${totalAmountFromRows}</arg>
<arg>${diff}</arg>
<msg timestamp="20240305 15:10:48.979" level="INFO">${status} = True</msg>
<status status="PASS" starttime="20240305 15:10:48.979" endtime="20240305 15:10:48.979"/>
</kw>
<return>
<value>${status}</value>
<status status="PASS" starttime="20240305 15:10:48.979" endtime="20240305 15:10:48.980"/>
</return>
<msg timestamp="20240305 15:10:48.980" level="INFO">${sumStatus} = True</msg>
<status status="PASS" starttime="20240305 15:10:48.970" endtime="20240305 15:10:48.980"/>
</kw>
<if>
<branch type="IF" condition="not ${sumStatus}">
<kw name="Set Variable" library="BuiltIn">
<var>${InvoiceStatus}</var>
<arg>3</arg>
<doc>Returns the given values which can then be assigned to a variables.</doc>
<status status="NOT RUN" starttime="20240305 15:10:48.980" endtime="20240305 15:10:48.981"/>
</kw>
<kw name="Set Variable" library="BuiltIn">
<var>${InvoiceComment}</var>
<arg>Amount difference</arg>
<doc>Returns the given values which can then be assigned to a variables.</doc>
<status status="NOT RUN" starttime="20240305 15:10:48.981" endtime="20240305 15:10:48.981"/>
</kw>
<status status="NOT RUN" starttime="20240305 15:10:48.980" endtime="20240305 15:10:48.981"/>
</branch>
<status status="PASS" starttime="20240305 15:10:48.980" endtime="20240305 15:10:48.982"/>
</if>
<kw name="Set Variable" library="BuiltIn">
<var>${foreignKeyChecks0}</var>
<arg>SET FOREIGN_KEY_CHECKS=0;</arg>
<doc>Returns the given values which can then be assigned to a variables.</doc>
<msg timestamp="20240305 15:10:48.982" level="INFO">${foreignKeyChecks0} = SET FOREIGN_KEY_CHECKS=0;</msg>
<status status="PASS" starttime="20240305 15:10:48.982" endtime="20240305 15:10:48.982"/>
</kw>
<kw name="Set Variable" library="BuiltIn">
<var>${insertStmt}</var>
<arg>insert into invoiceheader (invoicenumber, companyname, companycode, referencenumber, invoicedate, duedate, bankaccountnumber, amountexclvat, vat, totalamount, invoicestatus_id, comments) values ('${items}[0]', '${items}[1]', '${items}[5]', '${items}[2]', '${invoiceDate}', '${dueDate}', '${items}[6]', '${items}[7]', '${items}[8]', '${items}[9]', '${InvoiceStatus}', '${InvoiceComment}');</arg>
<doc>Returns the given values which can then be assigned to a variables.</doc>
<msg timestamp="20240305 15:10:48.983" level="INFO">${insertStmt} = insert into invoiceheader (invoicenumber, companyname, companycode, referencenumber, invoicedate, duedate, bankaccountnumber, amountexclvat, vat, totalamount, invoicestatus_id, comments) values ('1531...</msg>
<status status="PASS" starttime="20240305 15:10:48.982" endtime="20240305 15:10:48.983"/>
</kw>
<kw name="Execute Sql String" library="DatabaseLibrary">
<arg>${foreignKeyChecks0}</arg>
<doc>Executes the sqlString as SQL commands. Useful to pass arguments to your sql. Set optional input `sansTran` to
True to run command without an explicit transaction commit or rollback.</doc>
<msg timestamp="20240305 15:10:48.984" level="INFO">Executing : Execute SQL String  |  SET FOREIGN_KEY_CHECKS=0; </msg>
<status status="PASS" starttime="20240305 15:10:48.983" endtime="20240305 15:10:48.985"/>
</kw>
<kw name="Execute Sql String" library="DatabaseLibrary">
<arg>${insertStmt}</arg>
<doc>Executes the sqlString as SQL commands. Useful to pass arguments to your sql. Set optional input `sansTran` to
True to run command without an explicit transaction commit or rollback.</doc>
<msg timestamp="20240305 15:10:48.985" level="INFO">Executing : Execute SQL String  |  insert into invoiceheader (invoicenumber, companyname, companycode, referencenumber, invoicedate, duedate, bankaccountnumber, amountexclvat, vat, totalamount, invoicestatus_id, comments) values ('153143', 'Service Provider Oy', '1234567-8', '1531439', '2022-12-15', '2021-04-01', 'FI12 3456 7890 1234 56', '2700', '648', '3348', '0', 'All OK'); </msg>
<status status="PASS" starttime="20240305 15:10:48.985" endtime="20240305 15:10:48.990"/>
</kw>
<status status="PASS" starttime="20240305 15:10:48.954" endtime="20240305 15:10:48.990"/>
</kw>
<for flavor="IN">
<var>${rowElement}</var>
<value>@{ListToDB}</value>
<iter>
<var name="${rowElement}">['153143', '1', 'Installation Services', '5', 'h', '60', '24', '72', '372']</var>
<kw name="Add Invoice Row To DB">
<arg>${rowElement}</arg>
<kw name="Make Connection">
<arg>${dbname}</arg>
<kw name="Connect To Database" library="DatabaseLibrary">
<arg>pymysql</arg>
<arg>${dbtoconnect}</arg>
<arg>${dbuser}</arg>
<arg>${dbpass}</arg>
<arg>${dbhost}</arg>
<arg>${dbport}</arg>
<doc>Loads the DB API 2.0 module given `dbapiModuleName` then uses it to
connect to the database using `dbName`, `dbUsername`, and `dbPassword`.</doc>
<msg timestamp="20240305 15:10:48.993" level="INFO">Connecting using : pymysql.connect(db=rpa, user=robotuser, passwd=***, host=localhost, port=3306, charset=None) </msg>
<status status="PASS" starttime="20240305 15:10:48.992" endtime="20240305 15:10:48.996"/>
</kw>
<status status="PASS" starttime="20240305 15:10:48.992" endtime="20240305 15:10:48.997"/>
</kw>
<kw name="Set Variable" library="BuiltIn">
<var>${insertStmt}</var>
<arg>insert into invoicerow (invoicenumber, rownumber, description, quantity, unit, unitprice, vatpercent, vat, total) values ('${items}[0]', '${items}[1]', '${items}[2]', '${items}[3]', '${items}[4]', '${items}[5]', '${items}[6]', '${items}[7]', '${items}[8]');</arg>
<doc>Returns the given values which can then be assigned to a variables.</doc>
<msg timestamp="20240305 15:10:48.997" level="INFO">${insertStmt} = insert into invoicerow (invoicenumber, rownumber, description, quantity, unit, unitprice, vatpercent, vat, total) values ('153143', '1', 'Installation Services', '5', 'h', '60', '24', '72', '372');</msg>
<status status="PASS" starttime="20240305 15:10:48.997" endtime="20240305 15:10:48.999"/>
</kw>
<kw name="Execute Sql String" library="DatabaseLibrary">
<arg>${insertStmt}</arg>
<doc>Executes the sqlString as SQL commands. Useful to pass arguments to your sql. Set optional input `sansTran` to
True to run command without an explicit transaction commit or rollback.</doc>
<msg timestamp="20240305 15:10:48.999" level="INFO">Executing : Execute SQL String  |  insert into invoicerow (invoicenumber, rownumber, description, quantity, unit, unitprice, vatpercent, vat, total) values ('153143', '1', 'Installation Services', '5', 'h', '60', '24', '72', '372'); </msg>
<status status="PASS" starttime="20240305 15:10:48.999" endtime="20240305 15:10:49.001"/>
</kw>
<status status="PASS" starttime="20240305 15:10:48.991" endtime="20240305 15:10:49.001"/>
</kw>
<status status="PASS" starttime="20240305 15:10:48.991" endtime="20240305 15:10:49.001"/>
</iter>
<iter>
<var name="${rowElement}">['153143', '2', 'Replacement Products', '10', 'kpl', '105', '24', '252', '1302']</var>
<kw name="Add Invoice Row To DB">
<arg>${rowElement}</arg>
<kw name="Make Connection">
<arg>${dbname}</arg>
<kw name="Connect To Database" library="DatabaseLibrary">
<arg>pymysql</arg>
<arg>${dbtoconnect}</arg>
<arg>${dbuser}</arg>
<arg>${dbpass}</arg>
<arg>${dbhost}</arg>
<arg>${dbport}</arg>
<doc>Loads the DB API 2.0 module given `dbapiModuleName` then uses it to
connect to the database using `dbName`, `dbUsername`, and `dbPassword`.</doc>
<msg timestamp="20240305 15:10:49.004" level="INFO">Connecting using : pymysql.connect(db=rpa, user=robotuser, passwd=***, host=localhost, port=3306, charset=None) </msg>
<status status="PASS" starttime="20240305 15:10:49.003" endtime="20240305 15:10:49.006"/>
</kw>
<status status="PASS" starttime="20240305 15:10:49.003" endtime="20240305 15:10:49.007"/>
</kw>
<kw name="Set Variable" library="BuiltIn">
<var>${insertStmt}</var>
<arg>insert into invoicerow (invoicenumber, rownumber, description, quantity, unit, unitprice, vatpercent, vat, total) values ('${items}[0]', '${items}[1]', '${items}[2]', '${items}[3]', '${items}[4]', '${items}[5]', '${items}[6]', '${items}[7]', '${items}[8]');</arg>
<doc>Returns the given values which can then be assigned to a variables.</doc>
<msg timestamp="20240305 15:10:49.007" level="INFO">${insertStmt} = insert into invoicerow (invoicenumber, rownumber, description, quantity, unit, unitprice, vatpercent, vat, total) values ('153143', '2', 'Replacement Products', '10', 'kpl', '105', '24', '252', '1302'...</msg>
<status status="PASS" starttime="20240305 15:10:49.007" endtime="20240305 15:10:49.008"/>
</kw>
<kw name="Execute Sql String" library="DatabaseLibrary">
<arg>${insertStmt}</arg>
<doc>Executes the sqlString as SQL commands. Useful to pass arguments to your sql. Set optional input `sansTran` to
True to run command without an explicit transaction commit or rollback.</doc>
<msg timestamp="20240305 15:10:49.008" level="INFO">Executing : Execute SQL String  |  insert into invoicerow (invoicenumber, rownumber, description, quantity, unit, unitprice, vatpercent, vat, total) values ('153143', '2', 'Replacement Products', '10', 'kpl', '105', '24', '252', '1302'); </msg>
<status status="PASS" starttime="20240305 15:10:49.008" endtime="20240305 15:10:49.010"/>
</kw>
<status status="PASS" starttime="20240305 15:10:49.003" endtime="20240305 15:10:49.011"/>
</kw>
<status status="PASS" starttime="20240305 15:10:49.001" endtime="20240305 15:10:49.011"/>
</iter>
<iter>
<var name="${rowElement}">['153143', '3', 'Cleaning Services', '5', 'h', '60', '24', '72', '372']</var>
<kw name="Add Invoice Row To DB">
<arg>${rowElement}</arg>
<kw name="Make Connection">
<arg>${dbname}</arg>
<kw name="Connect To Database" library="DatabaseLibrary">
<arg>pymysql</arg>
<arg>${dbtoconnect}</arg>
<arg>${dbuser}</arg>
<arg>${dbpass}</arg>
<arg>${dbhost}</arg>
<arg>${dbport}</arg>
<doc>Loads the DB API 2.0 module given `dbapiModuleName` then uses it to
connect to the database using `dbName`, `dbUsername`, and `dbPassword`.</doc>
<msg timestamp="20240305 15:10:49.013" level="INFO">Connecting using : pymysql.connect(db=rpa, user=robotuser, passwd=***, host=localhost, port=3306, charset=None) </msg>
<status status="PASS" starttime="20240305 15:10:49.012" endtime="20240305 15:10:49.015"/>
</kw>
<status status="PASS" starttime="20240305 15:10:49.012" endtime="20240305 15:10:49.015"/>
</kw>
<kw name="Set Variable" library="BuiltIn">
<var>${insertStmt}</var>
<arg>insert into invoicerow (invoicenumber, rownumber, description, quantity, unit, unitprice, vatpercent, vat, total) values ('${items}[0]', '${items}[1]', '${items}[2]', '${items}[3]', '${items}[4]', '${items}[5]', '${items}[6]', '${items}[7]', '${items}[8]');</arg>
<doc>Returns the given values which can then be assigned to a variables.</doc>
<msg timestamp="20240305 15:10:49.016" level="INFO">${insertStmt} = insert into invoicerow (invoicenumber, rownumber, description, quantity, unit, unitprice, vatpercent, vat, total) values ('153143', '3', 'Cleaning Services', '5', 'h', '60', '24', '72', '372');</msg>
<status status="PASS" starttime="20240305 15:10:49.016" endtime="20240305 15:10:49.016"/>
</kw>
<kw name="Execute Sql String" library="DatabaseLibrary">
<arg>${insertStmt}</arg>
<doc>Executes the sqlString as SQL commands. Useful to pass arguments to your sql. Set optional input `sansTran` to
True to run command without an explicit transaction commit or rollback.</doc>
<msg timestamp="20240305 15:10:49.017" level="INFO">Executing : Execute SQL String  |  insert into invoicerow (invoicenumber, rownumber, description, quantity, unit, unitprice, vatpercent, vat, total) values ('153143', '3', 'Cleaning Services', '5', 'h', '60', '24', '72', '372'); </msg>
<status status="PASS" starttime="20240305 15:10:49.017" endtime="20240305 15:10:49.019"/>
</kw>
<status status="PASS" starttime="20240305 15:10:49.011" endtime="20240305 15:10:49.019"/>
</kw>
<status status="PASS" starttime="20240305 15:10:49.011" endtime="20240305 15:10:49.020"/>
</iter>
<iter>
<var name="${rowElement}">['153143', '4', 'Cleaning Wipes', '10', 'kpl', '105', '24', '252', '1302']</var>
<kw name="Add Invoice Row To DB">
<arg>${rowElement}</arg>
<kw name="Make Connection">
<arg>${dbname}</arg>
<kw name="Connect To Database" library="DatabaseLibrary">
<arg>pymysql</arg>
<arg>${dbtoconnect}</arg>
<arg>${dbuser}</arg>
<arg>${dbpass}</arg>
<arg>${dbhost}</arg>
<arg>${dbport}</arg>
<doc>Loads the DB API 2.0 module given `dbapiModuleName` then uses it to
connect to the database using `dbName`, `dbUsername`, and `dbPassword`.</doc>
<msg timestamp="20240305 15:10:49.021" level="INFO">Connecting using : pymysql.connect(db=rpa, user=robotuser, passwd=***, host=localhost, port=3306, charset=None) </msg>
<status status="PASS" starttime="20240305 15:10:49.021" endtime="20240305 15:10:49.024"/>
</kw>
<status status="PASS" starttime="20240305 15:10:49.020" endtime="20240305 15:10:49.024"/>
</kw>
<kw name="Set Variable" library="BuiltIn">
<var>${insertStmt}</var>
<arg>insert into invoicerow (invoicenumber, rownumber, description, quantity, unit, unitprice, vatpercent, vat, total) values ('${items}[0]', '${items}[1]', '${items}[2]', '${items}[3]', '${items}[4]', '${items}[5]', '${items}[6]', '${items}[7]', '${items}[8]');</arg>
<doc>Returns the given values which can then be assigned to a variables.</doc>
<msg timestamp="20240305 15:10:49.025" level="INFO">${insertStmt} = insert into invoicerow (invoicenumber, rownumber, description, quantity, unit, unitprice, vatpercent, vat, total) values ('153143', '4', 'Cleaning Wipes', '10', 'kpl', '105', '24', '252', '1302');</msg>
<status status="PASS" starttime="20240305 15:10:49.024" endtime="20240305 15:10:49.025"/>
</kw>
<kw name="Execute Sql String" library="DatabaseLibrary">
<arg>${insertStmt}</arg>
<doc>Executes the sqlString as SQL commands. Useful to pass arguments to your sql. Set optional input `sansTran` to
True to run command without an explicit transaction commit or rollback.</doc>
<msg timestamp="20240305 15:10:49.025" level="INFO">Executing : Execute SQL String  |  insert into invoicerow (invoicenumber, rownumber, description, quantity, unit, unitprice, vatpercent, vat, total) values ('153143', '4', 'Cleaning Wipes', '10', 'kpl', '105', '24', '252', '1302'); </msg>
<status status="PASS" starttime="20240305 15:10:49.025" endtime="20240305 15:10:49.029"/>
</kw>
<status status="PASS" starttime="20240305 15:10:49.020" endtime="20240305 15:10:49.029"/>
</kw>
<status status="PASS" starttime="20240305 15:10:49.020" endtime="20240305 15:10:49.029"/>
</iter>
<status status="PASS" starttime="20240305 15:10:48.990" endtime="20240305 15:10:49.029"/>
</for>
<status status="PASS" starttime="20240305 15:10:48.936" endtime="20240305 15:10:49.029"/>
</branch>
<status status="PASS" starttime="20240305 15:10:48.936" endtime="20240305 15:10:49.030"/>
</if>
<status status="PASS" starttime="20240305 15:10:48.935" endtime="20240305 15:10:49.030"/>
</iter>
<status status="PASS" starttime="20240305 15:10:48.929" endtime="20240305 15:10:49.030"/>
</for>
<status status="PASS" starttime="20240305 15:10:48.928" endtime="20240305 15:10:49.030"/>
</branch>
<status status="PASS" starttime="20240305 15:10:48.928" endtime="20240305 15:10:49.030"/>
</if>
<status status="PASS" starttime="20240305 15:10:48.446" endtime="20240305 15:10:49.031"/>
</test>
<status status="PASS" starttime="20240305 15:10:48.332" endtime="20240305 15:10:49.032"/>
</suite>
<statistics>
<total>
<stat pass="2" fail="0" skip="0">All Tests</stat>
</total>
<tag>
</tag>
<suite>
<stat pass="2" fail="0" skip="0" id="s1" name="Rf Project">Rf Project</stat>
</suite>
</statistics>
<errors>
</errors>
</robot>
